#
# There is insufficient memory for the Java Runtime Environment to continue.
# Native memory allocation (mmap) failed to map 120586240 bytes for committing reserved memory.
# Possible reasons:
#   The system is out of physical RAM or swap space
#   In 32 bit mode, the process size limit was hit
# Possible solutions:
#   Reduce memory load on the system
#   Increase physical memory or swap space
#   Check if swap backing store is full
#   Use 64 bit Java on a 64 bit OS
#   Decrease Java heap size (-Xmx/-Xms)
#   Decrease number of Java threads
#   Decrease Java thread stack sizes (-Xss)
#   Set larger code cache with -XX:ReservedCodeCacheSize=
# This output file may be truncated or incomplete.
#
#  Out of Memory Error (os_linux.cpp:2640), pid=9930, tid=0x00007ff9e8efe700
#
# JRE version: OpenJDK Runtime Environment (8.0_172-b11) (build 1.8.0_172-b11)
# Java VM: OpenJDK 64-Bit Server VM (25.172-b11 mixed mode linux-amd64 compressed oops)
# Core dump written. Default location: /home/a4l4e4x4/TFE_ISFCE/git/SoundStudio/core or core.9930
#

---------------  T H R E A D  ---------------

Current thread (0x00007ff9f807e800):  VMThread [stack: 0x00007ff9e8dff000,0x00007ff9e8eff000] [id=9942]

Stack: [0x00007ff9e8dff000,0x00007ff9e8eff000],  sp=0x00007ff9e8efd480,  free space=1017k
Native frames: (J=compiled Java code, j=interpreted, Vv=VM code, C=native code)
V  [libjvm.so+0xaabd72]
V  [libjvm.so+0x4da747]
V  [libjvm.so+0x8e77a0]
V  [libjvm.so+0x8e1d4e]
V  [libjvm.so+0x962366]
V  [libjvm.so+0x9636d8]
V  [libjvm.so+0x95fcd6]
V  [libjvm.so+0x96006c]
V  [libjvm.so+0x90e958]
V  [libjvm.so+0xaada22]
V  [libjvm.so+0xab2ba6]
V  [libjvm.so+0xab02f1]
V  [libjvm.so+0xab1793]
V  [libjvm.so+0xab1b77]
V  [libjvm.so+0x8e4c12]

VM_Operation (0x00007ff9b24c1f20): ParallelGCFailedAllocation, mode: safepoint, requested by thread 0x00007ff994877000


---------------  P R O C E S S  ---------------

Java Threads: ( => current thread )
  0x00007ff9f8011000 JavaThread "DestroyJavaVM" [_thread_blocked, id=9937, stack(0x00007ffa0159b000,0x00007ffa0169b000)]
  0x00007ff9948ce800 JavaThread "http-nio-8080-AsyncTimeout" daemon [_thread_blocked, id=9987, stack(0x00007ff9b0ab2000,0x00007ff9b0bb3000)]
  0x00007ff9948cc800 JavaThread "http-nio-8080-Acceptor-0" daemon [_thread_in_native, id=9986, stack(0x00007ff9b0bb3000,0x00007ff9b0cb4000)]
  0x00007ff9948ca800 JavaThread "http-nio-8080-ClientPoller-1" daemon [_thread_in_native, id=9985, stack(0x00007ff9b0cb4000,0x00007ff9b0db5000)]
  0x00007ff9948bc000 JavaThread "http-nio-8080-ClientPoller-0" daemon [_thread_in_native, id=9984, stack(0x00007ff9b0db5000,0x00007ff9b0eb6000)]
  0x00007ff9948aa000 JavaThread "http-nio-8080-exec-10" daemon [_thread_blocked, id=9983, stack(0x00007ff9b0eb6000,0x00007ff9b0fb7000)]
  0x00007ff9948a8000 JavaThread "http-nio-8080-exec-9" daemon [_thread_blocked, id=9982, stack(0x00007ff9b0fb7000,0x00007ff9b10b8000)]
  0x00007ff9948a6800 JavaThread "http-nio-8080-exec-8" daemon [_thread_blocked, id=9981, stack(0x00007ff9b10b8000,0x00007ff9b11b9000)]
  0x00007ff9948a4800 JavaThread "http-nio-8080-exec-7" daemon [_thread_blocked, id=9980, stack(0x00007ff9b11b9000,0x00007ff9b12ba000)]
  0x00007ff9948a2800 JavaThread "http-nio-8080-exec-6" daemon [_thread_blocked, id=9979, stack(0x00007ff9b12ba000,0x00007ff9b13bb000)]
  0x00007ff9948a0800 JavaThread "http-nio-8080-exec-5" daemon [_thread_blocked, id=9978, stack(0x00007ff9b13bb000,0x00007ff9b14bc000)]
  0x00007ff99489e800 JavaThread "http-nio-8080-exec-4" daemon [_thread_blocked, id=9977, stack(0x00007ff9b14bc000,0x00007ff9b15bd000)]
  0x00007ff99489c800 JavaThread "http-nio-8080-exec-3" daemon [_thread_blocked, id=9976, stack(0x00007ff9b15bd000,0x00007ff9b16be000)]
  0x00007ff99489a800 JavaThread "http-nio-8080-exec-2" daemon [_thread_blocked, id=9975, stack(0x00007ff9b16be000,0x00007ff9b17bf000)]
  0x00007ff994899000 JavaThread "http-nio-8080-exec-1" daemon [_thread_blocked, id=9974, stack(0x00007ff9b17bf000,0x00007ff9b18c0000)]
  0x00007ff994896800 JavaThread "NioBlockingSelector.BlockPoller-1" daemon [_thread_in_native, id=9973, stack(0x00007ff9b18c0000,0x00007ff9b19c1000)]
  0x00007ff99487b000 JavaThread "Live Reload Server" daemon [_thread_in_native, id=9972, stack(0x00007ff9b2bc5000,0x00007ff9b2cc6000)]
  0x00007ff994877000 JavaThread "File Watcher" daemon [_thread_blocked, id=9970, stack(0x00007ff9b23c3000,0x00007ff9b24c4000)]
  0x00007ff99472a800 JavaThread "container-0" [_thread_blocked, id=9968, stack(0x00007ff9b22c2000,0x00007ff9b23c3000)]
  0x00007ff994725000 JavaThread "ContainerBackgroundProcessor[StandardEngine[Tomcat]]" daemon [_thread_blocked, id=9967, stack(0x00007ff9b24c4000,0x00007ff9b25c5000)]
  0x00007ff9f856a000 JavaThread "RMI TCP Accept-0" daemon [_thread_in_native, id=9952, stack(0x00007ff9b3b34000,0x00007ff9b3c35000)]
  0x00007ff9f8559000 JavaThread "RMI TCP Accept-41755" daemon [_thread_in_native, id=9951, stack(0x00007ff9b3c35000,0x00007ff9b3d36000)]
  0x00007ff9f8544000 JavaThread "RMI TCP Accept-0" daemon [_thread_in_native, id=9950, stack(0x00007ff9b3d36000,0x00007ff9b3e37000)]
  0x00007ff9f80cf000 JavaThread "Service Thread" daemon [_thread_blocked, id=9949, stack(0x00007ff9e855c000,0x00007ff9e865d000)]
  0x00007ff9f80c4000 JavaThread "C1 CompilerThread2" daemon [_thread_blocked, id=9948, stack(0x00007ff9e865e000,0x00007ff9e875e000)]
  0x00007ff9f80c2000 JavaThread "C2 CompilerThread1" daemon [_thread_blocked, id=9947, stack(0x00007ff9e875f000,0x00007ff9e885f000)]
  0x00007ff9f80bf000 JavaThread "C2 CompilerThread0" daemon [_thread_blocked, id=9946, stack(0x00007ff9e8860000,0x00007ff9e8960000)]
  0x00007ff9f80bd800 JavaThread "Signal Dispatcher" daemon [_thread_blocked, id=9945, stack(0x00007ff9e8960000,0x00007ff9e8a61000)]
  0x00007ff9f808a800 JavaThread "Finalizer" daemon [_thread_blocked, id=9944, stack(0x00007ff9e8bfc000,0x00007ff9e8cfd000)]
  0x00007ff9f8086000 JavaThread "Reference Handler" daemon [_thread_blocked, id=9943, stack(0x00007ff9e8cfd000,0x00007ff9e8dfe000)]

Other Threads:
=>0x00007ff9f807e800 VMThread [stack: 0x00007ff9e8dff000,0x00007ff9e8eff000] [id=9942]
  0x00007ff9f856b800 WatcherThread [stack: 0x00007ff9b3a34000,0x00007ff9b3b34000] [id=9953]

VM state:at safepoint (normal execution)

VM Mutex/Monitor currently owned by a thread:  ([mutex/lock_event])
[0x00007ff9f800e5b0] Threads_lock - owner thread: 0x00007ff9f807e800
[0x00007ff9f800eab0] Heap_lock - owner thread: 0x00007ff994877000

Heap:
 PSYoungGen      total 324096K, used 704K [0x00000000d7100000, 0x00000000ec300000, 0x0000000100000000)
  eden space 306688K, 0% used [0x00000000d7100000,0x00000000d7100000,0x00000000e9c80000)
  from space 17408K, 4% used [0x00000000ea100000,0x00000000ea1b0000,0x00000000eb200000)
  to   space 12288K, 0% used [0x00000000eb700000,0x00000000eb700000,0x00000000ec300000)
 ParOldGen       total 74752K, used 30744K [0x0000000085200000, 0x0000000089b00000, 0x00000000d7100000)
  object space 74752K, 41% used [0x0000000085200000,0x00000000870062e0,0x0000000089b00000)
 Metaspace       used 38408K, capacity 40730K, committed 40960K, reserved 1085440K
  class space    used 5136K, capacity 5586K, committed 5632K, reserved 1048576K

Card table byte_map: [0x00007ff9fe388000,0x00007ff9fe760000] byte_map_base: 0x00007ff9fdf5f000

Marking Bits: (ParMarkBitMap*) 0x00007ffa0088e140
 Begin Bits: [0x00007ff9e0290000, 0x00007ff9e2148000)
 End Bits:   [0x00007ff9e2148000, 0x00007ff9e4000000)

Polling page: 0x00007ffa016d2000

CodeCache: size=245760Kb used=8633Kb max_used=8634Kb free=237126Kb
 bounds [0x00007ff9e9000000, 0x00007ff9e9870000, 0x00007ff9f8000000]
 total_blobs=4716 nmethods=4258 adapters=371
 compilation: enabled

Compilation events (10 events):
Event: 50.719 Thread 0x00007ff9f80c4000 4308       1       sun.nio.ch.EPollArrayWrapper::interrupted (5 bytes)
Event: 50.719 Thread 0x00007ff9f80c4000 nmethod 4308 0x00007ff9e92c8590 code [0x00007ff9e92c86e0, 0x00007ff9e92c87f0]
Event: 56.618 Thread 0x00007ff9f80c4000 4309       1       org.apache.tomcat.util.net.NioEndpoint$NioSocketWrapper::interestOps (5 bytes)
Event: 56.618 Thread 0x00007ff9f80c4000 nmethod 4309 0x00007ff9e92db5d0 code [0x00007ff9e92db720, 0x00007ff9e92db830]
Event: 56.887 Thread 0x00007ff9f80c4000 4310       1       java.util.Date::<init> (10 bytes)
Event: 56.887 Thread 0x00007ff9f80c4000 nmethod 4310 0x00007ff9e9555110 code [0x00007ff9e9555260, 0x00007ff9e9555370]
Event: 58.620 Thread 0x00007ff9f80c4000 4311       1       java.nio.channels.spi.AbstractSelector::isOpen (8 bytes)
Event: 58.621 Thread 0x00007ff9f80c4000 nmethod 4311 0x00007ff9e9437c10 code [0x00007ff9e9437d60, 0x00007ff9e9437e90]
Event: 59.620 Thread 0x00007ff9f80c4000 4312  s    1       org.apache.tomcat.util.collections.SynchronizedQueue::size (23 bytes)
Event: 59.621 Thread 0x00007ff9f80c4000 nmethod 4312 0x00007ff9e9437790 code [0x00007ff9e94378e0, 0x00007ff9e9437b70]

GC Heap History (10 events):
Event: 6.648 GC heap after
Heap after GC invocations=8 (full 1):
 PSYoungGen      total 134144K, used 9725K [0x00000000d7100000, 0x00000000e5f80000, 0x0000000100000000)
  eden space 124416K, 0% used [0x00000000d7100000,0x00000000d7100000,0x00000000dea80000)
  from space 9728K, 99% used [0x00000000dea80000,0x00000000df3ff6f8,0x00000000df400000)
  to   space 12800K, 0% used [0x00000000e5300000,0x00000000e5300000,0x00000000e5f80000)
 ParOldGen       total 44544K, used 9648K [0x0000000085200000, 0x0000000087d80000, 0x00000000d7100000)
  object space 44544K, 21% used [0x0000000085200000,0x0000000085b6c0b8,0x0000000087d80000)
 Metaspace       used 27844K, capacity 29380K, committed 29440K, reserved 1075200K
  class space    used 3723K, capacity 4053K, committed 4096K, reserved 1048576K
}
Event: 7.659 GC heap before
{Heap before GC invocations=9 (full 1):
 PSYoungGen      total 134144K, used 134141K [0x00000000d7100000, 0x00000000e5f80000, 0x0000000100000000)
  eden space 124416K, 100% used [0x00000000d7100000,0x00000000dea80000,0x00000000dea80000)
  from space 9728K, 99% used [0x00000000dea80000,0x00000000df3ff6f8,0x00000000df400000)
  to   space 12800K, 0% used [0x00000000e5300000,0x00000000e5300000,0x00000000e5f80000)
 ParOldGen       total 44544K, used 9648K [0x0000000085200000, 0x0000000087d80000, 0x00000000d7100000)
  object space 44544K, 21% used [0x0000000085200000,0x0000000085b6c0b8,0x0000000087d80000)
 Metaspace       used 32226K, capacity 34204K, committed 34432K, reserved 1079296K
  class space    used 4283K, capacity 4675K, committed 4736K, reserved 1048576K
Event: 7.675 GC heap after
Heap after GC invocations=9 (full 1):
 PSYoungGen      total 227328K, used 12770K [0x00000000d7100000, 0x00000000e6d80000, 0x0000000100000000)
  eden space 214528K, 0% used [0x00000000d7100000,0x00000000d7100000,0x00000000e4280000)
  from space 12800K, 99% used [0x00000000e5300000,0x00000000e5f789b8,0x00000000e5f80000)
  to   space 16896K, 0% used [0x00000000e4280000,0x00000000e4280000,0x00000000e5300000)
 ParOldGen       total 44544K, used 15487K [0x0000000085200000, 0x0000000087d80000, 0x00000000d7100000)
  object space 44544K, 34% used [0x0000000085200000,0x000000008611fff8,0x0000000087d80000)
 Metaspace       used 32226K, capacity 34204K, committed 34432K, reserved 1079296K
  class space    used 4283K, capacity 4675K, committed 4736K, reserved 1048576K
}
Event: 7.967 GC heap before
{Heap before GC invocations=10 (full 1):
 PSYoungGen      total 227328K, used 69801K [0x00000000d7100000, 0x00000000e6d80000, 0x0000000100000000)
  eden space 214528K, 26% used [0x00000000d7100000,0x00000000da8b1e30,0x00000000e4280000)
  from space 12800K, 99% used [0x00000000e5300000,0x00000000e5f789b8,0x00000000e5f80000)
  to   space 16896K, 0% used [0x00000000e4280000,0x00000000e4280000,0x00000000e5300000)
 ParOldGen       total 44544K, used 15487K [0x0000000085200000, 0x0000000087d80000, 0x00000000d7100000)
  object space 44544K, 34% used [0x0000000085200000,0x000000008611fff8,0x0000000087d80000)
 Metaspace       used 33436K, capacity 35428K, committed 35496K, reserved 1079296K
  class space    used 4463K, capacity 4857K, committed 4864K, reserved 1048576K
Event: 7.981 GC heap after
Heap after GC invocations=10 (full 1):
 PSYoungGen      total 231424K, used 11499K [0x00000000d7100000, 0x00000000ec800000, 0x0000000100000000)
  eden space 214528K, 0% used [0x00000000d7100000,0x00000000d7100000,0x00000000e4280000)
  from space 16896K, 68% used [0x00000000e4280000,0x00000000e4dbae00,0x00000000e5300000)
  to   space 17408K, 0% used [0x00000000eb700000,0x00000000eb700000,0x00000000ec800000)
 ParOldGen       total 44544K, used 19895K [0x0000000085200000, 0x0000000087d80000, 0x00000000d7100000)
  object space 44544K, 44% used [0x0000000085200000,0x000000008656dcc0,0x0000000087d80000)
 Metaspace       used 33436K, capacity 35428K, committed 35496K, reserved 1079296K
  class space    used 4463K, capacity 4857K, committed 4864K, reserved 1048576K
}
Event: 7.981 GC heap before
{Heap before GC invocations=11 (full 2):
 PSYoungGen      total 231424K, used 11499K [0x00000000d7100000, 0x00000000ec800000, 0x0000000100000000)
  eden space 214528K, 0% used [0x00000000d7100000,0x00000000d7100000,0x00000000e4280000)
  from space 16896K, 68% used [0x00000000e4280000,0x00000000e4dbae00,0x00000000e5300000)
  to   space 17408K, 0% used [0x00000000eb700000,0x00000000eb700000,0x00000000ec800000)
 ParOldGen       total 44544K, used 19895K [0x0000000085200000, 0x0000000087d80000, 0x00000000d7100000)
  object space 44544K, 44% used [0x0000000085200000,0x000000008656dcc0,0x0000000087d80000)
 Metaspace       used 33436K, capacity 35428K, committed 35496K, reserved 1079296K
  class space    used 4463K, capacity 4857K, committed 4864K, reserved 1048576K
Event: 8.064 GC heap after
Heap after GC invocations=11 (full 2):
 PSYoungGen      total 231424K, used 0K [0x00000000d7100000, 0x00000000ec800000, 0x0000000100000000)
  eden space 214528K, 0% used [0x00000000d7100000,0x00000000d7100000,0x00000000e4280000)
  from space 16896K, 0% used [0x00000000e4280000,0x00000000e4280000,0x00000000e5300000)
  to   space 17408K, 0% used [0x00000000eb700000,0x00000000eb700000,0x00000000ec800000)
 ParOldGen       total 74752K, used 23814K [0x0000000085200000, 0x0000000089b00000, 0x00000000d7100000)
  object space 74752K, 31% used [0x0000000085200000,0x00000000869419d0,0x0000000089b00000)
 Metaspace       used 33414K, capacity 35392K, committed 35496K, reserved 1079296K
  class space    used 4460K, capacity 4851K, committed 4864K, reserved 1048576K
}
Event: 20.824 GC heap before
{Heap before GC invocations=12 (full 2):
 PSYoungGen      total 231424K, used 214528K [0x00000000d7100000, 0x00000000ec800000, 0x0000000100000000)
  eden space 214528K, 100% used [0x00000000d7100000,0x00000000e4280000,0x00000000e4280000)
  from space 16896K, 0% used [0x00000000e4280000,0x00000000e4280000,0x00000000e5300000)
  to   space 17408K, 0% used [0x00000000eb700000,0x00000000eb700000,0x00000000ec800000)
 ParOldGen       total 74752K, used 23814K [0x0000000085200000, 0x0000000089b00000, 0x00000000d7100000)
  object space 74752K, 31% used [0x0000000085200000,0x00000000869419d0,0x0000000089b00000)
 Metaspace       used 38404K, capacity 40730K, committed 40960K, reserved 1085440K
  class space    used 5135K, capacity 5586K, committed 5632K, reserved 1048576K
Event: 20.913 GC heap after
Heap after GC invocations=12 (full 2):
 PSYoungGen      total 318976K, used 11846K [0x00000000d7100000, 0x00000000ec300000, 0x0000000100000000)
  eden space 306688K, 0% used [0x00000000d7100000,0x00000000d7100000,0x00000000e9c80000)
  from space 12288K, 96% used [0x00000000eb700000,0x00000000ec291818,0x00000000ec300000)
  to   space 17408K, 0% used [0x00000000ea100000,0x00000000ea100000,0x00000000eb200000)
 ParOldGen       total 74752K, used 23822K [0x0000000085200000, 0x0000000089b00000, 0x00000000d7100000)
  object space 74752K, 31% used [0x0000000085200000,0x00000000869439d0,0x0000000089b00000)
 Metaspace       used 38404K, capacity 40730K, committed 40960K, reserved 1085440K
  class space    used 5135K, capacity 5586K, committed 5632K, reserved 1048576K
}
Event: 70.420 GC heap before
{Heap before GC invocations=13 (full 2):
 PSYoungGen      total 318976K, used 318534K [0x00000000d7100000, 0x00000000ec300000, 0x0000000100000000)
  eden space 306688K, 100% used [0x00000000d7100000,0x00000000e9c80000,0x00000000e9c80000)
  from space 12288K, 96% used [0x00000000eb700000,0x00000000ec291818,0x00000000ec300000)
  to   space 17408K, 0% used [0x00000000ea100000,0x00000000ea100000,0x00000000eb200000)
 ParOldGen       total 74752K, used 23822K [0x0000000085200000, 0x0000000089b00000, 0x00000000d7100000)
  object space 74752K, 31% used [0x0000000085200000,0x00000000869439d0,0x0000000089b00000)
 Metaspace       used 38408K, capacity 40730K, committed 40960K, reserved 1085440K
  class space    used 5136K, capacity 5586K, committed 5632K, reserved 1048576K

Deoptimization events (0 events):
No events

Classes redefined (0 events):
No events

Internal exceptions (10 events):
Event: 13.045 Thread 0x00007ff994899000 Exception <a 'java/lang/ClassNotFoundException': org/thymeleaf/spring5/view/AbstractThymeleafViewCustomizer> (0x00000000dfcb9b48) thrown at [/build/java8-openjdk/src/jdk8u-jdk8u172-b11/hotspot/src/share/vm/classfile/systemDictionary.cpp, line 210]
Event: 13.046 Thread 0x00007ff994899000 Exception <a 'java/lang/ArrayIndexOutOfBoundsException'> (0x00000000dfcbd680) thrown at [/build/java8-openjdk/src/jdk8u-jdk8u172-b11/hotspot/src/share/vm/runtime/sharedRuntime.cpp, line 605]
Event: 13.046 Thread 0x00007ff994899000 Exception <a 'java/lang/ArrayIndexOutOfBoundsException'> (0x00000000dfcbf580) thrown at [/build/java8-openjdk/src/jdk8u-jdk8u172-b11/hotspot/src/share/vm/runtime/sharedRuntime.cpp, line 605]
Event: 13.046 Thread 0x00007ff994899000 Exception <a 'java/lang/ClassNotFoundException': org/thymeleaf/spring5/view/ThymeleafViewCustomizer> (0x00000000dfce6930) thrown at [/build/java8-openjdk/src/jdk8u-jdk8u172-b11/hotspot/src/share/vm/classfile/systemDictionary.cpp, line 210]
Event: 13.046 Thread 0x00007ff994899000 Exception <a 'java/lang/ArrayIndexOutOfBoundsException'> (0x00000000dfce93d8) thrown at [/build/java8-openjdk/src/jdk8u-jdk8u172-b11/hotspot/src/share/vm/runtime/sharedRuntime.cpp, line 605]
Event: 13.047 Thread 0x00007ff994899000 Exception <a 'java/lang/ClassNotFoundException': org/springframework/web/servlet/ViewCustomizer> (0x00000000dfd0d930) thrown at [/build/java8-openjdk/src/jdk8u-jdk8u172-b11/hotspot/src/share/vm/classfile/systemDictionary.cpp, line 210]
Event: 13.047 Thread 0x00007ff994899000 Exception <a 'java/lang/ArrayIndexOutOfBoundsException'> (0x00000000dfd0f3a8) thrown at [/build/java8-openjdk/src/jdk8u-jdk8u172-b11/hotspot/src/share/vm/runtime/sharedRuntime.cpp, line 605]
Event: 13.047 Thread 0x00007ff994899000 Exception <a 'java/lang/ClassNotFoundException': org/springframework/beans/factory/BeanNameAwareCustomizer> (0x00000000dfd2c9e8) thrown at [/build/java8-openjdk/src/jdk8u-jdk8u172-b11/hotspot/src/share/vm/classfile/systemDictionary.cpp, line 210]
Event: 13.048 Thread 0x00007ff994899000 Exception <a 'java/lang/ClassNotFoundException': org/springframework/web/context/ServletContextAwareCustomizer> (0x00000000dfd4a8d8) thrown at [/build/java8-openjdk/src/jdk8u-jdk8u172-b11/hotspot/src/share/vm/classfile/systemDictionary.cpp, line 210]
Event: 13.050 Thread 0x00007ff994899000 Exception <a 'java/lang/ClassNotFoundException': org/springframework/context/ApplicationContextAwareCustomizer> (0x00000000dfd68848) thrown at [/build/java8-openjdk/src/jdk8u-jdk8u172-b11/hotspot/src/share/vm/classfile/systemDictionary.cpp, line 210]

Events (10 events):
Event: 36.680 Thread 0x00007ff9f80c4000 flushing nmethod 0x00007ff9e92db450
Event: 37.177 Executing VM operation: RevokeBias
Event: 37.177 Executing VM operation: RevokeBias done
Event: 37.177 loading class org/apache/catalina/webresources/Cache$EvictionOrder
Event: 37.177 loading class org/apache/catalina/webresources/Cache$EvictionOrder done
Event: 37.185 loading class org/apache/tomcat/PeriodicEventListener
Event: 37.185 loading class org/apache/tomcat/PeriodicEventListener done
Event: 49.612 Thread 0x00007ff9f80c4000 flushing nmethod 0x00007ff9e9436a50
Event: 56.619 Thread 0x00007ff9f80c4000 flushing nmethod 0x00007ff9e9555110
Event: 70.413 Executing VM operation: ParallelGCFailedAllocation


Dynamic libraries:
85200000-89b00000 rw-p 00000000 00:00 0 
89b00000-d7100000 ---p 00000000 00:00 0 
d7100000-ec300000 rw-p 00000000 00:00 0 
f3600000-100000000 ---p 00000000 00:00 0 
100000000-100580000 rw-p 00000000 00:00 0 
100580000-140000000 ---p 00000000 00:00 0 
564fc7f72000-564fc7f73000 r-xp 00000000 08:05 6561179                    /usr/lib/jvm/java-8-openjdk/jre/bin/java
564fc8172000-564fc8173000 r--p 00000000 08:05 6561179                    /usr/lib/jvm/java-8-openjdk/jre/bin/java
564fc8173000-564fc8174000 rw-p 00001000 08:05 6561179                    /usr/lib/jvm/java-8-openjdk/jre/bin/java
564fc950e000-564fc952f000 rw-p 00000000 00:00 0                          [heap]
7ff964000000-7ff964021000 rw-p 00000000 00:00 0 
7ff964021000-7ff968000000 ---p 00000000 00:00 0 
7ff96c000000-7ff96c021000 rw-p 00000000 00:00 0 
7ff96c021000-7ff970000000 ---p 00000000 00:00 0 
7ff970000000-7ff970021000 rw-p 00000000 00:00 0 
7ff970021000-7ff974000000 ---p 00000000 00:00 0 
7ff974000000-7ff97412c000 rw-p 00000000 00:00 0 
7ff97412c000-7ff978000000 ---p 00000000 00:00 0 
7ff978000000-7ff978021000 rw-p 00000000 00:00 0 
7ff978021000-7ff97c000000 ---p 00000000 00:00 0 
7ff97c000000-7ff97c081000 rw-p 00000000 00:00 0 
7ff97c081000-7ff980000000 ---p 00000000 00:00 0 
7ff980000000-7ff980021000 rw-p 00000000 00:00 0 
7ff980021000-7ff984000000 ---p 00000000 00:00 0 
7ff984000000-7ff98408c000 rw-p 00000000 00:00 0 
7ff98408c000-7ff988000000 ---p 00000000 00:00 0 
7ff988000000-7ff988077000 rw-p 00000000 00:00 0 
7ff988077000-7ff98c000000 ---p 00000000 00:00 0 
7ff98c000000-7ff98c0ed000 rw-p 00000000 00:00 0 
7ff98c0ed000-7ff990000000 ---p 00000000 00:00 0 
7ff990000000-7ff99006c000 rw-p 00000000 00:00 0 
7ff99006c000-7ff994000000 ---p 00000000 00:00 0 
7ff994000000-7ff9948d5000 rw-p 00000000 00:00 0 
7ff9948d5000-7ff998000000 ---p 00000000 00:00 0 
7ff998000000-7ff9982ef000 rw-p 00000000 00:00 0 
7ff9982ef000-7ff99c000000 ---p 00000000 00:00 0 
7ff99c000000-7ff99c021000 rw-p 00000000 00:00 0 
7ff99c021000-7ff9a0000000 ---p 00000000 00:00 0 
7ff9a0000000-7ff9a0021000 rw-p 00000000 00:00 0 
7ff9a0021000-7ff9a4000000 ---p 00000000 00:00 0 
7ff9a4000000-7ff9a4021000 rw-p 00000000 00:00 0 
7ff9a4021000-7ff9a8000000 ---p 00000000 00:00 0 
7ff9a8000000-7ff9a8021000 rw-p 00000000 00:00 0 
7ff9a8021000-7ff9ac000000 ---p 00000000 00:00 0 
7ff9ac000000-7ff9ac021000 rw-p 00000000 00:00 0 
7ff9ac021000-7ff9b0000000 ---p 00000000 00:00 0 
7ff9b06b2000-7ff9b0732000 rw-p 00000000 00:00 0 
7ff9b0732000-7ff9b08b2000 ---p 00000000 00:00 0 
7ff9b08b2000-7ff9b0ab2000 rw-p 00000000 00:00 0 
7ff9b0ab2000-7ff9b0ab5000 ---p 00000000 00:00 0 
7ff9b0ab5000-7ff9b0bb3000 rw-p 00000000 00:00 0 
7ff9b0bb3000-7ff9b0bb6000 ---p 00000000 00:00 0 
7ff9b0bb6000-7ff9b0cb4000 rw-p 00000000 00:00 0 
7ff9b0cb4000-7ff9b0cb7000 ---p 00000000 00:00 0 
7ff9b0cb7000-7ff9b0db5000 rw-p 00000000 00:00 0 
7ff9b0db5000-7ff9b0db8000 ---p 00000000 00:00 0 
7ff9b0db8000-7ff9b0eb6000 rw-p 00000000 00:00 0 
7ff9b0eb6000-7ff9b0eb9000 ---p 00000000 00:00 0 
7ff9b0eb9000-7ff9b0fb7000 rw-p 00000000 00:00 0 
7ff9b0fb7000-7ff9b0fba000 ---p 00000000 00:00 0 
7ff9b0fba000-7ff9b10b8000 rw-p 00000000 00:00 0 
7ff9b10b8000-7ff9b10bb000 ---p 00000000 00:00 0 
7ff9b10bb000-7ff9b11b9000 rw-p 00000000 00:00 0 
7ff9b11b9000-7ff9b11bc000 ---p 00000000 00:00 0 
7ff9b11bc000-7ff9b12ba000 rw-p 00000000 00:00 0 
7ff9b12ba000-7ff9b12bd000 ---p 00000000 00:00 0 
7ff9b12bd000-7ff9b13bb000 rw-p 00000000 00:00 0 
7ff9b13bb000-7ff9b13be000 ---p 00000000 00:00 0 
7ff9b13be000-7ff9b14bc000 rw-p 00000000 00:00 0 
7ff9b14bc000-7ff9b14bf000 ---p 00000000 00:00 0 
7ff9b14bf000-7ff9b15bd000 rw-p 00000000 00:00 0 
7ff9b15bd000-7ff9b15c0000 ---p 00000000 00:00 0 
7ff9b15c0000-7ff9b16be000 rw-p 00000000 00:00 0 
7ff9b16be000-7ff9b16c1000 ---p 00000000 00:00 0 
7ff9b16c1000-7ff9b17bf000 rw-p 00000000 00:00 0 
7ff9b17bf000-7ff9b17c2000 ---p 00000000 00:00 0 
7ff9b17c2000-7ff9b18c0000 rw-p 00000000 00:00 0 
7ff9b18c0000-7ff9b18c3000 ---p 00000000 00:00 0 
7ff9b18c3000-7ff9b1bc1000 rw-p 00000000 00:00 0 
7ff9b1bc1000-7ff9b1dc1000 rw-p 00000000 00:00 0 
7ff9b1dc1000-7ff9b1fc1000 rw-p 00000000 00:00 0 
7ff9b1fc1000-7ff9b21c1000 rw-p 00000000 00:00 0 
7ff9b21c1000-7ff9b21c4000 ---p 00000000 00:00 0 
7ff9b21c4000-7ff9b22c2000 rw-p 00000000 00:00 0 
7ff9b22c2000-7ff9b22c5000 ---p 00000000 00:00 0 
7ff9b22c5000-7ff9b23c3000 rw-p 00000000 00:00 0 
7ff9b23c3000-7ff9b23c6000 ---p 00000000 00:00 0 
7ff9b23c6000-7ff9b24c4000 rw-p 00000000 00:00 0 
7ff9b24c4000-7ff9b24c7000 ---p 00000000 00:00 0 
7ff9b24c7000-7ff9b27c5000 rw-p 00000000 00:00 0 
7ff9b27c5000-7ff9b29c5000 rw-p 00000000 00:00 0 
7ff9b29c5000-7ff9b2bc5000 rw-p 00000000 00:00 0 
7ff9b2bc5000-7ff9b2bc8000 ---p 00000000 00:00 0 
7ff9b2bc8000-7ff9b2ec6000 rw-p 00000000 00:00 0 
7ff9b2ec6000-7ff9b30c6000 rw-p 00000000 00:00 0 
7ff9b30c6000-7ff9b32c6000 rw-p 00000000 00:00 0 
7ff9b32c6000-7ff9b34c6000 rw-p 00000000 00:00 0 
7ff9b34c6000-7ff9b34c9000 ---p 00000000 00:00 0 
7ff9b34c9000-7ff9b35c7000 rw-p 00000000 00:00 0 
7ff9b35c7000-7ff9b35ca000 ---p 00000000 00:00 0 
7ff9b35ca000-7ff9b36c8000 rw-p 00000000 00:00 0 
7ff9b36c8000-7ff9b36cb000 ---p 00000000 00:00 0 
7ff9b36cb000-7ff9b37c9000 rw-p 00000000 00:00 0 
7ff9b381b000-7ff9b3820000 r--s 002f9000 08:05 6560723                    /usr/lib/jvm/java-8-openjdk/jre/lib/charsets.jar
7ff9b3820000-7ff9b3833000 r--s 00346000 08:05 6560731                    /usr/lib/jvm/java-8-openjdk/jre/lib/resources.jar
7ff9b3833000-7ff9b3a33000 rw-p 00000000 00:00 0 
7ff9b3a33000-7ff9b3a34000 ---p 00000000 00:00 0 
7ff9b3a34000-7ff9b3b34000 rw-p 00000000 00:00 0 
7ff9b3b34000-7ff9b3b37000 ---p 00000000 00:00 0 
7ff9b3b37000-7ff9b3c35000 rw-p 00000000 00:00 0 
7ff9b3c35000-7ff9b3c38000 ---p 00000000 00:00 0 
7ff9b3c38000-7ff9b3d36000 rw-p 00000000 00:00 0 
7ff9b3d36000-7ff9b3d39000 ---p 00000000 00:00 0 
7ff9b3d39000-7ff9b3e37000 rw-p 00000000 00:00 0 
7ff9b3e37000-7ff9b3e3c000 r--s 0009d000 08:05 6560726                    /usr/lib/jvm/java-8-openjdk/jre/lib/jsse.jar
7ff9b3e3c000-7ff9b3e3e000 r--s 0000c000 08:05 921397                     /home/a4l4e4x4/.gradle/caches/modules-2/files-2.1/org.ow2.asm/asm/5.0.4/da08b8cce7bbf903602a25a3a163ae252435795/asm-5.0.4.jar
7ff9b3e3e000-7ff9b3e40000 r--s 00006000 08:05 921395                     /home/a4l4e4x4/.gradle/caches/modules-2/files-2.1/net.minidev/accessors-smart/1.2/c592b500269bfde36096641b01238a8350f8aa31/accessors-smart-1.2.jar
7ff9b3e40000-7ff9b3e41000 r--s 00004000 08:05 921393                     /home/a4l4e4x4/.gradle/caches/modules-2/files-2.1/com.vaadin.external.google/android-json/0.0.20131108.vaadin1/fa26d351fe62a6a17f5cda1287c1c6110dec413f/android-json-0.0.20131108.vaadin1.jar
7ff9b3e41000-7ff9b3e43000 r--s 0000c000 08:05 8132730                    /home/a4l4e4x4/.gradle/caches/modules-2/files-2.1/org.objenesis/objenesis/2.6/639033469776fd37c08358c6b92a4761feb2af4b/objenesis-2.6.jar
7ff9b3e43000-7ff9b3e45000 r--s 00009000 08:05 3015233                    /home/a4l4e4x4/.gradle/caches/modules-2/files-2.1/net.bytebuddy/byte-buddy-agent/1.7.11/b425a8933ca07edd03c6dbc8bc3b595fba9780de/byte-buddy-agent-1.7.11.jar
7ff9b3e45000-7ff9b3e81000 r--s 00290000 08:05 3015239                    /home/a4l4e4x4/.gradle/caches/modules-2/files-2.1/net.bytebuddy/byte-buddy/1.7.11/f02857a4e2c66ccbe7aaad6100a0a6c461bce9b3/byte-buddy-1.7.11.jar
7ff9b3e81000-7ff9b3e84000 r--s 0001b000 08:05 921387                     /home/a4l4e4x4/.gradle/caches/modules-2/files-2.1/net.minidev/json-smart/2.3/7396407491352ce4fa30de92efb158adb76b5b/json-smart-2.3.jar
7ff9b3e84000-7ff9b3e89000 r--s 00022000 08:05 921385                     /home/a4l4e4x4/.gradle/caches/modules-2/files-2.1/org.xmlunit/xmlunit-core/2.5.1/4ffdb346572a7356f7521cd3119ce5287d2e339d/xmlunit-core-2.5.1.jar
7ff9b3e89000-7ff9b3e96000 r--s 00087000 08:05 7749294                    /home/a4l4e4x4/.gradle/caches/modules-2/files-2.1/org.springframework/spring-test/5.0.7.RELEASE/bcb7505a316ea34b7e9a7ae5d4921be5b475c02d/spring-test-5.0.7.RELEASE.jar
7ff9b3e96000-7ff9b3e98000 r--s 00006000 08:05 921383                     /home/a4l4e4x4/.gradle/caches/modules-2/files-2.1/org.skyscreamer/jsonassert/1.5.0/6c9d5fe2f59da598d9aefc1cfc6528ff3cf32df3/jsonassert-1.5.0.jar
7ff9b3e98000-7ff9b3e9a000 r--s 00009000 08:05 8002357                    /home/a4l4e4x4/.gradle/caches/modules-2/files-2.1/org.hamcrest/hamcrest-core/1.3/42a25dc3219429f0e5d060061f71acb49bf010a0/hamcrest-core-1.3.jar
7ff9b3e9a000-7ff9b3e9b000 r--s 0000c000 08:05 8002571                    /home/a4l4e4x4/.gradle/caches/modules-2/files-2.1/org.hamcrest/hamcrest-library/1.3/4785a3c21320980282f9f33d0d1264a69040538f/hamcrest-library-1.3.jar
7ff9b3e9b000-7ff9b3eab000 r--s 00075000 08:05 921389                     /home/a4l4e4x4/.gradle/caches/modules-2/files-2.1/org.mockito/mockito-core/2.15.0/b84bfbbc29cd22c9529409627af6ea2897f4fa85/mockito-core-2.15.0.jar
7ff9b3eab000-7ff9b3f00000 r--s 00367000 08:05 921403                     /home/a4l4e4x4/.gradle/caches/modules-2/files-2.1/org.assertj/assertj-core/3.9.1/c5ce126b15f28d56cd8f960c1a6a058b9c9aea87/assertj-core-3.9.1.jar
7ff9b3f00000-7ff9b3f08000 r--s 00045000 08:05 7874561                    /home/a4l4e4x4/.gradle/caches/modules-2/files-2.1/junit/junit/4.12/2973d150c0dc1fefe998f834810d68f278ea58ec/junit-4.12.jar
7ff9b3f08000-7ff9b3f0e000 r--s 00031000 08:05 921399                     /home/a4l4e4x4/.gradle/caches/modules-2/files-2.1/com.jayway.jsonpath/json-path/2.4.0/765a4401ceb2dc8d40553c2075eb80a8fa35c2ae/json-path-2.4.0.jar
7ff9b3f0e000-7ff9b3f13000 r--s 0002b000 08:05 1966162                    /home/a4l4e4x4/.gradle/caches/modules-2/files-2.1/org.springframework.boot/spring-boot-test/2.0.3.RELEASE/5c9b4bb6cfce9ef6e53a0ff5fc4a7ff2867871d8/spring-boot-test-2.0.3.RELEASE.jar
7ff9b3f13000-7ff9b3f1a000 r--s 00020000 08:05 1966164                    /home/a4l4e4x4/.gradle/caches/modules-2/files-2.1/org.springframework.boot/spring-boot-test-autoconfigure/2.0.3.RELEASE/54e7d2167f2b926bf16a0ef8b91b6bfbd43826e7/spring-boot-test-autoconfigure-2.0.3.RELEASE.jar
7ff9b3f1a000-7ff9b3f21000 r--s 0004b000 08:05 3015186                    /home/a4l4e4x4/.gradle/caches/modules-2/files-2.1/commons-codec/commons-codec/1.11/3acb4705652e16236558f0f4f2192cc33c3bd189/commons-codec-1.11.jar
7ff9b3f21000-7ff9b3f27000 r--s 00039000 08:05 921162                     /home/a4l4e4x4/.gradle/caches/modules-2/files-2.1/org.apache.logging.log4j/log4j-api/2.10.0/fec5797a55b786184a537abd39c3fa1449d752d6/log4j-api-2.10.0.jar
7ff9b3f27000-7ff9b3f32000 r--s 00069000 08:05 921164                     /home/a4l4e4x4/.gradle/caches/modules-2/files-2.1/ch.qos.logback/logback-core/1.2.3/864344400c3d4d92dfeb0a305dc87d953677c03c/logback-core-1.2.3.jar
7ff9b3f32000-7ff9b3f37000 r--s 0004b000 08:05 1839256                    /home/a4l4e4x4/.gradle/caches/modules-2/files-2.1/com.fasterxml.jackson.core/jackson-core/2.9.6/4e393793c37c77e042ccc7be5a914ae39251b365/jackson-core-2.9.6.jar
7ff9b3f37000-7ff9b3f3a000 r--s 0000e000 08:05 921146                     /home/a4l4e4x4/.gradle/caches/modules-2/files-2.1/com.fasterxml.jackson.core/jackson-annotations/2.9.0/7c10d545325e3a6e72e06381afe469fd40eb701/jackson-annotations-2.9.0.jar
7ff9b3f3a000-7ff9b3f3d000 r--s 00026000 08:05 3015180                    /home/a4l4e4x4/.gradle/caches/modules-2/files-2.1/org.unbescape/unbescape/1.1.5.RELEASE/46dc644ea9c234317d926ebac5bf5d8f114dc1ba/unbescape-1.1.5.RELEASE.jar
7ff9b3f3d000-7ff9b3f41000 r--s 00035000 08:05 3015178                    /home/a4l4e4x4/.gradle/caches/modules-2/files-2.1/org.attoparser/attoparser/2.0.4.RELEASE/5cf02c4d8303a81f0c80971bb1dcd40d3ba96009/attoparser-2.0.4.RELEASE.jar
7ff9b3f41000-7ff9b3f45000 r--s 0002a000 08:05 3015176                    /home/a4l4e4x4/.gradle/caches/modules-2/files-2.1/commons-io/commons-io/2.4/b1b6ea3b7e4aa4f492509a4952029cd8e48019ad/commons-io-2.4.jar
7ff9b3f45000-7ff9b3f7b000 r--s 0022c000 08:05 3015190                    /home/a4l4e4x4/.gradle/caches/modules-2/files-2.1/org.neo4j.driver/neo4j-java-driver/1.5.0/25d4467127d99340c9a7f02ab30ea19b15e52c88/neo4j-java-driver-1.5.0.jar
7ff9b3f7b000-7ff9b3f80000 r--s 00031000 08:05 3015174                    /home/a4l4e4x4/.gradle/caches/modules-2/files-2.1/io.github.lukehutch/fast-classpath-scanner/2.7.4/f22492a913078ea2007adfb986da0a38753bd7d9/fast-classpath-scanner-2.7.4.jar
7ff9b3f80000-7ff9b3f88000 r--s 00072000 08:05 8131840                    /home/a4l4e4x4/.gradle/caches/modules-2/files-2.1/org.apache.commons/commons-lang3/3.7/557edd918fd41f9260963583ebf5a61a43a6b423/commons-lang3-3.7.jar
7ff9b3f88000-7ff9b3f8a000 r--s 00004000 08:05 7220435                    /home/a4l4e4x4/.gradle/caches/modules-2/files-2.1/org.springframework/spring-jcl/5.0.7.RELEASE/699016ddf454c2c167d9f84ae5777eccadf54728/spring-jcl-5.0.7.RELEASE.jar
7ff9b3f8a000-7ff9b3f8c000 r--s 0000e000 08:05 8402502                    /home/a4l4e4x4/.gradle/caches/modules-2/files-2.1/com.fasterxml/classmate/1.3.4/3d5f48f10bbe4eb7bd862f10c0583be2e0053c6/classmate-1.3.4.jar
7ff9b3f8c000-7ff9b3f8e000 r--s 0000f000 08:05 8002565                    /home/a4l4e4x4/.gradle/caches/modules-2/files-2.1/org.jboss.logging/jboss-logging/3.3.2.Final/3789d00e859632e6c6206adc0c71625559e6e3b0/jboss-logging-3.3.2.Final.jar
7ff9b3f8e000-7ff9b3f93000 r--s 00012000 08:05 8264187                    /home/a4l4e4x4/.gradle/caches/modules-2/files-2.1/javax.validation/validation-api/2.0.1.Final/cb855558e6271b1b32e716d24cb85c7f583ce09e/validation-api-2.0.1.Final.jar
7ff9b3f93000-7ff9b3f97000 r--s 00037000 08:05 3015156                    /home/a4l4e4x4/.gradle/caches/modules-2/files-2.1/org.apache.tomcat.embed/tomcat-embed-el/8.5.31/3a536e1ac71b82627c3a7408eb38fa0704cb9034/tomcat-embed-el-8.5.31.jar
7ff9b3f97000-7ff9b3fc0000 r--s 002d0000 08:05 3015184                    /home/a4l4e4x4/.gradle/caches/modules-2/files-2.1/org.apache.tomcat.embed/tomcat-embed-core/8.5.31/f5adf7ed8c34aa005b22b6a2dc7b6796e10e9c79/tomcat-embed-core-8.5.31.jar
7ff9b3fc0000-7ff9b3fc5000 r--s 0003a000 08:05 3015150                    /home/a4l4e4x4/.gradle/caches/modules-2/files-2.1/org.apache.tomcat.embed/tomcat-embed-websocket/8.5.31/6564e716b89de5eaa0dd234ae7989576503ddf3/tomcat-embed-websocket-8.5.31.jar
7ff9b3fc5000-7ff9b3fd8000 r--s 00137000 08:05 1839258                    /home/a4l4e4x4/.gradle/caches/modules-2/files-2.1/com.fasterxml.jackson.core/jackson-databind/2.9.6/cfa4f316351a91bfd95cb0644c6a2c95f52db1fc/jackson-databind-2.9.6.jar
7ff9b3fd8000-7ff9b3fda000 r--s 00001000 08:05 1839248                    /home/a4l4e4x4/.gradle/caches/modules-2/files-2.1/com.fasterxml.jackson.module/jackson-module-parameter-names/2.9.6/129acd77a4b6ee30d62d3a0899b1344c8ec2bff8/jackson-module-parameter-names-2.9.6.jar
7ff9b3fda000-7ff9b3fdd000 r--s 00016000 08:05 1839252                    /home/a4l4e4x4/.gradle/caches/modules-2/files-2.1/com.fasterxml.jackson.datatype/jackson-datatype-jsr310/2.9.6/ea54f6193d224e5e5732bbd4262327eb465397c2/jackson-datatype-jsr310-2.9.6.jar
7ff9b3fdd000-7ff9b3fdf000 r--s 00007000 08:05 1839250                    /home/a4l4e4x4/.gradle/caches/modules-2/files-2.1/com.fasterxml.jackson.datatype/jackson-datatype-jdk8/2.9.6/456895fc91bf7180b216fead220373e6278230c9/jackson-datatype-jdk8-2.9.6.jar
7ff9b3fdf000-7ff9b3fe1000 r--s 00009000 08:05 7874533                    /home/a4l4e4x4/.gradle/caches/modules-2/files-2.1/org.slf4j/slf4j-api/1.7.25/da76ca59f6a57ee3102f8f9bd9cee742973efa8a/slf4j-api-1.7.25.jar
7ff9b3fe1000-7ff9b3fe4000 r--s 0000c000 08:05 3015162                    /home/a4l4e4x4/.gradle/caches/modules-2/files-2.1/org.neo4j/neo4j-ogm-api/3.1.0/23ab38571b555a7ec55bcac74e6d123c02d1f44e/neo4j-ogm-api-3.1.0.jar
7ff9b3fe4000-7ff9b3fe6000 r--s 00000000 08:05 7874662                    /home/a4l4e4x4/.gradle/caches/modules-2/files-2.1/org.slf4j/jul-to-slf4j/1.7.25/af5364cd6679bfffb114f0dec8a157aaa283b76/jul-to-slf4j-1.7.25.jar
7ff9b3fe6000-7ff9b3fe8000 r--s 00003000 08:05 8132726                    /home/a4l4e4x4/.gradle/caches/modules-2/files-2.1/org.apache.logging.log4j/log4j-to-slf4j/2.10.0/f7e631ccf49cfc0aefa4a2a728da7d374c05bd3c/log4j-to-slf4j-2.10.0.jar
7ff9b3fe8000-7ff9b3fee000 r--s 00041000 08:05 921142                     /home/a4l4e4x4/.gradle/caches/modules-2/files-2.1/ch.qos.logback/logback-classic/1.2.3/7c4f3c474fb2c041d8028740440937705ebb473a/logback-classic-1.2.3.jar
7ff9b3fee000-7ff9b3ffe000 r--s 000c5000 08:05 3015172                    /home/a4l4e4x4/.gradle/caches/modules-2/files-2.1/org.thymeleaf/thymeleaf/3.0.9.RELEASE/64185cca50ac808ad034841c84b4013f955465d2/thymeleaf-3.0.9.RELEASE.jar
7ff9b3ffe000-7ff9b4000000 r--s 00005000 08:05 3015158                    /home/a4l4e4x4/.gradle/caches/modules-2/files-2.1/org.neo4j/neo4j-ogm-bolt-driver/3.1.0/d480c89f3037edbe6d5208f7a7cb44fb7468caba/neo4j-ogm-bolt-driver-3.1.0.jar
7ff9b4000000-7ff9b46d4000 rw-p 00000000 00:00 0 
7ff9b46d4000-7ff9b8000000 ---p 00000000 00:00 0 
7ff9b8000000-7ff9b8021000 rw-p 00000000 00:00 0 
7ff9b8021000-7ff9bc000000 ---p 00000000 00:00 0 
7ff9bc000000-7ff9bc03e000 rw-p 00000000 00:00 0 
7ff9bc03e000-7ff9c0000000 ---p 00000000 00:00 0 
7ff9c0000000-7ff9c0021000 rw-p 00000000 00:00 0 
7ff9c0021000-7ff9c4000000 ---p 00000000 00:00 0 
7ff9c4000000-7ff9c4021000 rw-p 00000000 00:00 0 
7ff9c4021000-7ff9c8000000 ---p 00000000 00:00 0 
7ff9c8000000-7ff9c8021000 rw-p 00000000 00:00 0 
7ff9c8021000-7ff9cc000000 ---p 00000000 00:00 0 
7ff9cc000000-7ff9cc021000 rw-p 00000000 00:00 0 
7ff9cc021000-7ff9d0000000 ---p 00000000 00:00 0 
7ff9d0000000-7ff9d0021000 rw-p 00000000 00:00 0 
7ff9d0021000-7ff9d4000000 ---p 00000000 00:00 0 
7ff9d4000000-7ff9d4021000 rw-p 00000000 00:00 0 
7ff9d4021000-7ff9d8000000 ---p 00000000 00:00 0 
7ff9d8000000-7ff9d8021000 rw-p 00000000 00:00 0 
7ff9d8021000-7ff9dc000000 ---p 00000000 00:00 0 
7ff9dc000000-7ff9dc021000 rw-p 00000000 00:00 0 
7ff9dc021000-7ff9e0000000 ---p 00000000 00:00 0 
7ff9e0000000-7ff9e0007000 r--s 0004e000 08:05 3015160                    /home/a4l4e4x4/.gradle/caches/modules-2/files-2.1/org.neo4j/neo4j-ogm-core/3.1.0/c6d7d86a3530f83df9e37c2843c86fbc66646437/neo4j-ogm-core-3.1.0.jar
7ff9e0007000-7ff9e000e000 r--s 00042000 08:05 921132                     /home/a4l4e4x4/.gradle/caches/modules-2/files-2.1/org.yaml/snakeyaml/1.19/2d998d3d674b172a588e54ab619854d073f555b5/snakeyaml-1.19.jar
7ff9e000e000-7ff9e0026000 r--s 00114000 08:05 7348253                    /home/a4l4e4x4/.gradle/caches/modules-2/files-2.1/org.springframework/spring-core/5.0.7.RELEASE/54b731178d81e66eca9623df772ff32718208137/spring-core-5.0.7.RELEASE.jar
7ff9e0026000-7ff9e0032000 r--s 00096000 08:05 6296575                    /home/a4l4e4x4/.gradle/caches/modules-2/files-2.1/org.springframework/spring-beans/5.0.7.RELEASE/c1196cb3e56da83e3c3a02ef323699f4b05feedc/spring-beans-5.0.7.RELEASE.jar
7ff9e0032000-7ff9e0049000 r--s 000f1000 08:05 7875838                    /home/a4l4e4x4/.gradle/caches/modules-2/files-2.1/org.springframework.data/spring-data-commons/2.0.8.RELEASE/5c19af63b5acb0eab39066684e813d5ecd9d03b7/spring-data-commons-2.0.8.RELEASE.jar
7ff9e0049000-7ff9e0063000 r--s 000f1000 08:05 6445148                    /home/a4l4e4x4/.gradle/caches/modules-2/files-2.1/org.springframework/spring-context/5.0.7.RELEASE/243a23f8968de8754d8199d669780d683ab177bd/spring-context-5.0.7.RELEASE.jar
7ff9e0063000-7ff9e007d000 r--s 00119000 08:05 7644204                    /home/a4l4e4x4/.gradle/caches/modules-2/files-2.1/org.springframework/spring-web/5.0.7.RELEASE/2e04c6c2922fbfa06b5948be14a5782db168b6ec/spring-web-5.0.7.RELEASE.jar
7ff9e007d000-7ff9e008e000 r-xp 00000000 08:05 6694470                    /usr/lib/jvm/java-8-openjdk/jre/lib/amd64/libnio.so
7ff9e008e000-7ff9e028e000 ---p 00011000 08:05 6694470                    /usr/lib/jvm/java-8-openjdk/jre/lib/amd64/libnio.so
7ff9e028e000-7ff9e028f000 r--p 00011000 08:05 6694470                    /usr/lib/jvm/java-8-openjdk/jre/lib/amd64/libnio.so
7ff9e028f000-7ff9e0290000 rw-p 00012000 08:05 6694470                    /usr/lib/jvm/java-8-openjdk/jre/lib/amd64/libnio.so
7ff9e0290000-7ff9e4000000 rw-p 00000000 00:00 0 
7ff9e4000000-7ff9e4029000 rw-p 00000000 00:00 0 
7ff9e4029000-7ff9e8000000 ---p 00000000 00:00 0 
7ff9e8000000-7ff9e8001000 r--s 00000000 08:05 1839312                    /home/a4l4e4x4/.gradle/caches/modules-2/files-2.1/org.springframework.boot/spring-boot-starter-test/2.0.3.RELEASE/1c624b1cc217bac010abce7a28df8169af4a7fa0/spring-boot-starter-test-2.0.3.RELEASE.jar
7ff9e8001000-7ff9e8003000 r--s 00005000 08:05 921116                     /home/a4l4e4x4/.gradle/caches/modules-2/files-2.1/javax.annotation/javax.annotation-api/1.3.2/934c04d3cfef185a8008e7bf34331b79730a9d43/javax.annotation-api-1.3.2.jar
7ff9e8003000-7ff9e8004000 r--s 00000000 08:05 1839242                    /home/a4l4e4x4/.gradle/caches/modules-2/files-2.1/org.springframework.boot/spring-boot-starter-logging/2.0.3.RELEASE/7caad34f01d2688919e15e09a90467963e3d5190/spring-boot-starter-logging-2.0.3.RELEASE.jar
7ff9e8004000-7ff9e8009000 r--s 00040000 08:05 6987857                    /home/a4l4e4x4/.gradle/caches/modules-2/files-2.1/org.springframework/spring-expression/5.0.7.RELEASE/ca01fb473f53dd0ee3c85663b26d5dc325602057/spring-expression-5.0.7.RELEASE.jar
7ff9e8009000-7ff9e8012000 r--s 00051000 08:05 7220440                    /home/a4l4e4x4/.gradle/caches/modules-2/files-2.1/org.springframework/spring-aop/5.0.7.RELEASE/fdd0b6aa3c9c7a188c3bfbf6dfd8d40e843be9ef/spring-aop-5.0.7.RELEASE.jar
7ff9e8012000-7ff9e8021000 r--s 000b2000 08:05 1839240                    /home/a4l4e4x4/.gradle/caches/modules-2/files-2.1/org.springframework/spring-webmvc/5.0.7.RELEASE/751c871527ec7ff335ffc76f2e737e297c0a8d30/spring-webmvc-5.0.7.RELEASE.jar
7ff9e8021000-7ff9e803d000 r--s 000f9000 08:05 1839238                    /home/a4l4e4x4/.gradle/caches/modules-2/files-2.1/org.hibernate.validator/hibernate-validator/6.0.10.Final/4236051a8d209c00f85e70918d5e26d9f3e5201e/hibernate-validator-6.0.10.Final.jar
7ff9e803d000-7ff9e8052000 r--s 000cf000 08:05 1839244                    /home/a4l4e4x4/.gradle/caches/modules-2/files-2.1/org.springframework.boot/spring-boot/2.0.3.RELEASE/b874870d915adbc3dd932e19077d3d45c8e54aa0/spring-boot-2.0.3.RELEASE.jar
7ff9e8052000-7ff9e8072000 r--s 000fc000 08:05 1839246                    /home/a4l4e4x4/.gradle/caches/modules-2/files-2.1/org.springframework.boot/spring-boot-autoconfigure/2.0.3.RELEASE/11bc4cc96b08fabad2b3186755818fa0b32d83f/spring-boot-autoconfigure-2.0.3.RELEASE.jar
7ff9e8072000-7ff9e8109000 r--s 008dd000 08:05 6694393                    /usr/lib/jvm/java-8-openjdk/jre/lib/ext/jfxrt.jar
7ff9e8109000-7ff9e813a000 rw-p 00000000 00:00 0 
7ff9e813a000-7ff9e8151000 r-xp 00000000 08:05 6694489                    /usr/lib/jvm/java-8-openjdk/jre/lib/amd64/libnet.so
7ff9e8151000-7ff9e8350000 ---p 00017000 08:05 6694489                    /usr/lib/jvm/java-8-openjdk/jre/lib/amd64/libnet.so
7ff9e8350000-7ff9e8351000 r--p 00016000 08:05 6694489                    /usr/lib/jvm/java-8-openjdk/jre/lib/amd64/libnet.so
7ff9e8351000-7ff9e8352000 rw-p 00017000 08:05 6694489                    /usr/lib/jvm/java-8-openjdk/jre/lib/amd64/libnet.so
7ff9e8352000-7ff9e835a000 r-xp 00000000 08:05 6694480                    /usr/lib/jvm/java-8-openjdk/jre/lib/amd64/libmanagement.so
7ff9e835a000-7ff9e855a000 ---p 00008000 08:05 6694480                    /usr/lib/jvm/java-8-openjdk/jre/lib/amd64/libmanagement.so
7ff9e855a000-7ff9e855b000 r--p 00008000 08:05 6694480                    /usr/lib/jvm/java-8-openjdk/jre/lib/amd64/libmanagement.so
7ff9e855b000-7ff9e855c000 rw-p 00009000 08:05 6694480                    /usr/lib/jvm/java-8-openjdk/jre/lib/amd64/libmanagement.so
7ff9e855c000-7ff9e855f000 ---p 00000000 00:00 0 
7ff9e855f000-7ff9e865d000 rw-p 00000000 00:00 0 
7ff9e865d000-7ff9e865e000 ---p 00000000 00:00 0 
7ff9e865e000-7ff9e8661000 ---p 00000000 00:00 0 
7ff9e8661000-7ff9e875e000 rw-p 00000000 00:00 0 
7ff9e875e000-7ff9e875f000 ---p 00000000 00:00 0 
7ff9e875f000-7ff9e8762000 ---p 00000000 00:00 0 
7ff9e8762000-7ff9e885f000 rw-p 00000000 00:00 0 
7ff9e885f000-7ff9e8860000 ---p 00000000 00:00 0 
7ff9e8860000-7ff9e8863000 ---p 00000000 00:00 0 
7ff9e8863000-7ff9e8960000 rw-p 00000000 00:00 0 
7ff9e8960000-7ff9e8963000 ---p 00000000 00:00 0 
7ff9e8963000-7ff9e8a61000 rw-p 00000000 00:00 0 
7ff9e8a61000-7ff9e8bfc000 r--p 00000000 08:05 6431022                    /usr/lib/locale/locale-archive
7ff9e8bfc000-7ff9e8bff000 ---p 00000000 00:00 0 
7ff9e8bff000-7ff9e8cfd000 rw-p 00000000 00:00 0 
7ff9e8cfd000-7ff9e8d00000 ---p 00000000 00:00 0 
7ff9e8d00000-7ff9e8dfe000 rw-p 00000000 00:00 0 
7ff9e8dfe000-7ff9e8dff000 ---p 00000000 00:00 0 
7ff9e8dff000-7ff9e9000000 rw-p 00000000 00:00 0 
7ff9e9000000-7ff9e9870000 rwxp 00000000 00:00 0 
7ff9e9870000-7ff9f8000000 ---p 00000000 00:00 0 
7ff9f8000000-7ff9f89cc000 rw-p 00000000 00:00 0 
7ff9f89cc000-7ff9fc000000 ---p 00000000 00:00 0 
7ff9fc000000-7ff9fc008000 r--s 00037000 08:05 7875836                    /home/a4l4e4x4/.gradle/caches/modules-2/files-2.1/org.springframework/spring-tx/5.0.7.RELEASE/4ca59b21c61162adb146ad1b40c30b60d8dc42b8/spring-tx-5.0.7.RELEASE.jar
7ff9fc008000-7ff9fc009000 r--s 00000000 08:05 1839232                    /home/a4l4e4x4/.gradle/caches/modules-2/files-2.1/org.springframework.boot/spring-boot-starter-tomcat/2.0.3.RELEASE/25a51a75bfb997b7b95d6760178ee3303863ec4b/spring-boot-starter-tomcat-2.0.3.RELEASE.jar
7ff9fc009000-7ff9fc00a000 r--s 00009000 08:05 3015142                    /home/a4l4e4x4/.gradle/caches/modules-2/files-2.1/org.thymeleaf.extras/thymeleaf-extras-java8time/3.0.1.RELEASE/d23760d1e53cd70c489ef40dc94ee6bd2371cceb/thymeleaf-extras-java8time-3.0.1.RELEASE.jar
7ff9fc00a000-7ff9fc00e000 r--s 00027000 08:05 3015140                    /home/a4l4e4x4/.gradle/caches/modules-2/files-2.1/org.thymeleaf/thymeleaf-spring5/3.0.9.RELEASE/abf84efd83808a70d982d2790f7f3a7bd3a39cf4/thymeleaf-spring5-3.0.9.RELEASE.jar
7ff9fc00e000-7ff9fc012000 r--s 0001d000 08:05 6296138                    /home/a4l4e4x4/.gradle/caches/modules-2/files-2.1/org.springframework.data/spring-data-neo4j/5.0.8.RELEASE/e67e51cc318c0e1293891c8bd2fd91458abee70c/spring-data-neo4j-5.0.8.RELEASE.jar
7ff9fc012000-7ff9fc013000 r--s 00000000 08:05 1839254                    /home/a4l4e4x4/.gradle/caches/modules-2/files-2.1/org.springframework.boot/spring-boot-starter/2.0.3.RELEASE/ffaa050dbd36b0441645598f1a7ddaf67fd5e678/spring-boot-starter-2.0.3.RELEASE.jar
7ff9fc013000-7ff9fc019000 r--s 0002d000 08:05 7220506                    /home/a4l4e4x4/.gradle/caches/modules-2/files-2.1/org.springframework.boot/spring-boot-devtools/2.0.3.RELEASE/478e12e423b45d182a409f12a28fb9f0cddf84bf/spring-boot-devtools-2.0.3.RELEASE.jar
7ff9fc019000-7ff9fced8000 rw-p 00000000 00:00 0 
7ff9fced8000-7ff9fd0a7000 r--s 03c31000 08:05 6560727                    /usr/lib/jvm/java-8-openjdk/jre/lib/rt.jar
7ff9fd0a7000-7ff9fdcf4000 rw-p 00000000 00:00 0 
7ff9fdcf4000-7ff9fdcf5000 ---p 00000000 00:00 0 
7ff9fdcf5000-7ff9fddf5000 rw-p 00000000 00:00 0 
7ff9fddf5000-7ff9fddf6000 ---p 00000000 00:00 0 
7ff9fddf6000-7ff9fdef6000 rw-p 00000000 00:00 0 
7ff9fdef6000-7ff9fdef7000 ---p 00000000 00:00 0 
7ff9fdef7000-7ff9fdff7000 rw-p 00000000 00:00 0 
7ff9fdff7000-7ff9fdff8000 ---p 00000000 00:00 0 
7ff9fdff8000-7ff9fe11d000 rw-p 00000000 00:00 0 
7ff9fe11d000-7ff9fe388000 ---p 00000000 00:00 0 
7ff9fe388000-7ff9fe3ad000 rw-p 00000000 00:00 0 
7ff9fe3ad000-7ff9fe617000 ---p 00000000 00:00 0 
7ff9fe617000-7ff9fe6c1000 rw-p 00000000 00:00 0 
7ff9fe6c1000-7ff9fe75f000 ---p 00000000 00:00 0 
7ff9fe75f000-7ff9fe782000 rw-p 00000000 00:00 0 
7ff9fe782000-7ff9feb20000 ---p 00000000 00:00 0 
7ff9feb20000-7ff9feb28000 r-xp 00000000 08:05 6694474                    /usr/lib/jvm/java-8-openjdk/jre/lib/amd64/libzip.so
7ff9feb28000-7ff9fed27000 ---p 00008000 08:05 6694474                    /usr/lib/jvm/java-8-openjdk/jre/lib/amd64/libzip.so
7ff9fed27000-7ff9fed28000 r--p 00007000 08:05 6694474                    /usr/lib/jvm/java-8-openjdk/jre/lib/amd64/libzip.so
7ff9fed28000-7ff9fed29000 rw-p 00008000 08:05 6694474                    /usr/lib/jvm/java-8-openjdk/jre/lib/amd64/libzip.so
7ff9fed29000-7ff9fed34000 r-xp 00000000 08:05 6423439                    /usr/lib/libnss_files-2.27.so
7ff9fed34000-7ff9fef33000 ---p 0000b000 08:05 6423439                    /usr/lib/libnss_files-2.27.so
7ff9fef33000-7ff9fef34000 r--p 0000a000 08:05 6423439                    /usr/lib/libnss_files-2.27.so
7ff9fef34000-7ff9fef35000 rw-p 0000b000 08:05 6423439                    /usr/lib/libnss_files-2.27.so
7ff9fef35000-7ff9fef3b000 rw-p 00000000 00:00 0 
7ff9fef3b000-7ff9fef69000 r-xp 00000000 08:05 6694473                    /usr/lib/jvm/java-8-openjdk/jre/lib/amd64/libjava.so
7ff9fef69000-7ff9ff168000 ---p 0002e000 08:05 6694473                    /usr/lib/jvm/java-8-openjdk/jre/lib/amd64/libjava.so
7ff9ff168000-7ff9ff169000 r--p 0002d000 08:05 6694473                    /usr/lib/jvm/java-8-openjdk/jre/lib/amd64/libjava.so
7ff9ff169000-7ff9ff16b000 rw-p 0002e000 08:05 6694473                    /usr/lib/jvm/java-8-openjdk/jre/lib/amd64/libjava.so
7ff9ff16b000-7ff9ff178000 r-xp 00000000 08:05 6694497                    /usr/lib/jvm/java-8-openjdk/jre/lib/amd64/libverify.so
7ff9ff178000-7ff9ff377000 ---p 0000d000 08:05 6694497                    /usr/lib/jvm/java-8-openjdk/jre/lib/amd64/libverify.so
7ff9ff377000-7ff9ff379000 r--p 0000c000 08:05 6694497                    /usr/lib/jvm/java-8-openjdk/jre/lib/amd64/libverify.so
7ff9ff379000-7ff9ff37a000 rw-p 0000e000 08:05 6694497                    /usr/lib/jvm/java-8-openjdk/jre/lib/amd64/libverify.so
7ff9ff37a000-7ff9ff381000 r-xp 00000000 08:05 6423332                    /usr/lib/librt-2.27.so
7ff9ff381000-7ff9ff580000 ---p 00007000 08:05 6423332                    /usr/lib/librt-2.27.so
7ff9ff580000-7ff9ff581000 r--p 00006000 08:05 6423332                    /usr/lib/librt-2.27.so
7ff9ff581000-7ff9ff582000 rw-p 00007000 08:05 6423332                    /usr/lib/librt-2.27.so
7ff9ff582000-7ff9ff715000 r-xp 00000000 08:05 6422992                    /usr/lib/libm-2.27.so
7ff9ff715000-7ff9ff915000 ---p 00193000 08:05 6422992                    /usr/lib/libm-2.27.so
7ff9ff915000-7ff9ff916000 r--p 00193000 08:05 6422992                    /usr/lib/libm-2.27.so
7ff9ff916000-7ff9ff917000 rw-p 00194000 08:05 6422992                    /usr/lib/libm-2.27.so
7ff9ff917000-7ffa005be000 r-xp 00000000 08:05 6833244                    /usr/lib/jvm/java-8-openjdk/jre/lib/amd64/server/libjvm.so
7ffa005be000-7ffa007bd000 ---p 00ca7000 08:05 6833244                    /usr/lib/jvm/java-8-openjdk/jre/lib/amd64/server/libjvm.so
7ffa007bd000-7ffa00852000 r--p 00ca6000 08:05 6833244                    /usr/lib/jvm/java-8-openjdk/jre/lib/amd64/server/libjvm.so
7ffa00852000-7ffa0087a000 rw-p 00d3b000 08:05 6833244                    /usr/lib/jvm/java-8-openjdk/jre/lib/amd64/server/libjvm.so
7ffa0087a000-7ffa008ab000 rw-p 00000000 00:00 0 
7ffa008ab000-7ffa00a5e000 r-xp 00000000 08:05 6424092                    /usr/lib/libc-2.27.so
7ffa00a5e000-7ffa00c5d000 ---p 001b3000 08:05 6424092                    /usr/lib/libc-2.27.so
7ffa00c5d000-7ffa00c61000 r--p 001b2000 08:05 6424092                    /usr/lib/libc-2.27.so
7ffa00c61000-7ffa00c63000 rw-p 001b6000 08:05 6424092                    /usr/lib/libc-2.27.so
7ffa00c63000-7ffa00c67000 rw-p 00000000 00:00 0 
7ffa00c67000-7ffa00c6a000 r-xp 00000000 08:05 6423106                    /usr/lib/libdl-2.27.so
7ffa00c6a000-7ffa00e69000 ---p 00003000 08:05 6423106                    /usr/lib/libdl-2.27.so
7ffa00e69000-7ffa00e6a000 r--p 00002000 08:05 6423106                    /usr/lib/libdl-2.27.so
7ffa00e6a000-7ffa00e6b000 rw-p 00003000 08:05 6423106                    /usr/lib/libdl-2.27.so
7ffa00e6b000-7ffa00e79000 r-xp 00000000 08:05 6833247                    /usr/lib/jvm/java-8-openjdk/jre/lib/amd64/jli/libjli.so
7ffa00e79000-7ffa01078000 ---p 0000e000 08:05 6833247                    /usr/lib/jvm/java-8-openjdk/jre/lib/amd64/jli/libjli.so
7ffa01078000-7ffa01079000 r--p 0000d000 08:05 6833247                    /usr/lib/jvm/java-8-openjdk/jre/lib/amd64/jli/libjli.so
7ffa01079000-7ffa0107a000 rw-p 0000e000 08:05 6833247                    /usr/lib/jvm/java-8-openjdk/jre/lib/amd64/jli/libjli.so
7ffa0107a000-7ffa01090000 r-xp 00000000 08:05 6428670                    /usr/lib/libz.so.1.2.11
7ffa01090000-7ffa0128f000 ---p 00016000 08:05 6428670                    /usr/lib/libz.so.1.2.11
7ffa0128f000-7ffa01290000 r--p 00015000 08:05 6428670                    /usr/lib/libz.so.1.2.11
7ffa01290000-7ffa01291000 rw-p 00016000 08:05 6428670                    /usr/lib/libz.so.1.2.11
7ffa01291000-7ffa012aa000 r-xp 00000000 08:05 6424173                    /usr/lib/libpthread-2.27.so
7ffa012aa000-7ffa014a9000 ---p 00019000 08:05 6424173                    /usr/lib/libpthread-2.27.so
7ffa014a9000-7ffa014aa000 r--p 00018000 08:05 6424173                    /usr/lib/libpthread-2.27.so
7ffa014aa000-7ffa014ab000 rw-p 00019000 08:05 6424173                    /usr/lib/libpthread-2.27.so
7ffa014ab000-7ffa014af000 rw-p 00000000 00:00 0 
7ffa014af000-7ffa014d4000 r-xp 00000000 08:05 6424096                    /usr/lib/ld-2.27.so
7ffa014d4000-7ffa014d5000 r--s 00000000 08:05 1839236                    /home/a4l4e4x4/.gradle/caches/modules-2/files-2.1/org.springframework.boot/spring-boot-starter-json/2.0.3.RELEASE/2e389a8727588c549c28bb277f0f573f65554850/spring-boot-starter-json-2.0.3.RELEASE.jar
7ffa014d5000-7ffa0159a000 rw-p 00000000 00:00 0 
7ffa0159a000-7ffa0159b000 ---p 00000000 00:00 0 
7ffa0159b000-7ffa0159e000 ---p 00000000 00:00 0 
7ffa0159e000-7ffa0169f000 rw-p 00000000 00:00 0 
7ffa0169f000-7ffa016a0000 r--s 00000000 08:05 1839234                    /home/a4l4e4x4/.gradle/caches/modules-2/files-2.1/org.springframework.boot/spring-boot-starter-web/2.0.3.RELEASE/41fd4180bea3813de8f3c602b5a126218360315b/spring-boot-starter-web-2.0.3.RELEASE.jar
7ffa016a0000-7ffa016a1000 r--s 00000000 08:05 3014664                    /home/a4l4e4x4/.gradle/caches/modules-2/files-2.1/org.springframework.boot/spring-boot-starter-thymeleaf/2.0.3.RELEASE/7a8cf11f5b7faa244e1979df491811bc0c858743/spring-boot-starter-thymeleaf-2.0.3.RELEASE.jar
7ffa016a1000-7ffa016a2000 r--s 00000000 08:05 3015330                    /home/a4l4e4x4/.gradle/caches/modules-2/files-2.1/org.springframework.boot/spring-boot-starter-data-neo4j/2.0.3.RELEASE/a2addb9d753e3fad46669390d8194b24b382bd71/spring-boot-starter-data-neo4j-2.0.3.RELEASE.jar
7ffa016a2000-7ffa016c9000 rw-p 00000000 00:00 0 
7ffa016c9000-7ffa016d1000 rw-s 00000000 00:2a 167                        /tmp/hsperfdata_a4l4e4x4/9930
7ffa016d1000-7ffa016d2000 rw-p 00000000 00:00 0 
7ffa016d2000-7ffa016d3000 ---p 00000000 00:00 0 
7ffa016d3000-7ffa016d4000 r--p 00024000 08:05 6424096                    /usr/lib/ld-2.27.so
7ffa016d4000-7ffa016d5000 rw-p 00025000 08:05 6424096                    /usr/lib/ld-2.27.so
7ffa016d5000-7ffa016d6000 rw-p 00000000 00:00 0 
7ffe6e09e000-7ffe6e0c2000 rw-p 00000000 00:00 0                          [stack]
7ffe6e115000-7ffe6e118000 r--p 00000000 00:00 0                          [vvar]
7ffe6e118000-7ffe6e11a000 r-xp 00000000 00:00 0                          [vdso]
ffffffffff600000-ffffffffff601000 r-xp 00000000 00:00 0                  [vsyscall]

VM Arguments:
jvm_args: -Dcom.sun.management.jmxremote -Dcom.sun.management.jmxremote.port=41755 -Dcom.sun.management.jmxremote.authenticate=false -Dcom.sun.management.jmxremote.ssl=false -Djava.rmi.server.hostname=localhost -Dspring.liveBeansView.mbeanDomain -Dspring.application.admin.enabled=true -Djava.security.egd=file:/dev/./urandom -Xverify:none -XX:TieredStopAtLevel=1 -Dfile.encoding=UTF-8 
java_command: com.tfe.soundstudio.SoundStudioApplication --spring.output.ansi.enabled=always
java_class_path (initial): /usr/lib/jvm/java-8-openjdk/jre/lib/resources.jar:/usr/lib/jvm/java-8-openjdk/jre/lib/rt.jar:/usr/lib/jvm/java-8-openjdk/jre/lib/jsse.jar:/usr/lib/jvm/java-8-openjdk/jre/lib/jce.jar:/usr/lib/jvm/java-8-openjdk/jre/lib/charsets.jar:/usr/lib/jvm/java-8-openjdk/jre/lib/ext/localedata.jar:/usr/lib/jvm/java-8-openjdk/jre/lib/ext/cldrdata.jar:/usr/lib/jvm/java-8-openjdk/jre/lib/ext/sunpkcs11.jar:/usr/lib/jvm/java-8-openjdk/jre/lib/ext/jfxrt.jar:/usr/lib/jvm/java-8-openjdk/jre/lib/ext/zipfs.jar:/usr/lib/jvm/java-8-openjdk/jre/lib/ext/jaccess.jar:/usr/lib/jvm/java-8-openjdk/jre/lib/ext/sunec.jar:/usr/lib/jvm/java-8-openjdk/jre/lib/ext/dnsns.jar:/usr/lib/jvm/java-8-openjdk/jre/lib/ext/nashorn.jar:/usr/lib/jvm/java-8-openjdk/jre/lib/ext/sunjce_provider.jar:/home/a4l4e4x4/TFE_ISFCE/git/SoundStudio/bin/main:/home/a4l4e4x4/TFE_ISFCE/git/SoundStudio/bin/test:/SoundStudio/bin/default:/home/a4l4e4x4/.gradle/caches/modules-2/files-2.1/org.springframework.boot/spring-boot-devtools/2.0.3.RELEASE/478e12e423b45d182a409f12a28fb9f0cddf84bf/spring-boot-devtools-2.0.3.RELEASE.jar:/home/a4l4e4x4/.gradle/caches/modules-2/files-2.1/org.springframework.boot/spring-boot-starter-data-neo4j/2.0.3.RELEASE/a2addb9d753e3fad46669390d8194b24b382bd71/spring-boot-starter-data-neo4j-2.0.3.RELEASE.jar:/home/a4l4e4x4/.gradle/caches/modules-2/files-2.1/org.springframework.boot/spring-boot-starter-thymeleaf/2.0.3.RELEASE/7a8cf11f5b7faa244e1979df491811bc0c858743/spring-boot-starter-thymeleaf-2.0.3.RELEASE.jar:/home/a4l4e4x4/.gradle/caches/modules-2/files-2.1/org.springframework.boot/spring-boot-starter-web/2.0.3.RELEASE/41fd4180bea3813de8f3c602b5a126218360315b/spring-boot-starter-web-2.0.3.RELEASE.jar:/home/a4l4e4x4/.gradle/caches/modules-2/files-2.1/org.springframework.boot/spring-boot-starter-json/2.0.3.RELEASE/2e389a8727588c549c28bb277f0f573f65554850/spring-boot-starter-json-2.0.3.RELEASE.jar:/home/a4l4e4x4/.gradle/caches/modules-2/files-2.1/org.springframework.boot/spring-boot-
Launcher Type: SUN_STANDARD

Environment Variables:
PATH=/usr/local/bin:/usr/bin:/bin:/usr/local/sbin:/usr/lib/jvm/default/bin:/usr/bin/site_perl:/usr/bin/vendor_perl:/usr/bin/core_perl
SHELL=/bin/bash
DISPLAY=:0

Signal Handlers:
SIGSEGV: [libjvm.so+0xaac6c0], sa_mask[0]=11111111011111111101111111111110, sa_flags=SA_RESTART|SA_SIGINFO
SIGBUS: [libjvm.so+0xaac6c0], sa_mask[0]=11111111011111111101111111111110, sa_flags=SA_RESTART|SA_SIGINFO
SIGFPE: [libjvm.so+0x8e2e80], sa_mask[0]=11111111011111111101111111111110, sa_flags=SA_RESTART|SA_SIGINFO
SIGPIPE: [libjvm.so+0x8e2e80], sa_mask[0]=11111111011111111101111111111110, sa_flags=SA_RESTART|SA_SIGINFO
SIGXFSZ: [libjvm.so+0x8e2e80], sa_mask[0]=11111111011111111101111111111110, sa_flags=SA_RESTART|SA_SIGINFO
SIGILL: [libjvm.so+0x8e2e80], sa_mask[0]=11111111011111111101111111111110, sa_flags=SA_RESTART|SA_SIGINFO
SIGUSR1: SIG_DFL, sa_mask[0]=00000000000000000000000000000000, sa_flags=none
SIGUSR2: [libjvm.so+0x8e2d30], sa_mask[0]=00100000000000000000000000000000, sa_flags=SA_RESTART|SA_SIGINFO
SIGHUP: [libjvm.so+0x8e31e0], sa_mask[0]=11111111011111111101111111111110, sa_flags=SA_RESTART|SA_SIGINFO
SIGINT: [libjvm.so+0x8e31e0], sa_mask[0]=11111111011111111101111111111110, sa_flags=SA_RESTART|SA_SIGINFO
SIGTERM: [libjvm.so+0x8e31e0], sa_mask[0]=11111111011111111101111111111110, sa_flags=SA_RESTART|SA_SIGINFO
SIGQUIT: [libjvm.so+0x8e31e0], sa_mask[0]=11111111011111111101111111111110, sa_flags=SA_RESTART|SA_SIGINFO


---------------  S Y S T E M  ---------------

OS:DISTRIB_ID=ManjaroLinux
DISTRIB_RELEASE=17.1.11
DISTRIB_CODENAME=Hakoila
DISTRIB_DESCRIPTION="Manjaro Linux"

uname:Linux 4.14.57-1-MANJARO #1 SMP PREEMPT Sun Jul 22 19:25:51 UTC 2018 x86_64
libc:glibc 2.27 NPTL 2.27 
rlimit: STACK 8192k, CORE infinity, NPROC 31114, NOFILE 4096, AS infinity
load average:1.24 0.62 0.39

/proc/meminfo:
MemTotal:        8050080 kB
MemFree:          138792 kB
MemAvailable:      35148 kB
Buffers:            2368 kB
Cached:           630168 kB
SwapCached:            0 kB
Active:          7106692 kB
Inactive:         510684 kB
Active(anon):    7092892 kB
Inactive(anon):   497620 kB
Active(file):      13800 kB
Inactive(file):    13064 kB
Unevictable:          64 kB
Mlocked:              64 kB
SwapTotal:             0 kB
SwapFree:              0 kB
Dirty:               108 kB
Writeback:             0 kB
AnonPages:       6985328 kB
Mapped:           320780 kB
Shmem:            605248 kB
Slab:             109296 kB
SReclaimable:      43852 kB
SUnreclaim:        65444 kB
KernelStack:       14544 kB
PageTables:        67204 kB
NFS_Unstable:          0 kB
Bounce:                0 kB
WritebackTmp:          0 kB
CommitLimit:     4025040 kB
Committed_AS:   13505260 kB
VmallocTotal:   34359738367 kB
VmallocUsed:           0 kB
VmallocChunk:          0 kB
HardwareCorrupted:     0 kB
AnonHugePages:   3469312 kB
ShmemHugePages:        0 kB
ShmemPmdMapped:        0 kB
HugePages_Total:       0
HugePages_Free:        0
HugePages_Rsvd:        0
HugePages_Surp:        0
Hugepagesize:       2048 kB
DirectMap4k:      263176 kB
DirectMap2M:     8003584 kB
DirectMap1G:     1048576 kB


CPU:total 4 (initial active 4) (2 cores per cpu, 2 threads per core) family 6 model 142 stepping 9, cmov, cx8, fxsr, mmx, sse, sse2, sse3, ssse3, sse4.1, sse4.2, popcnt, avx, avx2, aes, clmul, erms, 3dnowpref, lzcnt, ht, tsc, tscinvbit, bmi1, bmi2, adx

/proc/cpuinfo:
processor	: 0
vendor_id	: GenuineIntel
cpu family	: 6
model		: 142
model name	: Intel(R) Core(TM) i5-7200U CPU @ 2.50GHz
stepping	: 9
microcode	: 0x84
cpu MHz		: 615.348
cache size	: 3072 KB
physical id	: 0
siblings	: 4
core id		: 0
cpu cores	: 2
apicid		: 0
initial apicid	: 0
fpu		: yes
fpu_exception	: yes
cpuid level	: 22
wp		: yes
flags		: fpu vme de pse tsc msr pae mce cx8 apic sep mtrr pge mca cmov pat pse36 clflush dts acpi mmx fxsr sse sse2 ss ht tm pbe syscall nx pdpe1gb rdtscp lm constant_tsc art arch_perfmon pebs bts rep_good nopl xtopology nonstop_tsc cpuid aperfmperf tsc_known_freq pni pclmulqdq dtes64 monitor ds_cpl vmx est tm2 ssse3 sdbg fma cx16 xtpr pdcm pcid sse4_1 sse4_2 x2apic movbe popcnt tsc_deadline_timer aes xsave avx f16c rdrand lahf_lm abm 3dnowprefetch cpuid_fault epb invpcid_single pti ibrs ibpb stibp tpr_shadow vnmi flexpriority ept vpid fsgsbase tsc_adjust bmi1 avx2 smep bmi2 erms invpcid mpx rdseed adx smap clflushopt intel_pt xsaveopt xsavec xgetbv1 xsaves dtherm ida arat pln pts hwp hwp_notify hwp_act_window hwp_epp
bugs		: cpu_meltdown spectre_v1 spectre_v2 spec_store_bypass
bogomips	: 5426.00
clflush size	: 64
cache_alignment	: 64
address sizes	: 39 bits physical, 48 bits virtual
power management:

processor	: 1
vendor_id	: GenuineIntel
cpu family	: 6
model		: 142
model name	: Intel(R) Core(TM) i5-7200U CPU @ 2.50GHz
stepping	: 9
microcode	: 0x84
cpu MHz		: 635.488
cache size	: 3072 KB
physical id	: 0
siblings	: 4
core id		: 1
cpu cores	: 2
apicid		: 2
initial apicid	: 2
fpu		: yes
fpu_exception	: yes
cpuid level	: 22
wp		: yes
flags		: fpu vme de pse tsc msr pae mce cx8 apic sep mtrr pge mca cmov pat pse36 clflush dts acpi mmx fxsr sse sse2 ss ht tm pbe syscall nx pdpe1gb rdtscp lm constant_tsc art arch_perfmon pebs bts rep_good nopl xtopology nonstop_tsc cpuid aperfmperf tsc_known_freq pni pclmulqdq dtes64 monitor ds_cpl vmx est tm2 ssse3 sdbg fma cx16 xtpr pdcm pcid sse4_1 sse4_2 x2apic movbe popcnt tsc_deadline_timer aes xsave avx f16c rdrand lahf_lm abm 3dnowprefetch cpuid_fault epb invpcid_single pti tpr_shadow vnmi flexpriority ept vpid fsgsbase tsc_adjust bmi1 avx2 smep bmi2 erms invpcid mpx rdseed adx smap clflushopt intel_pt xsaveopt xsavec xgetbv1 xsaves dtherm ida arat pln pts hwp hwp_notify hwp_act_window hwp_epp
bugs		: cpu_meltdown spectre_v1 spectre_v2 spec_store_bypass
bogomips	: 5426.00
clflush size	: 64
cache_alignment	: 64
address sizes	: 39 bits physical, 48 bits virtual
power management:

processor	: 2
vendor_id	: GenuineIntel
cpu family	: 6
model		: 142
model name	: Intel(R) Core(TM) i5-7200U CPU @ 2.50GHz
stepping	: 9
microcode	: 0x84
cpu MHz		: 648.553
cache size	: 3072 KB
physical id	: 0
siblings	: 4
core id		: 0
cpu cores	: 2
apicid		: 1
initial apicid	: 1
fpu		: yes
fpu_exception	: yes
cpuid level	: 22
wp		: yes
flags		: fpu vme de pse tsc msr pae mce cx8 apic sep mtrr pge mca cmov pat pse36 clflush dts acpi mmx fxsr sse sse2 ss ht tm pbe syscall nx pdpe1gb rdtscp lm constant_tsc art arch_perfmon pebs bts rep_good nopl xtopology nonstop_tsc cpuid aperfmperf tsc_known_freq pni pclmulqdq dtes64 monitor ds_cpl vmx est tm2 ssse3 sdbg fma cx16 xtpr pdcm pcid sse4_1 sse4_2 x2apic movbe popcnt tsc_deadline_timer aes xsave avx f16c rdrand lahf_lm abm 3dnowprefetch cpuid_fault epb invpcid_single pti ibrs ibpb stibp tpr_shadow vnmi flexpriority ept vpid fsgsbase tsc_adjust bmi1 avx2 smep bmi2 erms invpcid mpx rdseed adx smap clflushopt intel_pt xsaveopt xsavec xgetbv1 xsaves dtherm ida arat pln pts hwp hwp_notify hwp_act_window hwp_epp
bugs		: cpu_meltdown spectre_v1 spectre_v2 spec_store_bypass
bogomips	: 5426.00
clflush size	: 64
cache_alignment	: 64
address sizes	: 39 bits physical, 48 bits virtual
power management:

processor	: 3
vendor_id	: GenuineIntel
cpu family	: 6
model		: 142
model name	: Intel(R) Core(TM) i5-7200U CPU @ 2.50GHz
stepping	: 9
microcode	: 0x84
cpu MHz		: 620.426
cache size	: 3072 KB
physical id	: 0
siblings	: 4
core id		: 1
cpu cores	: 2
apicid		: 3
initial apicid	: 3
fpu		: yes
fpu_exception	: yes
cpuid level	: 22
wp		: yes
flags		: fpu vme de pse tsc msr pae mce cx8 apic sep mtrr pge mca cmov pat pse36 clflush dts acpi mmx fxsr sse sse2 ss ht tm pbe syscall nx pdpe1gb rdtscp lm constant_tsc art arch_perfmon pebs bts rep_good nopl xtopology nonstop_tsc cpuid aperfmperf tsc_known_freq pni pclmulqdq dtes64 monitor ds_cpl vmx est tm2 ssse3 sdbg fma cx16 xtpr pdcm pcid sse4_1 sse4_2 x2apic movbe popcnt tsc_deadline_timer aes xsave avx f16c rdrand lahf_lm abm 3dnowprefetch cpuid_fault epb invpcid_single pti ibrs ibpb stibp tpr_shadow vnmi flexpriority ept vpid fsgsbase tsc_adjust bmi1 avx2 smep bmi2 erms invpcid mpx rdseed adx smap clflushopt intel_pt xsaveopt xsavec xgetbv1 xsaves dtherm ida arat pln pts hwp hwp_notify hwp_act_window hwp_epp
bugs		: cpu_meltdown spectre_v1 spectre_v2 spec_store_bypass
bogomips	: 5426.00
clflush size	: 64
cache_alignment	: 64
address sizes	: 39 bits physical, 48 bits virtual
power management:



Memory: 4k page, physical 8050080k(138792k free), swap 0k(0k free)

vm_info: OpenJDK 64-Bit Server VM (25.172-b11) for linux-amd64 JRE (1.8.0_172-b11), built on Apr 26 2018 02:09:23 by "builduser" with gcc 7.3.1 20180406

time: Mon Aug 13 12:42:22 2018
elapsed time: 70 seconds (0d 0h 1m 10s)

