#
# There is insufficient memory for the Java Runtime Environment to continue.
# Native memory allocation (mmap) failed to map 287834112 bytes for committing reserved memory.
# Possible reasons:
#   The system is out of physical RAM or swap space
#   In 32 bit mode, the process size limit was hit
# Possible solutions:
#   Reduce memory load on the system
#   Increase physical memory or swap space
#   Check if swap backing store is full
#   Use 64 bit Java on a 64 bit OS
#   Decrease Java heap size (-Xmx/-Xms)
#   Decrease number of Java threads
#   Decrease Java thread stack sizes (-Xss)
#   Set larger code cache with -XX:ReservedCodeCacheSize=
# This output file may be truncated or incomplete.
#
#  Out of Memory Error (os_linux.cpp:2640), pid=2580, tid=0x00007f558f6f6700
#
# JRE version: OpenJDK Runtime Environment (8.0_181-b13) (build 1.8.0_181-b13)
# Java VM: OpenJDK 64-Bit Server VM (25.181-b13 mixed mode linux-amd64 compressed oops)
# Core dump written. Default location: /home/a4l4e4x4/TFE_ISFCE/git/SoundStudio/core or core.2580
#

---------------  T H R E A D  ---------------

Current thread (0x00007f55b407e800):  VMThread [stack: 0x00007f558f5f7000,0x00007f558f6f7000] [id=2590]

Stack: [0x00007f558f5f7000,0x00007f558f6f7000],  sp=0x00007f558f6f53b0,  free space=1016k
Native frames: (J=compiled Java code, j=interpreted, Vv=VM code, C=native code)
V  [libjvm.so+0xa2b17c]
V  [libjvm.so+0x4b7dfa]
V  [libjvm.so+0x88c9dc]
V  [libjvm.so+0x88713f]
V  [libjvm.so+0x8fd98f]
V  [libjvm.so+0x8ecd55]
V  [libjvm.so+0x8ece98]
V  [libjvm.so+0x8ed331]
V  [libjvm.so+0x8f3f50]
V  [libjvm.so+0x8fbf06]
V  [libjvm.so+0x8ae66a]
V  [libjvm.so+0xa2cf39]
V  [libjvm.so+0xa32427]
V  [libjvm.so+0xa2fe98]
V  [libjvm.so+0xa3115d]
V  [libjvm.so+0xa313be]
V  [libjvm.so+0x889e74]

VM_Operation (0x00007f552bff5b70): ParallelGCFailedAllocation, mode: safepoint, requested by thread 0x00007f55480ae800


---------------  P R O C E S S  ---------------

Java Threads: ( => current thread )
  0x00007f556c047000 JavaThread "Neo4jDriverIO-2-8" [_thread_blocked, id=2718, stack(0x00007f55293e7000,0x00007f55294e8000)]
  0x00007f556c045000 JavaThread "Neo4jDriverIO-2-7" [_thread_blocked, id=2717, stack(0x00007f55294e8000,0x00007f55295e9000)]
  0x00007f556c043800 JavaThread "Neo4jDriverIO-2-6" [_thread_blocked, id=2716, stack(0x00007f55295e9000,0x00007f55296ea000)]
  0x00007f556c043000 JavaThread "Neo4jDriverIO-2-5" [_thread_blocked, id=2714, stack(0x00007f558cd66000,0x00007f558ce67000)]
  0x00007f556c041800 JavaThread "Neo4jDriverIO-2-4" [_thread_blocked, id=2712, stack(0x00007f55299eb000,0x00007f5529aec000)]
  0x00007f556c03f800 JavaThread "Neo4jDriverIO-2-3" [_thread_blocked, id=2711, stack(0x00007f5529aec000,0x00007f5529bed000)]
  0x00007f556804d800 JavaThread "threadDeathWatcher-3-1" daemon [_thread_blocked, id=2710, stack(0x00007f552abee000,0x00007f552acef000)]
  0x00007f556c03c000 JavaThread "Neo4jDriverIO-2-2" [_thread_blocked, id=2709, stack(0x00007f558e184000,0x00007f558e285000)]
  0x00007f551c114000 JavaThread "Neo4jDriverIO-2-1" [_thread_blocked, id=2708, stack(0x00007f558d46e000,0x00007f558d56f000)]
  0x00007f55480d3000 JavaThread "http-nio-8080-AsyncTimeout" daemon [_thread_blocked, id=2705, stack(0x00007f558e083000,0x00007f558e184000)]
  0x00007f55480d2000 JavaThread "http-nio-8080-Acceptor-0" daemon [_thread_in_native, id=2704, stack(0x00007f558cf68000,0x00007f558d069000)]
  0x00007f55480d1000 JavaThread "http-nio-8080-ClientPoller-1" daemon [_thread_blocked, id=2703, stack(0x00007f558ce67000,0x00007f558cf68000)]
  0x00007f55480c3000 JavaThread "http-nio-8080-ClientPoller-0" daemon [_thread_blocked, id=2702, stack(0x00007f552b6f7000,0x00007f552b7f8000)]
  0x00007f55480b5000 JavaThread "http-nio-8080-exec-10" daemon [_thread_blocked, id=2701, stack(0x00007f552b7f8000,0x00007f552b8f9000)]
  0x00007f55480b3800 JavaThread "http-nio-8080-exec-9" daemon [_thread_blocked, id=2700, stack(0x00007f552b5f6000,0x00007f552b6f7000)]
  0x00007f55480b2800 JavaThread "http-nio-8080-exec-8" daemon [_thread_blocked, id=2699, stack(0x00007f558c061000,0x00007f558c162000)]
  0x00007f55480b1800 JavaThread "http-nio-8080-exec-7" daemon [_thread_blocked, id=2698, stack(0x00007f552bbfc000,0x00007f552bcfd000)]
  0x00007f55480b0800 JavaThread "http-nio-8080-exec-6" daemon [_thread_blocked, id=2697, stack(0x00007f552bdfe000,0x00007f552beff000)]
  0x00007f55480af800 JavaThread "http-nio-8080-exec-5" daemon [_thread_blocked, id=2696, stack(0x00007f558c162000,0x00007f558c263000)]
  0x00007f55480ae800 JavaThread "http-nio-8080-exec-4" daemon [_thread_blocked, id=2695, stack(0x00007f552beff000,0x00007f552c000000)]
  0x00007f55480ad800 JavaThread "http-nio-8080-exec-3" daemon [_thread_blocked, id=2694, stack(0x00007f558c263000,0x00007f558c364000)]
  0x00007f55480ac000 JavaThread "http-nio-8080-exec-2" daemon [_thread_blocked, id=2693, stack(0x00007f552bcfd000,0x00007f552bdfe000)]
  0x00007f55480ab800 JavaThread "http-nio-8080-exec-1" daemon [_thread_blocked, id=2692, stack(0x00007f552b9fa000,0x00007f552bafb000)]
  0x00007f55480aa800 JavaThread "NioBlockingSelector.BlockPoller-2" daemon [_thread_blocked, id=2691, stack(0x00007f552b8f9000,0x00007f552b9fa000)]
  0x00007f554809c800 JavaThread "File Watcher" daemon [_thread_blocked, id=2690, stack(0x00007f552bafb000,0x00007f552bbfc000)]
  0x00007f554803d000 JavaThread "container-0" [_thread_blocked, id=2685, stack(0x00007f558cc65000,0x00007f558cd66000)]
  0x00007f554803c800 JavaThread "ContainerBackgroundProcessor[StandardEngine[Tomcat]]" daemon [_thread_blocked, id=2684, stack(0x00007f552b4f5000,0x00007f552b5f6000)]
  0x00007f55b4011000 JavaThread "DestroyJavaVM" [_thread_blocked, id=2582, stack(0x00007f55b91f4000,0x00007f55b92f4000)]
  0x00007f5550866800 JavaThread "Live Reload Server" daemon [_thread_in_native, id=2620, stack(0x00007f558c364000,0x00007f558c465000)]
  0x00007f55b4572000 JavaThread "RMI TCP Accept-0" daemon [_thread_in_native, id=2600, stack(0x00007f558e586000,0x00007f558e687000)]
  0x00007f55b4565800 JavaThread "RMI TCP Accept-37881" daemon [_thread_in_native, id=2599, stack(0x00007f558e687000,0x00007f558e788000)]
  0x00007f55b454c800 JavaThread "RMI TCP Accept-0" daemon [_thread_in_native, id=2598, stack(0x00007f558e788000,0x00007f558e889000)]
  0x00007f55b40c7000 JavaThread "Service Thread" daemon [_thread_blocked, id=2597, stack(0x00007f558ec0a000,0x00007f558ed0b000)]
  0x00007f55b40c4000 JavaThread "C1 CompilerThread2" daemon [_thread_blocked, id=2596, stack(0x00007f558ed0c000,0x00007f558ee0c000)]
  0x00007f55b40c2000 JavaThread "C2 CompilerThread1" daemon [_thread_blocked, id=2595, stack(0x00007f558ee0d000,0x00007f558ef0d000)]
  0x00007f55b40bf800 JavaThread "C2 CompilerThread0" daemon [_thread_blocked, id=2594, stack(0x00007f558ef0e000,0x00007f558f00e000)]
  0x00007f55b40bd800 JavaThread "Signal Dispatcher" daemon [_thread_blocked, id=2593, stack(0x00007f558f00e000,0x00007f558f10f000)]
  0x00007f55b408a800 JavaThread "Finalizer" daemon [_thread_blocked, id=2592, stack(0x00007f558f3f4000,0x00007f558f4f5000)]
  0x00007f55b4086000 JavaThread "Reference Handler" daemon [_thread_blocked, id=2591, stack(0x00007f558f4f5000,0x00007f558f5f6000)]

Other Threads:
=>0x00007f55b407e800 VMThread [stack: 0x00007f558f5f7000,0x00007f558f6f7000] [id=2590]
  0x00007f55b4574000 WatcherThread [stack: 0x00007f558e486000,0x00007f558e586000] [id=2601]

VM state:at safepoint (normal execution)

VM Mutex/Monitor currently owned by a thread:  ([mutex/lock_event])
[0x00007f55b400e090] ExpandHeap_lock - owner thread: 0x00007f55b407e800
[0x00007f55b400e710] Threads_lock - owner thread: 0x00007f55b407e800
[0x00007f55b400ec10] Heap_lock - owner thread: 0x00007f55480ae800

Heap:
 PSYoungGen      total 485376K, used 45501K [0x00000000d7100000, 0x0000000100000000, 0x0000000100000000)
  eden space 357376K, 0% used [0x00000000d7100000,0x00000000d7100000,0x00000000ece00000)
  from space 128000K, 35% used [0x00000000f8300000,0x00000000faf6f6a8,0x0000000100000000)
  to   space 156672K, 0% used [0x00000000ece00000,0x00000000ece00000,0x00000000f6700000)
 ParOldGen       total 1061376K, used 1061334K [0x0000000085200000, 0x00000000c5e80000, 0x00000000d7100000)
  object space 1061376K, 99% used [0x0000000085200000,0x00000000c5e75a28,0x00000000c5e80000)
 Metaspace       used 47061K, capacity 50172K, committed 50304K, reserved 1093632K
  class space    used 6185K, capacity 6755K, committed 6784K, reserved 1048576K

Card table byte_map: [0x00007f55b8a15000,0x00007f55b8ded000] byte_map_base: 0x00007f55b85ec000

Marking Bits: (ParMarkBitMap*) 0x00007f55ba145ae0
 Begin Bits: [0x00007f559c290000, 0x00007f559e148000)
 End Bits:   [0x00007f559e148000, 0x00007f55a0000000)

Polling page: 0x00007f55ba588000

CodeCache: size=245760Kb used=12532Kb max_used=12596Kb free=233227Kb
 bounds [0x00007f55a5000000, 0x00007f55a5c60000, 0x00007f55b4000000]
 total_blobs=7057 nmethods=6528 adapters=442
 compilation: enabled

Compilation events (10 events):
Event: 146.682 Thread 0x00007f55b40c4000 6673       1       org.springframework.boot.devtools.filewatch.FileSystemWatcher$Watcher::isDifferent (105 bytes)
Event: 146.683 Thread 0x00007f55b40c4000 nmethod 6673 0x00007f55a5578c50 code [0x00007f55a5578e60, 0x00007f55a5579268]
Event: 154.630 Thread 0x00007f55b40c4000 6675       1       org.neo4j.driver.internal.shaded.io.netty.util.ThreadDeathWatcher$Watcher::fetchWatchees (55 bytes)
Event: 154.630 Thread 0x00007f55b40c4000 nmethod 6675 0x00007f55a55786d0 code [0x00007f55a5578860, 0x00007f55a5578a68]
Event: 154.630 Thread 0x00007f55b40c4000 6674       1       org.neo4j.driver.internal.shaded.io.netty.util.ThreadDeathWatcher::access$100 (4 bytes)
Event: 154.630 Thread 0x00007f55b40c4000 nmethod 6674 0x00007f55a5932910 code [0x00007f55a5932a60, 0x00007f55a5932b50]
Event: 163.890 Thread 0x00007f55b40c4000 6676       1       org.apache.catalina.valves.ValveBase::getNext (5 bytes)
Event: 163.890 Thread 0x00007f55b40c4000 nmethod 6676 0x00007f55a5932650 code [0x00007f55a59327a0, 0x00007f55a59328b0]
Event: 166.631 Thread 0x00007f55b40c4000 6677       1       java.util.Collections$SetFromMap::iterator (10 bytes)
Event: 166.631 Thread 0x00007f55b40c4000 nmethod 6677 0x00007f55a5932310 code [0x00007f55a5932480, 0x00007f55a59325c8]

GC Heap History (10 events):
Event: 172.913 GC heap after
Heap after GC invocations=103 (full 9):
 PSYoungGen      total 538624K, used 45600K [0x00000000d7100000, 0x0000000100000000, 0x0000000100000000)
  eden space 404992K, 0% used [0x00000000d7100000,0x00000000d7100000,0x00000000efc80000)
  from space 133632K, 34% used [0x00000000f7a80000,0x00000000fa708000,0x00000000ffd00000)
  to   space 129024K, 0% used [0x00000000efc80000,0x00000000efc80000,0x00000000f7a80000)
 ParOldGen       total 1061376K, used 985276K [0x0000000085200000, 0x00000000c5e80000, 0x00000000d7100000)
  object space 1061376K, 92% used [0x0000000085200000,0x00000000c142f070,0x00000000c5e80000)
 Metaspace       used 47061K, capacity 50172K, committed 50304K, reserved 1093632K
  class space    used 6185K, capacity 6755K, committed 6784K, reserved 1048576K
}
Event: 174.918 GC heap before
{Heap before GC invocations=104 (full 9):
 PSYoungGen      total 538624K, used 450592K [0x00000000d7100000, 0x0000000100000000, 0x0000000100000000)
  eden space 404992K, 100% used [0x00000000d7100000,0x00000000efc80000,0x00000000efc80000)
  from space 133632K, 34% used [0x00000000f7a80000,0x00000000fa708000,0x00000000ffd00000)
  to   space 129024K, 0% used [0x00000000efc80000,0x00000000efc80000,0x00000000f7a80000)
 ParOldGen       total 1061376K, used 985276K [0x0000000085200000, 0x00000000c5e80000, 0x00000000d7100000)
  object space 1061376K, 92% used [0x0000000085200000,0x00000000c142f070,0x00000000c5e80000)
 Metaspace       used 47061K, capacity 50172K, committed 50304K, reserved 1093632K
  class space    used 6185K, capacity 6755K, committed 6784K, reserved 1048576K
Event: 175.025 GC heap after
Heap after GC invocations=104 (full 9):
 PSYoungGen      total 465920K, used 60864K [0x00000000d7100000, 0x00000000fef80000, 0x0000000100000000)
  eden space 404992K, 0% used [0x00000000d7100000,0x00000000d7100000,0x00000000efc80000)
  from space 60928K, 99% used [0x00000000efc80000,0x00000000f37f0000,0x00000000f3800000)
  to   space 122880K, 0% used [0x00000000f7780000,0x00000000f7780000,0x00000000fef80000)
 ParOldGen       total 1061376K, used 985276K [0x0000000085200000, 0x00000000c5e80000, 0x00000000d7100000)
  object space 1061376K, 92% used [0x0000000085200000,0x00000000c142f070,0x00000000c5e80000)
 Metaspace       used 47061K, capacity 50172K, committed 50304K, reserved 1093632K
  class space    used 6185K, capacity 6755K, committed 6784K, reserved 1048576K
}
Event: 176.639 GC heap before
{Heap before GC invocations=105 (full 9):
 PSYoungGen      total 465920K, used 465856K [0x00000000d7100000, 0x00000000fef80000, 0x0000000100000000)
  eden space 404992K, 100% used [0x00000000d7100000,0x00000000efc80000,0x00000000efc80000)
  from space 60928K, 99% used [0x00000000efc80000,0x00000000f37f0000,0x00000000f3800000)
  to   space 122880K, 0% used [0x00000000f7780000,0x00000000f7780000,0x00000000fef80000)
 ParOldGen       total 1061376K, used 985276K [0x0000000085200000, 0x00000000c5e80000, 0x00000000d7100000)
  object space 1061376K, 92% used [0x0000000085200000,0x00000000c142f070,0x00000000c5e80000)
 Metaspace       used 47061K, capacity 50172K, committed 50304K, reserved 1093632K
  class space    used 6185K, capacity 6755K, committed 6784K, reserved 1048576K
Event: 176.766 GC heap after
Heap after GC invocations=105 (full 9):
 PSYoungGen      total 530944K, used 75808K [0x00000000d7100000, 0x0000000100000000, 0x0000000100000000)
  eden space 408064K, 0% used [0x00000000d7100000,0x00000000d7100000,0x00000000eff80000)
  from space 122880K, 61% used [0x00000000f7780000,0x00000000fc188000,0x00000000fef80000)
  to   space 122880K, 0% used [0x00000000eff80000,0x00000000eff80000,0x00000000f7780000)
 ParOldGen       total 1061376K, used 985276K [0x0000000085200000, 0x00000000c5e80000, 0x00000000d7100000)
  object space 1061376K, 92% used [0x0000000085200000,0x00000000c142f070,0x00000000c5e80000)
 Metaspace       used 47061K, capacity 50172K, committed 50304K, reserved 1093632K
  class space    used 6185K, capacity 6755K, committed 6784K, reserved 1048576K
}
Event: 178.466 GC heap before
{Heap before GC invocations=106 (full 9):
 PSYoungGen      total 530944K, used 483872K [0x00000000d7100000, 0x0000000100000000, 0x0000000100000000)
  eden space 408064K, 100% used [0x00000000d7100000,0x00000000eff80000,0x00000000eff80000)
  from space 122880K, 61% used [0x00000000f7780000,0x00000000fc188000,0x00000000fef80000)
  to   space 122880K, 0% used [0x00000000eff80000,0x00000000eff80000,0x00000000f7780000)
 ParOldGen       total 1061376K, used 985276K [0x0000000085200000, 0x00000000c5e80000, 0x00000000d7100000)
  object space 1061376K, 92% used [0x0000000085200000,0x00000000c142f070,0x00000000c5e80000)
 Metaspace       used 47061K, capacity 50172K, committed 50304K, reserved 1093632K
  class space    used 6185K, capacity 6755K, committed 6784K, reserved 1048576K
Event: 178.624 GC heap after
Heap after GC invocations=106 (full 9):
 PSYoungGen      total 530944K, used 91200K [0x00000000d7100000, 0x0000000100000000, 0x0000000100000000)
  eden space 408064K, 0% used [0x00000000d7100000,0x00000000d7100000,0x00000000eff80000)
  from space 122880K, 74% used [0x00000000eff80000,0x00000000f5890000,0x00000000f7780000)
  to   space 128000K, 0% used [0x00000000f8300000,0x00000000f8300000,0x0000000100000000)
 ParOldGen       total 1061376K, used 985276K [0x0000000085200000, 0x00000000c5e80000, 0x00000000d7100000)
  object space 1061376K, 92% used [0x0000000085200000,0x00000000c142f070,0x00000000c5e80000)
 Metaspace       used 47061K, capacity 50172K, committed 50304K, reserved 1093632K
  class space    used 6185K, capacity 6755K, committed 6784K, reserved 1048576K
}
Event: 180.105 GC heap before
{Heap before GC invocations=107 (full 9):
 PSYoungGen      total 530944K, used 499264K [0x00000000d7100000, 0x0000000100000000, 0x0000000100000000)
  eden space 408064K, 100% used [0x00000000d7100000,0x00000000eff80000,0x00000000eff80000)
  from space 122880K, 74% used [0x00000000eff80000,0x00000000f5890000,0x00000000f7780000)
  to   space 128000K, 0% used [0x00000000f8300000,0x00000000f8300000,0x0000000100000000)
 ParOldGen       total 1061376K, used 985276K [0x0000000085200000, 0x00000000c5e80000, 0x00000000d7100000)
  object space 1061376K, 92% used [0x0000000085200000,0x00000000c142f070,0x00000000c5e80000)
 Metaspace       used 47061K, capacity 50172K, committed 50304K, reserved 1093632K
  class space    used 6185K, capacity 6755K, committed 6784K, reserved 1048576K
Event: 180.232 GC heap after
Heap after GC invocations=107 (full 9):
 PSYoungGen      total 485376K, used 127970K [0x00000000d7100000, 0x0000000100000000, 0x0000000100000000)
  eden space 357376K, 0% used [0x00000000d7100000,0x00000000d7100000,0x00000000ece00000)
  from space 128000K, 99% used [0x00000000f8300000,0x00000000ffff8a88,0x0000000100000000)
  to   space 156672K, 0% used [0x00000000ece00000,0x00000000ece00000,0x00000000f6700000)
 ParOldGen       total 1061376K, used 1016428K [0x0000000085200000, 0x00000000c5e80000, 0x00000000d7100000)
  object space 1061376K, 95% used [0x0000000085200000,0x00000000c329b070,0x00000000c5e80000)
 Metaspace       used 47061K, capacity 50172K, committed 50304K, reserved 1093632K
  class space    used 6185K, capacity 6755K, committed 6784K, reserved 1048576K
}
Event: 180.232 GC heap before
{Heap before GC invocations=108 (full 10):
 PSYoungGen      total 485376K, used 127970K [0x00000000d7100000, 0x0000000100000000, 0x0000000100000000)
  eden space 357376K, 0% used [0x00000000d7100000,0x00000000d7100000,0x00000000ece00000)
  from space 128000K, 99% used [0x00000000f8300000,0x00000000ffff8a88,0x0000000100000000)
  to   space 156672K, 0% used [0x00000000ece00000,0x00000000ece00000,0x00000000f6700000)
 ParOldGen       total 1061376K, used 1016428K [0x0000000085200000, 0x00000000c5e80000, 0x00000000d7100000)
  object space 1061376K, 95% used [0x0000000085200000,0x00000000c329b070,0x00000000c5e80000)
 Metaspace       used 47061K, capacity 50172K, committed 50304K, reserved 1093632K
  class space    used 6185K, capacity 6755K, committed 6784K, reserved 1048576K

Deoptimization events (0 events):
No events

Classes redefined (0 events):
No events

Internal exceptions (10 events):
Event: 29.147 Thread 0x00007f55480ac000 Exception <a 'java/lang/ArrayIndexOutOfBoundsException'> (0x00000000d7efc7c0) thrown at [/build/java8-openjdk/src/jdk8u-jdk8u181-b13/hotspot/src/share/vm/runtime/sharedRuntime.cpp, line 605]
Event: 39.952 Thread 0x00007f55480ad800 Exception <a 'java/lang/ArrayIndexOutOfBoundsException'> (0x00000000dcd38a88) thrown at [/build/java8-openjdk/src/jdk8u-jdk8u181-b13/hotspot/src/share/vm/runtime/sharedRuntime.cpp, line 605]
Event: 39.952 Thread 0x00007f55480ad800 Exception <a 'java/lang/ArrayIndexOutOfBoundsException'> (0x00000000dcd3a548) thrown at [/build/java8-openjdk/src/jdk8u-jdk8u181-b13/hotspot/src/share/vm/runtime/sharedRuntime.cpp, line 605]
Event: 39.952 Thread 0x00007f55480ad800 Exception <a 'java/lang/ArrayIndexOutOfBoundsException'> (0x00000000dcd3c6b0) thrown at [/build/java8-openjdk/src/jdk8u-jdk8u181-b13/hotspot/src/share/vm/runtime/sharedRuntime.cpp, line 605]
Event: 39.953 Thread 0x00007f55480ad800 Exception <a 'java/lang/ArrayIndexOutOfBoundsException'> (0x00000000dcd3e1b0) thrown at [/build/java8-openjdk/src/jdk8u-jdk8u181-b13/hotspot/src/share/vm/runtime/sharedRuntime.cpp, line 605]
Event: 39.953 Thread 0x00007f55480ad800 Exception <a 'java/lang/ArrayIndexOutOfBoundsException'> (0x00000000dcd40ac8) thrown at [/build/java8-openjdk/src/jdk8u-jdk8u181-b13/hotspot/src/share/vm/runtime/sharedRuntime.cpp, line 605]
Event: 39.953 Thread 0x00007f55480ad800 Exception <a 'java/lang/ArrayIndexOutOfBoundsException'> (0x00000000dcd42a28) thrown at [/build/java8-openjdk/src/jdk8u-jdk8u181-b13/hotspot/src/share/vm/runtime/sharedRuntime.cpp, line 605]
Event: 39.953 Thread 0x00007f55480ad800 Exception <a 'java/lang/ArrayIndexOutOfBoundsException'> (0x00000000dcd47418) thrown at [/build/java8-openjdk/src/jdk8u-jdk8u181-b13/hotspot/src/share/vm/runtime/sharedRuntime.cpp, line 605]
Event: 42.882 Thread 0x00007f55480ad800 Exception <a 'java/lang/ArrayIndexOutOfBoundsException'> (0x00000000db2eaf90) thrown at [/build/java8-openjdk/src/jdk8u-jdk8u181-b13/hotspot/src/share/vm/runtime/sharedRuntime.cpp, line 605]
Event: 43.594 Thread 0x00007f55480ad800 Exception <a 'java/lang/ArrayIndexOutOfBoundsException'> (0x00000000dbeed4b0) thrown at [/build/java8-openjdk/src/jdk8u-jdk8u181-b13/hotspot/src/share/vm/runtime/sharedRuntime.cpp, line 605]

Events (10 events):
Event: 171.243 Executing VM operation: ParallelGCFailedAllocation done
Event: 172.830 Executing VM operation: ParallelGCFailedAllocation
Event: 172.913 Executing VM operation: ParallelGCFailedAllocation done
Event: 174.918 Executing VM operation: ParallelGCFailedAllocation
Event: 175.025 Executing VM operation: ParallelGCFailedAllocation done
Event: 176.639 Executing VM operation: ParallelGCFailedAllocation
Event: 176.766 Executing VM operation: ParallelGCFailedAllocation done
Event: 178.466 Executing VM operation: ParallelGCFailedAllocation
Event: 178.624 Executing VM operation: ParallelGCFailedAllocation done
Event: 180.105 Executing VM operation: ParallelGCFailedAllocation


Dynamic libraries:
85200000-c5e80000 rw-p 00000000 00:00 0 
d7100000-100000000 rw-p 00000000 00:00 0 
100000000-1006a0000 rw-p 00000000 00:00 0 
1006a0000-140000000 ---p 00000000 00:00 0 
55c5b0362000-55c5b0363000 r--p 00000000 08:05 6554015                    /usr/lib/jvm/java-8-openjdk/jre/bin/java
55c5b0363000-55c5b0364000 r-xp 00001000 08:05 6554015                    /usr/lib/jvm/java-8-openjdk/jre/bin/java
55c5b0364000-55c5b0365000 r--p 00002000 08:05 6554015                    /usr/lib/jvm/java-8-openjdk/jre/bin/java
55c5b0365000-55c5b0366000 r--p 00002000 08:05 6554015                    /usr/lib/jvm/java-8-openjdk/jre/bin/java
55c5b0366000-55c5b0367000 rw-p 00003000 08:05 6554015                    /usr/lib/jvm/java-8-openjdk/jre/bin/java
55c5b18c0000-55c5b18e1000 rw-p 00000000 00:00 0                          [heap]
7f551c000000-7f551c1af000 rw-p 00000000 00:00 0 
7f551c1af000-7f5520000000 ---p 00000000 00:00 0 
7f5524000000-7f5524021000 rw-p 00000000 00:00 0 
7f5524021000-7f5528000000 ---p 00000000 00:00 0 
7f55291e7000-7f5529267000 rw-p 00000000 00:00 0 
7f5529267000-7f55293e7000 ---p 00000000 00:00 0 
7f55293e7000-7f55293ea000 ---p 00000000 00:00 0 
7f55293ea000-7f55294e8000 rw-p 00000000 00:00 0 
7f55294e8000-7f55294eb000 ---p 00000000 00:00 0 
7f55294eb000-7f55295e9000 rw-p 00000000 00:00 0 
7f55295e9000-7f55295ec000 ---p 00000000 00:00 0 
7f55295ec000-7f55296ea000 rw-p 00000000 00:00 0 
7f55296ea000-7f55296ed000 ---p 00000000 00:00 0 
7f55296ed000-7f55299eb000 rw-p 00000000 00:00 0 
7f55299eb000-7f55299ee000 ---p 00000000 00:00 0 
7f55299ee000-7f5529aec000 rw-p 00000000 00:00 0 
7f5529aec000-7f5529aef000 ---p 00000000 00:00 0 
7f5529aef000-7f552abee000 rw-p 00000000 00:00 0 
7f552abee000-7f552abf1000 ---p 00000000 00:00 0 
7f552abf1000-7f552aeef000 rw-p 00000000 00:00 0 
7f552aeef000-7f552aef5000 r--s 0003b000 08:05 6684926                    /usr/lib/jvm/java-8-openjdk/jre/lib/ext/sunjce_provider.jar
7f552aef5000-7f552b0f5000 rw-p 00000000 00:00 0 
7f552b0f5000-7f552b2f5000 rw-p 00000000 00:00 0 
7f552b2f5000-7f552b4f5000 rw-p 00000000 00:00 0 
7f552b4f5000-7f552b4f8000 ---p 00000000 00:00 0 
7f552b4f8000-7f552b5f6000 rw-p 00000000 00:00 0 
7f552b5f6000-7f552b5f9000 ---p 00000000 00:00 0 
7f552b5f9000-7f552b6f7000 rw-p 00000000 00:00 0 
7f552b6f7000-7f552b6fa000 ---p 00000000 00:00 0 
7f552b6fa000-7f552b7f8000 rw-p 00000000 00:00 0 
7f552b7f8000-7f552b7fb000 ---p 00000000 00:00 0 
7f552b7fb000-7f552b8f9000 rw-p 00000000 00:00 0 
7f552b8f9000-7f552b8fc000 ---p 00000000 00:00 0 
7f552b8fc000-7f552b9fa000 rw-p 00000000 00:00 0 
7f552b9fa000-7f552b9fd000 ---p 00000000 00:00 0 
7f552b9fd000-7f552bafb000 rw-p 00000000 00:00 0 
7f552bafb000-7f552bafe000 ---p 00000000 00:00 0 
7f552bafe000-7f552bbfc000 rw-p 00000000 00:00 0 
7f552bbfc000-7f552bbff000 ---p 00000000 00:00 0 
7f552bbff000-7f552bcfd000 rw-p 00000000 00:00 0 
7f552bcfd000-7f552bd00000 ---p 00000000 00:00 0 
7f552bd00000-7f552bdfe000 rw-p 00000000 00:00 0 
7f552bdfe000-7f552be01000 ---p 00000000 00:00 0 
7f552be01000-7f552beff000 rw-p 00000000 00:00 0 
7f552beff000-7f552bf02000 ---p 00000000 00:00 0 
7f552bf02000-7f552c000000 rw-p 00000000 00:00 0 
7f552c000000-7f552c021000 rw-p 00000000 00:00 0 
7f552c021000-7f5530000000 ---p 00000000 00:00 0 
7f5530000000-7f5530028000 rw-p 00000000 00:00 0 
7f5530028000-7f5534000000 ---p 00000000 00:00 0 
7f5534000000-7f5534021000 rw-p 00000000 00:00 0 
7f5534021000-7f5538000000 ---p 00000000 00:00 0 
7f5538000000-7f553813b000 rw-p 00000000 00:00 0 
7f553813b000-7f553c000000 ---p 00000000 00:00 0 
7f553c000000-7f553c123000 rw-p 00000000 00:00 0 
7f553c123000-7f5540000000 ---p 00000000 00:00 0 
7f5540000000-7f55400b8000 rw-p 00000000 00:00 0 
7f55400b8000-7f5544000000 ---p 00000000 00:00 0 
7f5544000000-7f554410d000 rw-p 00000000 00:00 0 
7f554410d000-7f5548000000 ---p 00000000 00:00 0 
7f5548000000-7f55480d5000 rw-p 00000000 00:00 0 
7f55480d5000-7f554c000000 ---p 00000000 00:00 0 
7f554c000000-7f554c035000 rw-p 00000000 00:00 0 
7f554c035000-7f5550000000 ---p 00000000 00:00 0 
7f5550000000-7f55508be000 rw-p 00000000 00:00 0 
7f55508be000-7f5554000000 ---p 00000000 00:00 0 
7f5554000000-7f555450e000 rw-p 00000000 00:00 0 
7f555450e000-7f5558000000 ---p 00000000 00:00 0 
7f5558000000-7f5558021000 rw-p 00000000 00:00 0 
7f5558021000-7f555c000000 ---p 00000000 00:00 0 
7f555c000000-7f555c021000 rw-p 00000000 00:00 0 
7f555c021000-7f5560000000 ---p 00000000 00:00 0 
7f5560000000-7f5560021000 rw-p 00000000 00:00 0 
7f5560021000-7f5564000000 ---p 00000000 00:00 0 
7f5564000000-7f5564021000 rw-p 00000000 00:00 0 
7f5564021000-7f5568000000 ---p 00000000 00:00 0 
7f5568000000-7f55680ed000 rw-p 00000000 00:00 0 
7f55680ed000-7f556c000000 ---p 00000000 00:00 0 
7f556c000000-7f556c050000 rw-p 00000000 00:00 0 
7f556c050000-7f5570000000 ---p 00000000 00:00 0 
7f5570000000-7f5570021000 rw-p 00000000 00:00 0 
7f5570021000-7f5574000000 ---p 00000000 00:00 0 
7f5574000000-7f557475f000 rw-p 00000000 00:00 0 
7f557475f000-7f5578000000 ---p 00000000 00:00 0 
7f5578000000-7f5578021000 rw-p 00000000 00:00 0 
7f5578021000-7f557c000000 ---p 00000000 00:00 0 
7f557c000000-7f557c056000 rw-p 00000000 00:00 0 
7f557c056000-7f5580000000 ---p 00000000 00:00 0 
7f5580000000-7f5580021000 rw-p 00000000 00:00 0 
7f5580021000-7f5584000000 ---p 00000000 00:00 0 
7f5584000000-7f5584021000 rw-p 00000000 00:00 0 
7f5584021000-7f5588000000 ---p 00000000 00:00 0 
7f5588000000-7f5588021000 rw-p 00000000 00:00 0 
7f5588021000-7f558c000000 ---p 00000000 00:00 0 
7f558c000000-7f558c003000 r--p 00000000 08:05 6424309                    /usr/lib/libgcc_s.so.1
7f558c003000-7f558c014000 r-xp 00003000 08:05 6424309                    /usr/lib/libgcc_s.so.1
7f558c014000-7f558c017000 r--p 00014000 08:05 6424309                    /usr/lib/libgcc_s.so.1
7f558c017000-7f558c018000 ---p 00017000 08:05 6424309                    /usr/lib/libgcc_s.so.1
7f558c018000-7f558c019000 r--p 00017000 08:05 6424309                    /usr/lib/libgcc_s.so.1
7f558c019000-7f558c01a000 rw-p 00018000 08:05 6424309                    /usr/lib/libgcc_s.so.1
7f558c01a000-7f558c023000 r--p 00000000 08:05 6684915                    /usr/lib/jvm/java-8-openjdk/jre/lib/amd64/libsunec.so
7f558c023000-7f558c047000 r-xp 00009000 08:05 6684915                    /usr/lib/jvm/java-8-openjdk/jre/lib/amd64/libsunec.so
7f558c047000-7f558c053000 r--p 0002d000 08:05 6684915                    /usr/lib/jvm/java-8-openjdk/jre/lib/amd64/libsunec.so
7f558c053000-7f558c054000 ---p 00039000 08:05 6684915                    /usr/lib/jvm/java-8-openjdk/jre/lib/amd64/libsunec.so
7f558c054000-7f558c059000 r--p 00039000 08:05 6684915                    /usr/lib/jvm/java-8-openjdk/jre/lib/amd64/libsunec.so
7f558c059000-7f558c05a000 rw-p 0003e000 08:05 6684915                    /usr/lib/jvm/java-8-openjdk/jre/lib/amd64/libsunec.so
7f558c05a000-7f558c05c000 r--s 00008000 08:05 6684925                    /usr/lib/jvm/java-8-openjdk/jre/lib/ext/sunec.jar
7f558c05c000-7f558c05f000 r--s 00038000 08:05 6684927                    /usr/lib/jvm/java-8-openjdk/jre/lib/ext/sunpkcs11.jar
7f558c05f000-7f558c061000 r--s 00016000 08:05 6554037                    /usr/lib/jvm/java-8-openjdk/jre/lib/jce.jar
7f558c061000-7f558c064000 ---p 00000000 00:00 0 
7f558c064000-7f558c162000 rw-p 00000000 00:00 0 
7f558c162000-7f558c165000 ---p 00000000 00:00 0 
7f558c165000-7f558c263000 rw-p 00000000 00:00 0 
7f558c263000-7f558c266000 ---p 00000000 00:00 0 
7f558c266000-7f558c364000 rw-p 00000000 00:00 0 
7f558c364000-7f558c367000 ---p 00000000 00:00 0 
7f558c367000-7f558c665000 rw-p 00000000 00:00 0 
7f558c665000-7f558c865000 rw-p 00000000 00:00 0 
7f558c865000-7f558ca65000 rw-p 00000000 00:00 0 
7f558ca65000-7f558cc65000 rw-p 00000000 00:00 0 
7f558cc65000-7f558cc68000 ---p 00000000 00:00 0 
7f558cc68000-7f558cd66000 rw-p 00000000 00:00 0 
7f558cd66000-7f558cd69000 ---p 00000000 00:00 0 
7f558cd69000-7f558ce67000 rw-p 00000000 00:00 0 
7f558ce67000-7f558ce6a000 ---p 00000000 00:00 0 
7f558ce6a000-7f558cf68000 rw-p 00000000 00:00 0 
7f558cf68000-7f558cf6b000 ---p 00000000 00:00 0 
7f558cf6b000-7f558d269000 rw-p 00000000 00:00 0 
7f558d269000-7f558d469000 rw-p 00000000 00:00 0 
7f558d469000-7f558d46e000 r--s 002f9000 08:05 6554026                    /usr/lib/jvm/java-8-openjdk/jre/lib/charsets.jar
7f558d46e000-7f558d471000 ---p 00000000 00:00 0 
7f558d471000-7f558d76f000 rw-p 00000000 00:00 0 
7f558d76f000-7f558d96f000 rw-p 00000000 00:00 0 
7f558d96f000-7f558d982000 r--s 00346000 08:05 6554047                    /usr/lib/jvm/java-8-openjdk/jre/lib/resources.jar
7f558d982000-7f558db82000 rw-p 00000000 00:00 0 
7f558db82000-7f558dd82000 rw-p 00000000 00:00 0 
7f558dd82000-7f558df82000 rw-p 00000000 00:00 0 
7f558df82000-7f558df85000 ---p 00000000 00:00 0 
7f558df85000-7f558e083000 rw-p 00000000 00:00 0 
7f558e083000-7f558e086000 ---p 00000000 00:00 0 
7f558e086000-7f558e184000 rw-p 00000000 00:00 0 
7f558e184000-7f558e187000 ---p 00000000 00:00 0 
7f558e187000-7f558e485000 rw-p 00000000 00:00 0 
7f558e485000-7f558e486000 ---p 00000000 00:00 0 
7f558e486000-7f558e586000 rw-p 00000000 00:00 0 
7f558e586000-7f558e589000 ---p 00000000 00:00 0 
7f558e589000-7f558e687000 rw-p 00000000 00:00 0 
7f558e687000-7f558e68a000 ---p 00000000 00:00 0 
7f558e68a000-7f558e788000 rw-p 00000000 00:00 0 
7f558e788000-7f558e78b000 ---p 00000000 00:00 0 
7f558e78b000-7f558e889000 rw-p 00000000 00:00 0 
7f558e889000-7f558e88e000 r--s 0009d000 08:05 6554039                    /usr/lib/jvm/java-8-openjdk/jre/lib/jsse.jar
7f558e88e000-7f558e890000 r--s 0000c000 08:05 921397                     /home/a4l4e4x4/.gradle/caches/modules-2/files-2.1/org.ow2.asm/asm/5.0.4/da08b8cce7bbf903602a25a3a163ae252435795/asm-5.0.4.jar
7f558e890000-7f558e892000 r--s 00006000 08:05 921395                     /home/a4l4e4x4/.gradle/caches/modules-2/files-2.1/net.minidev/accessors-smart/1.2/c592b500269bfde36096641b01238a8350f8aa31/accessors-smart-1.2.jar
7f558e892000-7f558e893000 r--s 00004000 08:05 921393                     /home/a4l4e4x4/.gradle/caches/modules-2/files-2.1/com.vaadin.external.google/android-json/0.0.20131108.vaadin1/fa26d351fe62a6a17f5cda1287c1c6110dec413f/android-json-0.0.20131108.vaadin1.jar
7f558e893000-7f558e895000 r--s 0000c000 08:05 8132730                    /home/a4l4e4x4/.gradle/caches/modules-2/files-2.1/org.objenesis/objenesis/2.6/639033469776fd37c08358c6b92a4761feb2af4b/objenesis-2.6.jar
7f558e895000-7f558e897000 r--s 00009000 08:05 3015233                    /home/a4l4e4x4/.gradle/caches/modules-2/files-2.1/net.bytebuddy/byte-buddy-agent/1.7.11/b425a8933ca07edd03c6dbc8bc3b595fba9780de/byte-buddy-agent-1.7.11.jar
7f558e897000-7f558e8d3000 r--s 00290000 08:05 3015239                    /home/a4l4e4x4/.gradle/caches/modules-2/files-2.1/net.bytebuddy/byte-buddy/1.7.11/f02857a4e2c66ccbe7aaad6100a0a6c461bce9b3/byte-buddy-1.7.11.jar
7f558e8d3000-7f558e8d6000 r--s 0001b000 08:05 921387                     /home/a4l4e4x4/.gradle/caches/modules-2/files-2.1/net.minidev/json-smart/2.3/7396407491352ce4fa30de92efb158adb76b5b/json-smart-2.3.jar
7f558e8d6000-7f558e8db000 r--s 00022000 08:05 921385                     /home/a4l4e4x4/.gradle/caches/modules-2/files-2.1/org.xmlunit/xmlunit-core/2.5.1/4ffdb346572a7356f7521cd3119ce5287d2e339d/xmlunit-core-2.5.1.jar
7f558e8db000-7f558e8e8000 r--s 00087000 08:05 7749294                    /home/a4l4e4x4/.gradle/caches/modules-2/files-2.1/org.springframework/spring-test/5.0.7.RELEASE/bcb7505a316ea34b7e9a7ae5d4921be5b475c02d/spring-test-5.0.7.RELEASE.jar
7f558e8e8000-7f558e8ea000 r--s 00006000 08:05 921383                     /home/a4l4e4x4/.gradle/caches/modules-2/files-2.1/org.skyscreamer/jsonassert/1.5.0/6c9d5fe2f59da598d9aefc1cfc6528ff3cf32df3/jsonassert-1.5.0.jar
7f558e8ea000-7f558e8fa000 r--s 00075000 08:05 921389                     /home/a4l4e4x4/.gradle/caches/modules-2/files-2.1/org.mockito/mockito-core/2.15.0/b84bfbbc29cd22c9529409627af6ea2897f4fa85/mockito-core-2.15.0.jar
7f558e8fa000-7f558e94f000 r--s 00367000 08:05 921403                     /home/a4l4e4x4/.gradle/caches/modules-2/files-2.1/org.assertj/assertj-core/3.9.1/c5ce126b15f28d56cd8f960c1a6a058b9c9aea87/assertj-core-3.9.1.jar
7f558e94f000-7f558e955000 r--s 00031000 08:05 921399                     /home/a4l4e4x4/.gradle/caches/modules-2/files-2.1/com.jayway.jsonpath/json-path/2.4.0/765a4401ceb2dc8d40553c2075eb80a8fa35c2ae/json-path-2.4.0.jar
7f558e955000-7f558e957000 r--s 00009000 08:05 8002357                    /home/a4l4e4x4/.gradle/caches/modules-2/files-2.1/org.hamcrest/hamcrest-core/1.3/42a25dc3219429f0e5d060061f71acb49bf010a0/hamcrest-core-1.3.jar
7f558e957000-7f558e958000 r--s 0000c000 08:05 8002571                    /home/a4l4e4x4/.gradle/caches/modules-2/files-2.1/org.hamcrest/hamcrest-library/1.3/4785a3c21320980282f9f33d0d1264a69040538f/hamcrest-library-1.3.jar
7f558e958000-7f558e95d000 r--s 0002b000 08:05 1966162                    /home/a4l4e4x4/.gradle/caches/modules-2/files-2.1/org.springframework.boot/spring-boot-test/2.0.3.RELEASE/5c9b4bb6cfce9ef6e53a0ff5fc4a7ff2867871d8/spring-boot-test-2.0.3.RELEASE.jar
7f558e95d000-7f558e964000 r--s 00020000 08:05 1966164                    /home/a4l4e4x4/.gradle/caches/modules-2/files-2.1/org.springframework.boot/spring-boot-test-autoconfigure/2.0.3.RELEASE/54e7d2167f2b926bf16a0ef8b91b6bfbd43826e7/spring-boot-test-autoconfigure-2.0.3.RELEASE.jar
7f558e964000-7f558e96c000 r--s 00045000 08:05 7874561                    /home/a4l4e4x4/.gradle/caches/modules-2/files-2.1/junit/junit/4.12/2973d150c0dc1fefe998f834810d68f278ea58ec/junit-4.12.jar
7f558e96c000-7f558e973000 r--s 0004b000 08:05 3015186                    /home/a4l4e4x4/.gradle/caches/modules-2/files-2.1/commons-codec/commons-codec/1.11/3acb4705652e16236558f0f4f2192cc33c3bd189/commons-codec-1.11.jar
7f558e973000-7f558e979000 r--s 00039000 08:05 921162                     /home/a4l4e4x4/.gradle/caches/modules-2/files-2.1/org.apache.logging.log4j/log4j-api/2.10.0/fec5797a55b786184a537abd39c3fa1449d752d6/log4j-api-2.10.0.jar
7f558e979000-7f558e984000 r--s 00069000 08:05 921164                     /home/a4l4e4x4/.gradle/caches/modules-2/files-2.1/ch.qos.logback/logback-core/1.2.3/864344400c3d4d92dfeb0a305dc87d953677c03c/logback-core-1.2.3.jar
7f558e984000-7f558e989000 r--s 0004b000 08:05 1839256                    /home/a4l4e4x4/.gradle/caches/modules-2/files-2.1/com.fasterxml.jackson.core/jackson-core/2.9.6/4e393793c37c77e042ccc7be5a914ae39251b365/jackson-core-2.9.6.jar
7f558e989000-7f558e98c000 r--s 0000e000 08:05 921146                     /home/a4l4e4x4/.gradle/caches/modules-2/files-2.1/com.fasterxml.jackson.core/jackson-annotations/2.9.0/7c10d545325e3a6e72e06381afe469fd40eb701/jackson-annotations-2.9.0.jar
7f558e98c000-7f558e98f000 r--s 00026000 08:05 3015180                    /home/a4l4e4x4/.gradle/caches/modules-2/files-2.1/org.unbescape/unbescape/1.1.5.RELEASE/46dc644ea9c234317d926ebac5bf5d8f114dc1ba/unbescape-1.1.5.RELEASE.jar
7f558e98f000-7f558e993000 r--s 00035000 08:05 3015178                    /home/a4l4e4x4/.gradle/caches/modules-2/files-2.1/org.attoparser/attoparser/2.0.4.RELEASE/5cf02c4d8303a81f0c80971bb1dcd40d3ba96009/attoparser-2.0.4.RELEASE.jar
7f558e993000-7f558e997000 r--s 0002a000 08:05 3015176                    /home/a4l4e4x4/.gradle/caches/modules-2/files-2.1/commons-io/commons-io/2.4/b1b6ea3b7e4aa4f492509a4952029cd8e48019ad/commons-io-2.4.jar
7f558e997000-7f558e9cd000 r--s 0022c000 08:05 3015190                    /home/a4l4e4x4/.gradle/caches/modules-2/files-2.1/org.neo4j.driver/neo4j-java-driver/1.5.0/25d4467127d99340c9a7f02ab30ea19b15e52c88/neo4j-java-driver-1.5.0.jar
7f558e9cd000-7f558e9d2000 r--s 00031000 08:05 3015174                    /home/a4l4e4x4/.gradle/caches/modules-2/files-2.1/io.github.lukehutch/fast-classpath-scanner/2.7.4/f22492a913078ea2007adfb986da0a38753bd7d9/fast-classpath-scanner-2.7.4.jar
7f558e9d2000-7f558e9da000 r--s 00072000 08:05 8131840                    /home/a4l4e4x4/.gradle/caches/modules-2/files-2.1/org.apache.commons/commons-lang3/3.7/557edd918fd41f9260963583ebf5a61a43a6b423/commons-lang3-3.7.jar
7f558e9da000-7f558e9dc000 r--s 00004000 08:05 7220435                    /home/a4l4e4x4/.gradle/caches/modules-2/files-2.1/org.springframework/spring-jcl/5.0.7.RELEASE/699016ddf454c2c167d9f84ae5777eccadf54728/spring-jcl-5.0.7.RELEASE.jar
7f558e9dc000-7f558e9de000 r--s 0000e000 08:05 8402502                    /home/a4l4e4x4/.gradle/caches/modules-2/files-2.1/com.fasterxml/classmate/1.3.4/3d5f48f10bbe4eb7bd862f10c0583be2e0053c6/classmate-1.3.4.jar
7f558e9de000-7f558e9e0000 r--s 0000f000 08:05 8002565                    /home/a4l4e4x4/.gradle/caches/modules-2/files-2.1/org.jboss.logging/jboss-logging/3.3.2.Final/3789d00e859632e6c6206adc0c71625559e6e3b0/jboss-logging-3.3.2.Final.jar
7f558e9e0000-7f558e9e5000 r--s 00012000 08:05 8264187                    /home/a4l4e4x4/.gradle/caches/modules-2/files-2.1/javax.validation/validation-api/2.0.1.Final/cb855558e6271b1b32e716d24cb85c7f583ce09e/validation-api-2.0.1.Final.jar
7f558e9e5000-7f558e9e9000 r--s 00037000 08:05 3015156                    /home/a4l4e4x4/.gradle/caches/modules-2/files-2.1/org.apache.tomcat.embed/tomcat-embed-el/8.5.31/3a536e1ac71b82627c3a7408eb38fa0704cb9034/tomcat-embed-el-8.5.31.jar
7f558e9e9000-7f558ea12000 r--s 002d0000 08:05 3015184                    /home/a4l4e4x4/.gradle/caches/modules-2/files-2.1/org.apache.tomcat.embed/tomcat-embed-core/8.5.31/f5adf7ed8c34aa005b22b6a2dc7b6796e10e9c79/tomcat-embed-core-8.5.31.jar
7f558ea12000-7f558ea17000 r--s 0003a000 08:05 3015150                    /home/a4l4e4x4/.gradle/caches/modules-2/files-2.1/org.apache.tomcat.embed/tomcat-embed-websocket/8.5.31/6564e716b89de5eaa0dd234ae7989576503ddf3/tomcat-embed-websocket-8.5.31.jar
7f558ea17000-7f558ea2a000 r--s 00137000 08:05 1839258                    /home/a4l4e4x4/.gradle/caches/modules-2/files-2.1/com.fasterxml.jackson.core/jackson-databind/2.9.6/cfa4f316351a91bfd95cb0644c6a2c95f52db1fc/jackson-databind-2.9.6.jar
7f558ea2a000-7f558ea2c000 r--s 00001000 08:05 1839248                    /home/a4l4e4x4/.gradle/caches/modules-2/files-2.1/com.fasterxml.jackson.module/jackson-module-parameter-names/2.9.6/129acd77a4b6ee30d62d3a0899b1344c8ec2bff8/jackson-module-parameter-names-2.9.6.jar
7f558ea2c000-7f558ea2f000 r--s 00016000 08:05 1839252                    /home/a4l4e4x4/.gradle/caches/modules-2/files-2.1/com.fasterxml.jackson.datatype/jackson-datatype-jsr310/2.9.6/ea54f6193d224e5e5732bbd4262327eb465397c2/jackson-datatype-jsr310-2.9.6.jar
7f558ea2f000-7f558ea31000 r--s 00007000 08:05 1839250                    /home/a4l4e4x4/.gradle/caches/modules-2/files-2.1/com.fasterxml.jackson.datatype/jackson-datatype-jdk8/2.9.6/456895fc91bf7180b216fead220373e6278230c9/jackson-datatype-jdk8-2.9.6.jar
7f558ea31000-7f558ea33000 r--s 00009000 08:05 7874533                    /home/a4l4e4x4/.gradle/caches/modules-2/files-2.1/org.slf4j/slf4j-api/1.7.25/da76ca59f6a57ee3102f8f9bd9cee742973efa8a/slf4j-api-1.7.25.jar
7f558ea33000-7f558ea36000 r--s 0000c000 08:05 3015162                    /home/a4l4e4x4/.gradle/caches/modules-2/files-2.1/org.neo4j/neo4j-ogm-api/3.1.0/23ab38571b555a7ec55bcac74e6d123c02d1f44e/neo4j-ogm-api-3.1.0.jar
7f558ea36000-7f558ea38000 r--s 00000000 08:05 7874662                    /home/a4l4e4x4/.gradle/caches/modules-2/files-2.1/org.slf4j/jul-to-slf4j/1.7.25/af5364cd6679bfffb114f0dec8a157aaa283b76/jul-to-slf4j-1.7.25.jar
7f558ea38000-7f558ea3a000 r--s 00003000 08:05 8132726                    /home/a4l4e4x4/.gradle/caches/modules-2/files-2.1/org.apache.logging.log4j/log4j-to-slf4j/2.10.0/f7e631ccf49cfc0aefa4a2a728da7d374c05bd3c/log4j-to-slf4j-2.10.0.jar
7f558ea3a000-7f558ea40000 r--s 00041000 08:05 921142                     /home/a4l4e4x4/.gradle/caches/modules-2/files-2.1/ch.qos.logback/logback-classic/1.2.3/7c4f3c474fb2c041d8028740440937705ebb473a/logback-classic-1.2.3.jar
7f558ea40000-7f558ea50000 r--s 000c5000 08:05 3015172                    /home/a4l4e4x4/.gradle/caches/modules-2/files-2.1/org.thymeleaf/thymeleaf/3.0.9.RELEASE/64185cca50ac808ad034841c84b4013f955465d2/thymeleaf-3.0.9.RELEASE.jar
7f558ea50000-7f558ea52000 r--s 00005000 08:05 3015158                    /home/a4l4e4x4/.gradle/caches/modules-2/files-2.1/org.neo4j/neo4j-ogm-bolt-driver/3.1.0/d480c89f3037edbe6d5208f7a7cb44fb7468caba/neo4j-ogm-bolt-driver-3.1.0.jar
7f558ea52000-7f558ea59000 r--s 0004e000 08:05 3015160                    /home/a4l4e4x4/.gradle/caches/modules-2/files-2.1/org.neo4j/neo4j-ogm-core/3.1.0/c6d7d86a3530f83df9e37c2843c86fbc66646437/neo4j-ogm-core-3.1.0.jar
7f558ea59000-7f558ea60000 r--s 00042000 08:05 921132                     /home/a4l4e4x4/.gradle/caches/modules-2/files-2.1/org.yaml/snakeyaml/1.19/2d998d3d674b172a588e54ab619854d073f555b5/snakeyaml-1.19.jar
7f558ea60000-7f558ea62000 r--s 00005000 08:05 921116                     /home/a4l4e4x4/.gradle/caches/modules-2/files-2.1/javax.annotation/javax.annotation-api/1.3.2/934c04d3cfef185a8008e7bf34331b79730a9d43/javax.annotation-api-1.3.2.jar
7f558ea62000-7f558ea7a000 r--s 00114000 08:05 7348253                    /home/a4l4e4x4/.gradle/caches/modules-2/files-2.1/org.springframework/spring-core/5.0.7.RELEASE/54b731178d81e66eca9623df772ff32718208137/spring-core-5.0.7.RELEASE.jar
7f558ea7a000-7f558ea86000 r--s 00096000 08:05 6296575                    /home/a4l4e4x4/.gradle/caches/modules-2/files-2.1/org.springframework/spring-beans/5.0.7.RELEASE/c1196cb3e56da83e3c3a02ef323699f4b05feedc/spring-beans-5.0.7.RELEASE.jar
7f558ea86000-7f558ea8f000 r--s 00051000 08:05 7220440                    /home/a4l4e4x4/.gradle/caches/modules-2/files-2.1/org.springframework/spring-aop/5.0.7.RELEASE/fdd0b6aa3c9c7a188c3bfbf6dfd8d40e843be9ef/spring-aop-5.0.7.RELEASE.jar
7f558ea8f000-7f558eaa6000 r--s 000f1000 08:05 7875838                    /home/a4l4e4x4/.gradle/caches/modules-2/files-2.1/org.springframework.data/spring-data-commons/2.0.8.RELEASE/5c19af63b5acb0eab39066684e813d5ecd9d03b7/spring-data-commons-2.0.8.RELEASE.jar
7f558eaa6000-7f558eaae000 r--s 00037000 08:05 7875836                    /home/a4l4e4x4/.gradle/caches/modules-2/files-2.1/org.springframework/spring-tx/5.0.7.RELEASE/4ca59b21c61162adb146ad1b40c30b60d8dc42b8/spring-tx-5.0.7.RELEASE.jar
7f558eaae000-7f558eac8000 r--s 000f1000 08:05 6445148                    /home/a4l4e4x4/.gradle/caches/modules-2/files-2.1/org.springframework/spring-context/5.0.7.RELEASE/243a23f8968de8754d8199d669780d683ab177bd/spring-context-5.0.7.RELEASE.jar
7f558eac8000-7f558eae2000 r--s 00119000 08:05 7644204                    /home/a4l4e4x4/.gradle/caches/modules-2/files-2.1/org.springframework/spring-web/5.0.7.RELEASE/2e04c6c2922fbfa06b5948be14a5782db168b6ec/spring-web-5.0.7.RELEASE.jar
7f558eae2000-7f558eaf1000 r--s 000b2000 08:05 1839240                    /home/a4l4e4x4/.gradle/caches/modules-2/files-2.1/org.springframework/spring-webmvc/5.0.7.RELEASE/751c871527ec7ff335ffc76f2e737e297c0a8d30/spring-webmvc-5.0.7.RELEASE.jar
7f558eaf1000-7f558eb0d000 r--s 000f9000 08:05 1839238                    /home/a4l4e4x4/.gradle/caches/modules-2/files-2.1/org.hibernate.validator/hibernate-validator/6.0.10.Final/4236051a8d209c00f85e70918d5e26d9f3e5201e/hibernate-validator-6.0.10.Final.jar
7f558eb0d000-7f558eb22000 r--s 000cf000 08:05 1839244                    /home/a4l4e4x4/.gradle/caches/modules-2/files-2.1/org.springframework.boot/spring-boot/2.0.3.RELEASE/b874870d915adbc3dd932e19077d3d45c8e54aa0/spring-boot-2.0.3.RELEASE.jar
7f558eb22000-7f558eb42000 r--s 000fc000 08:05 1839246                    /home/a4l4e4x4/.gradle/caches/modules-2/files-2.1/org.springframework.boot/spring-boot-autoconfigure/2.0.3.RELEASE/11bc4cc96b08fabad2b3186755818fa0b32d83f/spring-boot-autoconfigure-2.0.3.RELEASE.jar
7f558eb42000-7f558ebd9000 r--s 008dd000 08:05 6694393                    /usr/lib/jvm/java-8-openjdk/jre/lib/ext/jfxrt.jar
7f558ebd9000-7f558ec0a000 rw-p 00000000 00:00 0 
7f558ec0a000-7f558ec0d000 ---p 00000000 00:00 0 
7f558ec0d000-7f558ed0b000 rw-p 00000000 00:00 0 
7f558ed0b000-7f558ed0c000 ---p 00000000 00:00 0 
7f558ed0c000-7f558ed0f000 ---p 00000000 00:00 0 
7f558ed0f000-7f558ee0c000 rw-p 00000000 00:00 0 
7f558ee0c000-7f558ee0d000 ---p 00000000 00:00 0 
7f558ee0d000-7f558ee10000 ---p 00000000 00:00 0 
7f558ee10000-7f558ef0d000 rw-p 00000000 00:00 0 
7f558ef0d000-7f558ef0e000 ---p 00000000 00:00 0 
7f558ef0e000-7f558ef11000 ---p 00000000 00:00 0 
7f558ef11000-7f558f00e000 rw-p 00000000 00:00 0 
7f558f00e000-7f558f011000 ---p 00000000 00:00 0 
7f558f011000-7f558f10f000 rw-p 00000000 00:00 0 
7f558f10f000-7f558f3f4000 r--p 00000000 08:05 6445505                    /usr/lib/locale/locale-archive
7f558f3f4000-7f558f3f7000 ---p 00000000 00:00 0 
7f558f3f7000-7f558f4f5000 rw-p 00000000 00:00 0 
7f558f4f5000-7f558f4f8000 ---p 00000000 00:00 0 
7f558f4f8000-7f558f5f6000 rw-p 00000000 00:00 0 
7f558f5f6000-7f558f5f7000 ---p 00000000 00:00 0 
7f558f5f7000-7f5590000000 rw-p 00000000 00:00 0 
7f5590000000-7f5590687000 rw-p 00000000 00:00 0 
7f5590687000-7f5594000000 ---p 00000000 00:00 0 
7f5594000000-7f55944bd000 rw-p 00000000 00:00 0 
7f55944bd000-7f5598000000 ---p 00000000 00:00 0 
7f5598000000-7f55989a3000 rw-p 00000000 00:00 0 
7f55989a3000-7f559c000000 ---p 00000000 00:00 0 
7f559c000000-7f559c001000 r--s 00000000 08:05 1839312                    /home/a4l4e4x4/.gradle/caches/modules-2/files-2.1/org.springframework.boot/spring-boot-starter-test/2.0.3.RELEASE/1c624b1cc217bac010abce7a28df8169af4a7fa0/spring-boot-starter-test-2.0.3.RELEASE.jar
7f559c001000-7f559c002000 r--s 00000000 08:05 1839242                    /home/a4l4e4x4/.gradle/caches/modules-2/files-2.1/org.springframework.boot/spring-boot-starter-logging/2.0.3.RELEASE/7caad34f01d2688919e15e09a90467963e3d5190/spring-boot-starter-logging-2.0.3.RELEASE.jar
7f559c002000-7f559c007000 r--s 00040000 08:05 6987857                    /home/a4l4e4x4/.gradle/caches/modules-2/files-2.1/org.springframework/spring-expression/5.0.7.RELEASE/ca01fb473f53dd0ee3c85663b26d5dc325602057/spring-expression-5.0.7.RELEASE.jar
7f559c007000-7f559c008000 r--s 00000000 08:05 1839232                    /home/a4l4e4x4/.gradle/caches/modules-2/files-2.1/org.springframework.boot/spring-boot-starter-tomcat/2.0.3.RELEASE/25a51a75bfb997b7b95d6760178ee3303863ec4b/spring-boot-starter-tomcat-2.0.3.RELEASE.jar
7f559c008000-7f559c00c000 r--s 00027000 08:05 3015140                    /home/a4l4e4x4/.gradle/caches/modules-2/files-2.1/org.thymeleaf/thymeleaf-spring5/3.0.9.RELEASE/abf84efd83808a70d982d2790f7f3a7bd3a39cf4/thymeleaf-spring5-3.0.9.RELEASE.jar
7f559c00c000-7f559c012000 r--s 0002d000 08:05 7220506                    /home/a4l4e4x4/.gradle/caches/modules-2/files-2.1/org.springframework.boot/spring-boot-devtools/2.0.3.RELEASE/478e12e423b45d182a409f12a28fb9f0cddf84bf/spring-boot-devtools-2.0.3.RELEASE.jar
7f559c012000-7f559c019000 r--p 00000000 08:05 6684911                    /usr/lib/jvm/java-8-openjdk/jre/lib/amd64/libnio.so
7f559c019000-7f559c021000 r-xp 00007000 08:05 6684911                    /usr/lib/jvm/java-8-openjdk/jre/lib/amd64/libnio.so
7f559c021000-7f559c024000 r--p 0000f000 08:05 6684911                    /usr/lib/jvm/java-8-openjdk/jre/lib/amd64/libnio.so
7f559c024000-7f559c025000 ---p 00012000 08:05 6684911                    /usr/lib/jvm/java-8-openjdk/jre/lib/amd64/libnio.so
7f559c025000-7f559c026000 r--p 00012000 08:05 6684911                    /usr/lib/jvm/java-8-openjdk/jre/lib/amd64/libnio.so
7f559c026000-7f559c027000 rw-p 00013000 08:05 6684911                    /usr/lib/jvm/java-8-openjdk/jre/lib/amd64/libnio.so
7f559c027000-7f559c02c000 r--p 00000000 08:05 6684910                    /usr/lib/jvm/java-8-openjdk/jre/lib/amd64/libnet.so
7f559c02c000-7f559c03b000 r-xp 00005000 08:05 6684910                    /usr/lib/jvm/java-8-openjdk/jre/lib/amd64/libnet.so
7f559c03b000-7f559c03f000 r--p 00014000 08:05 6684910                    /usr/lib/jvm/java-8-openjdk/jre/lib/amd64/libnet.so
7f559c03f000-7f559c040000 r--p 00017000 08:05 6684910                    /usr/lib/jvm/java-8-openjdk/jre/lib/amd64/libnet.so
7f559c040000-7f559c041000 rw-p 00018000 08:05 6684910                    /usr/lib/jvm/java-8-openjdk/jre/lib/amd64/libnet.so
7f559c041000-7f559c045000 r--p 00000000 08:05 6684908                    /usr/lib/jvm/java-8-openjdk/jre/lib/amd64/libmanagement.so
7f559c045000-7f559c048000 r-xp 00004000 08:05 6684908                    /usr/lib/jvm/java-8-openjdk/jre/lib/amd64/libmanagement.so
7f559c048000-7f559c04a000 r--p 00007000 08:05 6684908                    /usr/lib/jvm/java-8-openjdk/jre/lib/amd64/libmanagement.so
7f559c04a000-7f559c04b000 r--p 00008000 08:05 6684908                    /usr/lib/jvm/java-8-openjdk/jre/lib/amd64/libmanagement.so
7f559c04b000-7f559c04c000 rw-p 00009000 08:05 6684908                    /usr/lib/jvm/java-8-openjdk/jre/lib/amd64/libmanagement.so
7f559c04c000-7f55a0000000 rw-p 00000000 00:00 0 
7f55a0000000-7f55a06ff000 rw-p 00000000 00:00 0 
7f55a06ff000-7f55a4000000 ---p 00000000 00:00 0 
7f55a4000000-7f55a4004000 r--s 0001d000 08:05 6296138                    /home/a4l4e4x4/.gradle/caches/modules-2/files-2.1/org.springframework.data/spring-data-neo4j/5.0.8.RELEASE/e67e51cc318c0e1293891c8bd2fd91458abee70c/spring-data-neo4j-5.0.8.RELEASE.jar
7f55a4004000-7f55a5000000 rw-p 00000000 00:00 0 
7f55a5000000-7f55a5c60000 rwxp 00000000 00:00 0 
7f55a5c60000-7f55b4000000 ---p 00000000 00:00 0 
7f55b4000000-7f55b49ab000 rw-p 00000000 00:00 0 
7f55b49ab000-7f55b8000000 ---p 00000000 00:00 0 
7f55b8000000-7f55b8001000 r--s 00009000 08:05 3015142                    /home/a4l4e4x4/.gradle/caches/modules-2/files-2.1/org.thymeleaf.extras/thymeleaf-extras-java8time/3.0.1.RELEASE/d23760d1e53cd70c489ef40dc94ee6bd2371cceb/thymeleaf-extras-java8time-3.0.1.RELEASE.jar
7f55b8001000-7f55b8091000 rw-p 00000000 00:00 0 
7f55b8091000-7f55b8261000 r--s 03c31000 08:05 6554048                    /usr/lib/jvm/java-8-openjdk/jre/lib/rt.jar
7f55b8261000-7f55b8381000 rw-p 00000000 00:00 0 
7f55b8381000-7f55b8382000 ---p 00000000 00:00 0 
7f55b8382000-7f55b8482000 rw-p 00000000 00:00 0 
7f55b8482000-7f55b8483000 ---p 00000000 00:00 0 
7f55b8483000-7f55b8583000 rw-p 00000000 00:00 0 
7f55b8583000-7f55b8584000 ---p 00000000 00:00 0 
7f55b8584000-7f55b8684000 rw-p 00000000 00:00 0 
7f55b8684000-7f55b8685000 ---p 00000000 00:00 0 
7f55b8685000-7f55b898c000 rw-p 00000000 00:00 0 
7f55b898c000-7f55b8a15000 ---p 00000000 00:00 0 
7f55b8a15000-7f55b8c1c000 rw-p 00000000 00:00 0 
7f55b8c1c000-7f55b8ca4000 ---p 00000000 00:00 0 
7f55b8ca4000-7f55b8dec000 rw-p 00000000 00:00 0 
7f55b8dec000-7f55b8e1f000 rw-p 00000000 00:00 0 
7f55b8e1f000-7f55b91ad000 ---p 00000000 00:00 0 
7f55b91ad000-7f55b91b0000 r--p 00000000 08:05 6684918                    /usr/lib/jvm/java-8-openjdk/jre/lib/amd64/libzip.so
7f55b91b0000-7f55b91b4000 r-xp 00003000 08:05 6684918                    /usr/lib/jvm/java-8-openjdk/jre/lib/amd64/libzip.so
7f55b91b4000-7f55b91b6000 r--p 00007000 08:05 6684918                    /usr/lib/jvm/java-8-openjdk/jre/lib/amd64/libzip.so
7f55b91b6000-7f55b91b7000 r--p 00008000 08:05 6684918                    /usr/lib/jvm/java-8-openjdk/jre/lib/amd64/libzip.so
7f55b91b7000-7f55b91b8000 rw-p 00009000 08:05 6684918                    /usr/lib/jvm/java-8-openjdk/jre/lib/amd64/libzip.so
7f55b91b8000-7f55b91c5000 r--p 00000000 08:05 6684900                    /usr/lib/jvm/java-8-openjdk/jre/lib/amd64/libjava.so
7f55b91c5000-7f55b91de000 r-xp 0000d000 08:05 6684900                    /usr/lib/jvm/java-8-openjdk/jre/lib/amd64/libjava.so
7f55b91de000-7f55b91e5000 r--p 00026000 08:05 6684900                    /usr/lib/jvm/java-8-openjdk/jre/lib/amd64/libjava.so
7f55b91e5000-7f55b91e6000 ---p 0002d000 08:05 6684900                    /usr/lib/jvm/java-8-openjdk/jre/lib/amd64/libjava.so
7f55b91e6000-7f55b91e7000 r--p 0002d000 08:05 6684900                    /usr/lib/jvm/java-8-openjdk/jre/lib/amd64/libjava.so
7f55b91e7000-7f55b91e8000 rw-p 0002e000 08:05 6684900                    /usr/lib/jvm/java-8-openjdk/jre/lib/amd64/libjava.so
7f55b91e8000-7f55b91e9000 rw-p 00000000 00:00 0 
7f55b91e9000-7f55b91eb000 r--p 00000000 08:05 6431018                    /usr/lib/librt-2.28.so
7f55b91eb000-7f55b91ef000 r-xp 00002000 08:05 6431018                    /usr/lib/librt-2.28.so
7f55b91ef000-7f55b91f1000 r--p 00006000 08:05 6431018                    /usr/lib/librt-2.28.so
7f55b91f1000-7f55b91f2000 r--p 00007000 08:05 6431018                    /usr/lib/librt-2.28.so
7f55b91f2000-7f55b91f3000 rw-p 00008000 08:05 6431018                    /usr/lib/librt-2.28.so
7f55b91f3000-7f55b91f4000 ---p 00000000 00:00 0 
7f55b91f4000-7f55b91f7000 ---p 00000000 00:00 0 
7f55b91f7000-7f55b92f4000 rw-p 00000000 00:00 0 
7f55b92f4000-7f55b9301000 r--p 00000000 08:05 6430979                    /usr/lib/libm-2.28.so
7f55b9301000-7f55b93a2000 r-xp 0000d000 08:05 6430979                    /usr/lib/libm-2.28.so
7f55b93a2000-7f55b9477000 r--p 000ae000 08:05 6430979                    /usr/lib/libm-2.28.so
7f55b9477000-7f55b9478000 r--p 00182000 08:05 6430979                    /usr/lib/libm-2.28.so
7f55b9478000-7f55b9479000 rw-p 00183000 08:05 6430979                    /usr/lib/libm-2.28.so
7f55b9479000-7f55b9669000 r--p 00000000 08:05 6817052                    /usr/lib/jvm/java-8-openjdk/jre/lib/amd64/server/libjvm.so
7f55b9669000-7f55b9ed6000 r-xp 001f0000 08:05 6817052                    /usr/lib/jvm/java-8-openjdk/jre/lib/amd64/server/libjvm.so
7f55b9ed6000-7f55ba074000 r--p 00a5d000 08:05 6817052                    /usr/lib/jvm/java-8-openjdk/jre/lib/amd64/server/libjvm.so
7f55ba074000-7f55ba075000 ---p 00bfb000 08:05 6817052                    /usr/lib/jvm/java-8-openjdk/jre/lib/amd64/server/libjvm.so
7f55ba075000-7f55ba10a000 r--p 00bfb000 08:05 6817052                    /usr/lib/jvm/java-8-openjdk/jre/lib/amd64/server/libjvm.so
7f55ba10a000-7f55ba132000 rw-p 00c90000 08:05 6817052                    /usr/lib/jvm/java-8-openjdk/jre/lib/amd64/server/libjvm.so
7f55ba132000-7f55ba164000 rw-p 00000000 00:00 0 
7f55ba164000-7f55ba16a000 r--p 00000000 08:05 6431010                    /usr/lib/libpthread-2.28.so
7f55ba16a000-7f55ba179000 r-xp 00006000 08:05 6431010                    /usr/lib/libpthread-2.28.so
7f55ba179000-7f55ba17f000 r--p 00015000 08:05 6431010                    /usr/lib/libpthread-2.28.so
7f55ba17f000-7f55ba180000 r--p 0001a000 08:05 6431010                    /usr/lib/libpthread-2.28.so
7f55ba180000-7f55ba181000 rw-p 0001b000 08:05 6431010                    /usr/lib/libpthread-2.28.so
7f55ba181000-7f55ba185000 rw-p 00000000 00:00 0 
7f55ba185000-7f55ba186000 r--p 00000000 08:05 6430973                    /usr/lib/libdl-2.28.so
7f55ba186000-7f55ba187000 r-xp 00001000 08:05 6430973                    /usr/lib/libdl-2.28.so
7f55ba187000-7f55ba188000 r--p 00002000 08:05 6430973                    /usr/lib/libdl-2.28.so
7f55ba188000-7f55ba189000 r--p 00002000 08:05 6430973                    /usr/lib/libdl-2.28.so
7f55ba189000-7f55ba18a000 rw-p 00003000 08:05 6430973                    /usr/lib/libdl-2.28.so
7f55ba18a000-7f55ba1a0000 r-xp 00000000 08:05 6432454                    /usr/lib/libz.so.1.2.11
7f55ba1a0000-7f55ba39f000 ---p 00016000 08:05 6432454                    /usr/lib/libz.so.1.2.11
7f55ba39f000-7f55ba3a0000 r--p 00015000 08:05 6432454                    /usr/lib/libz.so.1.2.11
7f55ba3a0000-7f55ba3a1000 rw-p 00016000 08:05 6432454                    /usr/lib/libz.so.1.2.11
7f55ba3a1000-7f55ba3c3000 r--p 00000000 08:05 6430964                    /usr/lib/libc-2.28.so
7f55ba3c3000-7f55ba50e000 r-xp 00022000 08:05 6430964                    /usr/lib/libc-2.28.so
7f55ba50e000-7f55ba55a000 r--p 0016d000 08:05 6430964                    /usr/lib/libc-2.28.so
7f55ba55a000-7f55ba55b000 ---p 001b9000 08:05 6430964                    /usr/lib/libc-2.28.so
7f55ba55b000-7f55ba55f000 r--p 001b9000 08:05 6430964                    /usr/lib/libc-2.28.so
7f55ba55f000-7f55ba561000 rw-p 001bd000 08:05 6430964                    /usr/lib/libc-2.28.so
7f55ba561000-7f55ba565000 rw-p 00000000 00:00 0 
7f55ba565000-7f55ba566000 r--s 00000000 08:05 1839254                    /home/a4l4e4x4/.gradle/caches/modules-2/files-2.1/org.springframework.boot/spring-boot-starter/2.0.3.RELEASE/ffaa050dbd36b0441645598f1a7ddaf67fd5e678/spring-boot-starter-2.0.3.RELEASE.jar
7f55ba566000-7f55ba567000 r--s 00000000 08:05 1839236                    /home/a4l4e4x4/.gradle/caches/modules-2/files-2.1/org.springframework.boot/spring-boot-starter-json/2.0.3.RELEASE/2e389a8727588c549c28bb277f0f573f65554850/spring-boot-starter-json-2.0.3.RELEASE.jar
7f55ba567000-7f55ba568000 r--s 00000000 08:05 1839234                    /home/a4l4e4x4/.gradle/caches/modules-2/files-2.1/org.springframework.boot/spring-boot-starter-web/2.0.3.RELEASE/41fd4180bea3813de8f3c602b5a126218360315b/spring-boot-starter-web-2.0.3.RELEASE.jar
7f55ba568000-7f55ba569000 r--s 00000000 08:05 3014664                    /home/a4l4e4x4/.gradle/caches/modules-2/files-2.1/org.springframework.boot/spring-boot-starter-thymeleaf/2.0.3.RELEASE/7a8cf11f5b7faa244e1979df491811bc0c858743/spring-boot-starter-thymeleaf-2.0.3.RELEASE.jar
7f55ba569000-7f55ba56a000 r--s 00000000 08:05 3015330                    /home/a4l4e4x4/.gradle/caches/modules-2/files-2.1/org.springframework.boot/spring-boot-starter-data-neo4j/2.0.3.RELEASE/a2addb9d753e3fad46669390d8194b24b382bd71/spring-boot-starter-data-neo4j-2.0.3.RELEASE.jar
7f55ba56a000-7f55ba572000 rw-s 00000000 00:2a 48                         /tmp/hsperfdata_a4l4e4x4/2580
7f55ba572000-7f55ba575000 r--p 00000000 08:05 6431001                    /usr/lib/libnss_files-2.28.so
7f55ba575000-7f55ba57c000 r-xp 00003000 08:05 6431001                    /usr/lib/libnss_files-2.28.so
7f55ba57c000-7f55ba57f000 r--p 0000a000 08:05 6431001                    /usr/lib/libnss_files-2.28.so
7f55ba57f000-7f55ba580000 r--p 0000c000 08:05 6431001                    /usr/lib/libnss_files-2.28.so
7f55ba580000-7f55ba581000 rw-p 0000d000 08:05 6431001                    /usr/lib/libnss_files-2.28.so
7f55ba581000-7f55ba588000 rw-p 00000000 00:00 0 
7f55ba588000-7f55ba589000 ---p 00000000 00:00 0 
7f55ba589000-7f55ba58e000 r--p 00000000 08:05 6684917                    /usr/lib/jvm/java-8-openjdk/jre/lib/amd64/libverify.so
7f55ba58e000-7f55ba595000 r-xp 00005000 08:05 6684917                    /usr/lib/jvm/java-8-openjdk/jre/lib/amd64/libverify.so
7f55ba595000-7f55ba597000 r--p 0000c000 08:05 6684917                    /usr/lib/jvm/java-8-openjdk/jre/lib/amd64/libverify.so
7f55ba597000-7f55ba599000 r--p 0000d000 08:05 6684917                    /usr/lib/jvm/java-8-openjdk/jre/lib/amd64/libverify.so
7f55ba599000-7f55ba59a000 rw-p 0000f000 08:05 6684917                    /usr/lib/jvm/java-8-openjdk/jre/lib/amd64/libverify.so
7f55ba59a000-7f55ba59c000 r--p 00000000 08:05 6817049                    /usr/lib/jvm/java-8-openjdk/jre/lib/amd64/jli/libjli.so
7f55ba59c000-7f55ba5a5000 r-xp 00002000 08:05 6817049                    /usr/lib/jvm/java-8-openjdk/jre/lib/amd64/jli/libjli.so
7f55ba5a5000-7f55ba5a8000 r--p 0000b000 08:05 6817049                    /usr/lib/jvm/java-8-openjdk/jre/lib/amd64/jli/libjli.so
7f55ba5a8000-7f55ba5a9000 r--p 0000d000 08:05 6817049                    /usr/lib/jvm/java-8-openjdk/jre/lib/amd64/jli/libjli.so
7f55ba5a9000-7f55ba5aa000 rw-p 0000e000 08:05 6817049                    /usr/lib/jvm/java-8-openjdk/jre/lib/amd64/jli/libjli.so
7f55ba5aa000-7f55ba5ac000 rw-p 00000000 00:00 0 
7f55ba5ac000-7f55ba5ae000 r--p 00000000 08:05 6430953                    /usr/lib/ld-2.28.so
7f55ba5ae000-7f55ba5cd000 r-xp 00002000 08:05 6430953                    /usr/lib/ld-2.28.so
7f55ba5cd000-7f55ba5d5000 r--p 00021000 08:05 6430953                    /usr/lib/ld-2.28.so
7f55ba5d5000-7f55ba5d6000 r--p 00028000 08:05 6430953                    /usr/lib/ld-2.28.so
7f55ba5d6000-7f55ba5d7000 rw-p 00029000 08:05 6430953                    /usr/lib/ld-2.28.so
7f55ba5d7000-7f55ba5d8000 rw-p 00000000 00:00 0 
7ffea53e1000-7ffea5405000 rw-p 00000000 00:00 0                          [stack]
7ffea5550000-7ffea5553000 r--p 00000000 00:00 0                          [vvar]
7ffea5553000-7ffea5555000 r-xp 00000000 00:00 0                          [vdso]
ffffffffff600000-ffffffffff601000 r-xp 00000000 00:00 0                  [vsyscall]

VM Arguments:
jvm_args: -Dcom.sun.management.jmxremote -Dcom.sun.management.jmxremote.port=37881 -Dcom.sun.management.jmxremote.authenticate=false -Dcom.sun.management.jmxremote.ssl=false -Djava.rmi.server.hostname=localhost -Dspring.liveBeansView.mbeanDomain -Dspring.application.admin.enabled=true -Djava.security.egd=file:/dev/./urandom -Xverify:none -XX:TieredStopAtLevel=1 -Dfile.encoding=UTF-8 
java_command: com.tfe.soundstudio.SoundStudioApplication --spring.output.ansi.enabled=always
java_class_path (initial): /usr/lib/jvm/java-8-openjdk/jre/lib/resources.jar:/usr/lib/jvm/java-8-openjdk/jre/lib/rt.jar:/usr/lib/jvm/java-8-openjdk/jre/lib/jsse.jar:/usr/lib/jvm/java-8-openjdk/jre/lib/jce.jar:/usr/lib/jvm/java-8-openjdk/jre/lib/charsets.jar:/usr/lib/jvm/java-8-openjdk/jre/lib/ext/localedata.jar:/usr/lib/jvm/java-8-openjdk/jre/lib/ext/cldrdata.jar:/usr/lib/jvm/java-8-openjdk/jre/lib/ext/sunpkcs11.jar:/usr/lib/jvm/java-8-openjdk/jre/lib/ext/jfxrt.jar:/usr/lib/jvm/java-8-openjdk/jre/lib/ext/zipfs.jar:/usr/lib/jvm/java-8-openjdk/jre/lib/ext/jaccess.jar:/usr/lib/jvm/java-8-openjdk/jre/lib/ext/sunec.jar:/usr/lib/jvm/java-8-openjdk/jre/lib/ext/dnsns.jar:/usr/lib/jvm/java-8-openjdk/jre/lib/ext/nashorn.jar:/usr/lib/jvm/java-8-openjdk/jre/lib/ext/sunjce_provider.jar:/home/a4l4e4x4/TFE_ISFCE/git/SoundStudio/bin/main:/home/a4l4e4x4/TFE_ISFCE/git/SoundStudio/bin/test:/home/a4l4e4x4/TFE_ISFCE/git/SoundStudio/bin/default:/home/a4l4e4x4/.gradle/caches/modules-2/files-2.1/org.springframework.boot/spring-boot-devtools/2.0.3.RELEASE/478e12e423b45d182a409f12a28fb9f0cddf84bf/spring-boot-devtools-2.0.3.RELEASE.jar:/home/a4l4e4x4/.gradle/caches/modules-2/files-2.1/org.springframework.boot/spring-boot-starter-data-neo4j/2.0.3.RELEASE/a2addb9d753e3fad46669390d8194b24b382bd71/spring-boot-starter-data-neo4j-2.0.3.RELEASE.jar:/home/a4l4e4x4/.gradle/caches/modules-2/files-2.1/org.springframework.boot/spring-boot-starter-thymeleaf/2.0.3.RELEASE/7a8cf11f5b7faa244e1979df491811bc0c858743/spring-boot-starter-thymeleaf-2.0.3.RELEASE.jar:/home/a4l4e4x4/.gradle/caches/modules-2/files-2.1/org.springframework.boot/spring-boot-starter-web/2.0.3.RELEASE/41fd4180bea3813de8f3c602b5a126218360315b/spring-boot-starter-web-2.0.3.RELEASE.jar:/home/a4l4e4x4/.gradle/caches/modules-2/files-2.1/org.springframework.boot/spring-boot-starter-json/2.0.3.RELEASE/2e389a8727588c549c28bb277f0f573f65554850/spring-boot-starter-json-2.0.3.RELEASE.jar:/home/a4l4e4x4/.gradle/caches/modules-2/files-2.1/org.sprin
Launcher Type: SUN_STANDARD

Environment Variables:
PATH=/usr/local/bin:/usr/bin:/bin:/usr/local/sbin:/usr/lib/jvm/default/bin:/usr/bin/site_perl:/usr/bin/vendor_perl:/usr/bin/core_perl
SHELL=/bin/bash
DISPLAY=:0

Signal Handlers:
SIGSEGV: [libjvm.so+0xa2bc40], sa_mask[0]=11111111011111111101111111111110, sa_flags=SA_RESTART|SA_SIGINFO
SIGBUS: [libjvm.so+0xa2bc40], sa_mask[0]=11111111011111111101111111111110, sa_flags=SA_RESTART|SA_SIGINFO
SIGFPE: [libjvm.so+0x8882f0], sa_mask[0]=11111111011111111101111111111110, sa_flags=SA_RESTART|SA_SIGINFO
SIGPIPE: [libjvm.so+0x8882f0], sa_mask[0]=11111111011111111101111111111110, sa_flags=SA_RESTART|SA_SIGINFO
SIGXFSZ: [libjvm.so+0x8882f0], sa_mask[0]=11111111011111111101111111111110, sa_flags=SA_RESTART|SA_SIGINFO
SIGILL: [libjvm.so+0x8882f0], sa_mask[0]=11111111011111111101111111111110, sa_flags=SA_RESTART|SA_SIGINFO
SIGUSR1: SIG_DFL, sa_mask[0]=00000000000000000000000000000000, sa_flags=none
SIGUSR2: [libjvm.so+0x888180], sa_mask[0]=00100000000000000000000000000000, sa_flags=SA_RESTART|SA_SIGINFO
SIGHUP: [libjvm.so+0x8883b0], sa_mask[0]=11111111011111111101111111111110, sa_flags=SA_RESTART|SA_SIGINFO
SIGINT: [libjvm.so+0x8883b0], sa_mask[0]=11111111011111111101111111111110, sa_flags=SA_RESTART|SA_SIGINFO
SIGTERM: [libjvm.so+0x8883b0], sa_mask[0]=11111111011111111101111111111110, sa_flags=SA_RESTART|SA_SIGINFO
SIGQUIT: [libjvm.so+0x8883b0], sa_mask[0]=11111111011111111101111111111110, sa_flags=SA_RESTART|SA_SIGINFO


---------------  S Y S T E M  ---------------

OS:DISTRIB_ID=ManjaroLinux
DISTRIB_RELEASE=17.1.12
DISTRIB_CODENAME=Hakoila
DISTRIB_DESCRIPTION="Manjaro Linux"

uname:Linux 4.14.71-1-MANJARO #1 SMP PREEMPT Thu Sep 20 05:29:20 UTC 2018 x86_64
libc:glibc 2.28 NPTL 2.28 
rlimit: STACK 8192k, CORE infinity, NPROC 31114, NOFILE 4096, AS infinity
load average:1.96 2.29 1.91

/proc/meminfo:
MemTotal:        8050092 kB
MemFree:          132056 kB
MemAvailable:     121676 kB
Buffers:            8528 kB
Cached:           390492 kB
SwapCached:            0 kB
Active:          7423000 kB
Inactive:         291144 kB
Active(anon):    7325012 kB
Inactive(anon):   193968 kB
Active(file):      97988 kB
Inactive(file):    97176 kB
Unevictable:          48 kB
Mlocked:              48 kB
SwapTotal:             0 kB
SwapFree:              0 kB
Dirty:               476 kB
Writeback:             0 kB
AnonPages:       7315168 kB
Mapped:           198816 kB
Shmem:            203820 kB
Slab:              78860 kB
SReclaimable:      35864 kB
SUnreclaim:        42996 kB
KernelStack:       11264 kB
PageTables:        31356 kB
NFS_Unstable:          0 kB
Bounce:                0 kB
WritebackTmp:          0 kB
CommitLimit:     4025044 kB
Committed_AS:   11193912 kB
VmallocTotal:   34359738367 kB
VmallocUsed:           0 kB
VmallocChunk:          0 kB
HardwareCorrupted:     0 kB
AnonHugePages:   3389440 kB
ShmemHugePages:        0 kB
ShmemPmdMapped:        0 kB
HugePages_Total:       0
HugePages_Free:        0
HugePages_Rsvd:        0
HugePages_Surp:        0
Hugepagesize:       2048 kB
DirectMap4k:       89096 kB
DirectMap2M:     3983360 kB
DirectMap1G:     5242880 kB


CPU:total 4 (initial active 4) (2 cores per cpu, 2 threads per core) family 6 model 142 stepping 9, cmov, cx8, fxsr, mmx, sse, sse2, sse3, ssse3, sse4.1, sse4.2, popcnt, avx, avx2, aes, clmul, erms, 3dnowpref, lzcnt, ht, tsc, tscinvbit, bmi1, bmi2, adx

/proc/cpuinfo:
processor	: 0
vendor_id	: GenuineIntel
cpu family	: 6
model		: 142
model name	: Intel(R) Core(TM) i5-7200U CPU @ 2.50GHz
stepping	: 9
microcode	: 0x8e
cpu MHz		: 3100.168
cache size	: 3072 KB
physical id	: 0
siblings	: 4
core id		: 0
cpu cores	: 2
apicid		: 0
initial apicid	: 0
fpu		: yes
fpu_exception	: yes
cpuid level	: 22
wp		: yes
flags		: fpu vme de pse tsc msr pae mce cx8 apic sep mtrr pge mca cmov pat pse36 clflush dts acpi mmx fxsr sse sse2 ss ht tm pbe syscall nx pdpe1gb rdtscp lm constant_tsc art arch_perfmon pebs bts rep_good nopl xtopology nonstop_tsc cpuid aperfmperf tsc_known_freq pni pclmulqdq dtes64 monitor ds_cpl vmx est tm2 ssse3 sdbg fma cx16 xtpr pdcm pcid sse4_1 sse4_2 x2apic movbe popcnt tsc_deadline_timer aes xsave avx f16c rdrand lahf_lm abm 3dnowprefetch cpuid_fault epb invpcid_single pti ssbd ibrs ibpb stibp tpr_shadow vnmi flexpriority ept vpid fsgsbase tsc_adjust bmi1 avx2 smep bmi2 erms invpcid mpx rdseed adx smap clflushopt intel_pt xsaveopt xsavec xgetbv1 xsaves dtherm ida arat pln pts hwp hwp_notify hwp_act_window hwp_epp flush_l1d
bugs		: cpu_meltdown spectre_v1 spectre_v2 spec_store_bypass l1tf
bogomips	: 5426.00
clflush size	: 64
cache_alignment	: 64
address sizes	: 39 bits physical, 48 bits virtual
power management:

processor	: 1
vendor_id	: GenuineIntel
cpu family	: 6
model		: 142
model name	: Intel(R) Core(TM) i5-7200U CPU @ 2.50GHz
stepping	: 9
microcode	: 0x8e
cpu MHz		: 3100.091
cache size	: 3072 KB
physical id	: 0
siblings	: 4
core id		: 1
cpu cores	: 2
apicid		: 2
initial apicid	: 2
fpu		: yes
fpu_exception	: yes
cpuid level	: 22
wp		: yes
flags		: fpu vme de pse tsc msr pae mce cx8 apic sep mtrr pge mca cmov pat pse36 clflush dts acpi mmx fxsr sse sse2 ss ht tm pbe syscall nx pdpe1gb rdtscp lm constant_tsc art arch_perfmon pebs bts rep_good nopl xtopology nonstop_tsc cpuid aperfmperf tsc_known_freq pni pclmulqdq dtes64 monitor ds_cpl vmx est tm2 ssse3 sdbg fma cx16 xtpr pdcm pcid sse4_1 sse4_2 x2apic movbe popcnt tsc_deadline_timer aes xsave avx f16c rdrand lahf_lm abm 3dnowprefetch cpuid_fault epb invpcid_single pti ssbd ibrs ibpb stibp tpr_shadow vnmi flexpriority ept vpid fsgsbase tsc_adjust bmi1 avx2 smep bmi2 erms invpcid mpx rdseed adx smap clflushopt intel_pt xsaveopt xsavec xgetbv1 xsaves dtherm ida arat pln pts hwp hwp_notify hwp_act_window hwp_epp flush_l1d
bugs		: cpu_meltdown spectre_v1 spectre_v2 spec_store_bypass l1tf
bogomips	: 5426.00
clflush size	: 64
cache_alignment	: 64
address sizes	: 39 bits physical, 48 bits virtual
power management:

processor	: 2
vendor_id	: GenuineIntel
cpu family	: 6
model		: 142
model name	: Intel(R) Core(TM) i5-7200U CPU @ 2.50GHz
stepping	: 9
microcode	: 0x8e
cpu MHz		: 3099.969
cache size	: 3072 KB
physical id	: 0
siblings	: 4
core id		: 0
cpu cores	: 2
apicid		: 1
initial apicid	: 1
fpu		: yes
fpu_exception	: yes
cpuid level	: 22
wp		: yes
flags		: fpu vme de pse tsc msr pae mce cx8 apic sep mtrr pge mca cmov pat pse36 clflush dts acpi mmx fxsr sse sse2 ss ht tm pbe syscall nx pdpe1gb rdtscp lm constant_tsc art arch_perfmon pebs bts rep_good nopl xtopology nonstop_tsc cpuid aperfmperf tsc_known_freq pni pclmulqdq dtes64 monitor ds_cpl vmx est tm2 ssse3 sdbg fma cx16 xtpr pdcm pcid sse4_1 sse4_2 x2apic movbe popcnt tsc_deadline_timer aes xsave avx f16c rdrand lahf_lm abm 3dnowprefetch cpuid_fault epb invpcid_single pti ssbd ibrs ibpb stibp tpr_shadow vnmi flexpriority ept vpid fsgsbase tsc_adjust bmi1 avx2 smep bmi2 erms invpcid mpx rdseed adx smap clflushopt intel_pt xsaveopt xsavec xgetbv1 xsaves dtherm ida arat pln pts hwp hwp_notify hwp_act_window hwp_epp flush_l1d
bugs		: cpu_meltdown spectre_v1 spectre_v2 spec_store_bypass l1tf
bogomips	: 5426.00
clflush size	: 64
cache_alignment	: 64
address sizes	: 39 bits physical, 48 bits virtual
power management:

processor	: 3
vendor_id	: GenuineIntel
cpu family	: 6
model		: 142
model name	: Intel(R) Core(TM) i5-7200U CPU @ 2.50GHz
stepping	: 9
microcode	: 0x8e
cpu MHz		: 3100.159
cache size	: 3072 KB
physical id	: 0
siblings	: 4
core id		: 1
cpu cores	: 2
apicid		: 3
initial apicid	: 3
fpu		: yes
fpu_exception	: yes
cpuid level	: 22
wp		: yes
flags		: fpu vme de pse tsc msr pae mce cx8 apic sep mtrr pge mca cmov pat pse36 clflush dts acpi mmx fxsr sse sse2 ss ht tm pbe syscall nx pdpe1gb rdtscp lm constant_tsc art arch_perfmon pebs bts rep_good nopl xtopology nonstop_tsc cpuid aperfmperf tsc_known_freq pni pclmulqdq dtes64 monitor ds_cpl vmx est tm2 ssse3 sdbg fma cx16 xtpr pdcm pcid sse4_1 sse4_2 x2apic movbe popcnt tsc_deadline_timer aes xsave avx f16c rdrand lahf_lm abm 3dnowprefetch cpuid_fault epb invpcid_single pti ssbd ibrs ibpb stibp tpr_shadow vnmi flexpriority ept vpid fsgsbase tsc_adjust bmi1 avx2 smep bmi2 erms invpcid mpx rdseed adx smap clflushopt intel_pt xsaveopt xsavec xgetbv1 xsaves dtherm ida arat pln pts hwp hwp_notify hwp_act_window hwp_epp flush_l1d
bugs		: cpu_meltdown spectre_v1 spectre_v2 spec_store_bypass l1tf
bogomips	: 5426.00
clflush size	: 64
cache_alignment	: 64
address sizes	: 39 bits physical, 48 bits virtual
power management:



Memory: 4k page, physical 8050092k(132056k free), swap 0k(0k free)

vm_info: OpenJDK 64-Bit Server VM (25.181-b13) for linux-amd64 JRE (1.8.0_181-b13), built on Aug 10 2018 18:36:50 by "builduser" with gcc 8.2.0

time: Tue Oct 23 19:35:08 2018
elapsed time: 183 seconds (0d 0h 3m 3s)

