#
# There is insufficient memory for the Java Runtime Environment to continue.
# Native memory allocation (mmap) failed to map 644874240 bytes for committing reserved memory.
# Possible reasons:
#   The system is out of physical RAM or swap space
#   In 32 bit mode, the process size limit was hit
# Possible solutions:
#   Reduce memory load on the system
#   Increase physical memory or swap space
#   Check if swap backing store is full
#   Use 64 bit Java on a 64 bit OS
#   Decrease Java heap size (-Xmx/-Xms)
#   Decrease number of Java threads
#   Decrease Java thread stack sizes (-Xss)
#   Set larger code cache with -XX:ReservedCodeCacheSize=
# This output file may be truncated or incomplete.
#
#  Out of Memory Error (os_linux.cpp:2640), pid=3629, tid=0x00007f6d141c9700
#
# JRE version: OpenJDK Runtime Environment (8.0_181-b13) (build 1.8.0_181-b13)
# Java VM: OpenJDK 64-Bit Server VM (25.181-b13 mixed mode linux-amd64 compressed oops)
# Core dump written. Default location: /home/a4l4e4x4/TFE_ISFCE/git/SoundStudio/core or core.3629
#

---------------  T H R E A D  ---------------

Current thread (0x00007f6d1007e800):  VMThread [stack: 0x00007f6d140ca000,0x00007f6d141ca000] [id=3636]

Stack: [0x00007f6d140ca000,0x00007f6d141ca000],  sp=0x00007f6d141c83b0,  free space=1016k
Native frames: (J=compiled Java code, j=interpreted, Vv=VM code, C=native code)
V  [libjvm.so+0xa2b17c]
V  [libjvm.so+0x4b7dfa]
V  [libjvm.so+0x88c9dc]
V  [libjvm.so+0x88713f]
V  [libjvm.so+0x8fd98f]
V  [libjvm.so+0x8ecd55]
V  [libjvm.so+0x8ece98]
V  [libjvm.so+0x8ed331]
V  [libjvm.so+0x8f3f50]
V  [libjvm.so+0x8fbf06]
V  [libjvm.so+0x8ae66a]
V  [libjvm.so+0xa2cf39]
V  [libjvm.so+0xa32427]
V  [libjvm.so+0xa2fe98]
V  [libjvm.so+0xa3115d]
V  [libjvm.so+0xa313be]
V  [libjvm.so+0x889e74]

VM_Operation (0x00007f6cbe9f6320): ParallelGCFailedAllocation, mode: safepoint, requested by thread 0x00007f6ca004c800


---------------  P R O C E S S  ---------------

Java Threads: ( => current thread )
  0x00007f6ca0055800 JavaThread "Neo4jDriverIO-6-8" [_thread_blocked, id=4215, stack(0x00007f6cbeafb000,0x00007f6cbebfc000)]
  0x00007f6ca0050000 JavaThread "Neo4jDriverIO-6-7" [_thread_blocked, id=4214, stack(0x00007f6cbc8cf000,0x00007f6cbc9d0000)]
  0x00007f6ca004f800 JavaThread "Neo4jDriverIO-6-6" [_thread_blocked, id=4213, stack(0x00007f6cbc6cd000,0x00007f6cbc7ce000)]
  0x00007f6ca004e800 JavaThread "Neo4jDriverIO-6-5" [_thread_blocked, id=4212, stack(0x00007f6cbfcff000,0x00007f6cbfe00000)]
  0x00007f6ca004e000 JavaThread "Neo4jDriverIO-6-4" [_thread_blocked, id=4210, stack(0x00007f6cbc0c9000,0x00007f6cbc1ca000)]
  0x00007f6ca004d800 JavaThread "Neo4jDriverIO-6-3" [_thread_blocked, id=4209, stack(0x00007f6cbe9fa000,0x00007f6cbeafb000)]
  0x00007f6c8c165800 JavaThread "threadDeathWatcher-3-4" daemon [_thread_blocked, id=4207, stack(0x00007f6cbc5cc000,0x00007f6cbc6cd000)]
  0x00007f6ca004c800 JavaThread "Neo4jDriverIO-6-2" [_thread_blocked, id=4206, stack(0x00007f6cbe8f9000,0x00007f6cbe9fa000)]
  0x00007f6c88002000 JavaThread "Neo4jDriverIO-6-1" [_thread_blocked, id=4205, stack(0x00007f6cfc096000,0x00007f6cfc197000)]
  0x00007f6c7c068000 JavaThread "http-nio-8080-AsyncTimeout" daemon [_thread_blocked, id=4196, stack(0x00007f6c82cfe000,0x00007f6c82dff000)]
  0x00007f6c7c066800 JavaThread "http-nio-8080-Acceptor-0" daemon [_thread_in_native, id=4195, stack(0x00007f6cbc7ce000,0x00007f6cbc8cf000)]
  0x00007f6c7c065000 JavaThread "http-nio-8080-ClientPoller-1" daemon [_thread_blocked, id=4194, stack(0x00007f6cbc4cb000,0x00007f6cbc5cc000)]
  0x00007f6c7c057000 JavaThread "http-nio-8080-ClientPoller-0" daemon [_thread_blocked, id=4193, stack(0x00007f6cbdcf5000,0x00007f6cbddf6000)]
  0x00007f6c7c048800 JavaThread "http-nio-8080-exec-10" daemon [_thread_blocked, id=4192, stack(0x00007f6cbebfc000,0x00007f6cbecfd000)]
  0x00007f6c7c047000 JavaThread "http-nio-8080-exec-9" daemon [_thread_blocked, id=4191, stack(0x00007f6cbf0fd000,0x00007f6cbf1fe000)]
  0x00007f6c7c046000 JavaThread "http-nio-8080-exec-8" daemon [_thread_blocked, id=4190, stack(0x00007f6cbd7f0000,0x00007f6cbd8f1000)]
  0x00007f6c7c044800 JavaThread "http-nio-8080-exec-7" daemon [_thread_blocked, id=4189, stack(0x00007f6cbfbfe000,0x00007f6cbfcff000)]
  0x00007f6c7c043000 JavaThread "http-nio-8080-exec-6" daemon [_thread_blocked, id=4188, stack(0x00007f6cbdef7000,0x00007f6cbdff8000)]
  0x00007f6c7c041800 JavaThread "http-nio-8080-exec-5" daemon [_thread_blocked, id=4187, stack(0x00007f6cbd9f2000,0x00007f6cbdaf3000)]
  0x00007f6c7c040800 JavaThread "http-nio-8080-exec-4" daemon [_thread_blocked, id=4186, stack(0x00007f6cbdbf4000,0x00007f6cbdcf5000)]
  0x00007f6c7c03f000 JavaThread "http-nio-8080-exec-3" daemon [_thread_blocked, id=4185, stack(0x00007f6cbd3ec000,0x00007f6cbd4ed000)]
  0x00007f6c7c03e000 JavaThread "http-nio-8080-exec-2" daemon [_thread_blocked, id=4184, stack(0x00007f6cbd8f1000,0x00007f6cbd9f2000)]
  0x00007f6c7c03d000 JavaThread "http-nio-8080-exec-1" daemon [_thread_blocked, id=4183, stack(0x00007f6cbdaf3000,0x00007f6cbdbf4000)]
  0x00007f6c7c02d800 JavaThread "NioBlockingSelector.BlockPoller-4" daemon [_thread_blocked, id=4182, stack(0x00007f6cbd2eb000,0x00007f6cbd3ec000)]
  0x00007f6c7c02f000 JavaThread "File Watcher" daemon [_thread_blocked, id=4180, stack(0x00007f6cbd5ee000,0x00007f6cbd6ef000)]
  0x00007f6c7c020800 JavaThread "container-0" [_thread_blocked, id=4179, stack(0x00007f6cbc3ca000,0x00007f6cbc4cb000)]
  0x00007f6c7c020000 JavaThread "ContainerBackgroundProcessor[StandardEngine[Tomcat]]" daemon [_thread_blocked, id=4178, stack(0x00007f6cbddf6000,0x00007f6cbdef7000)]
  0x00007f6c90209000 JavaThread "http-nio-8080-exec-8" daemon [_thread_blocked, id=4001, stack(0x00007f6cbd6ef000,0x00007f6cbd7f0000)]
  0x00007f6d10011000 JavaThread "DestroyJavaVM" [_thread_blocked, id=3631, stack(0x00007f6d16f06000,0x00007f6d17006000)]
  0x00007f6cac8cf000 JavaThread "Live Reload Server" daemon [_thread_in_native, id=3669, stack(0x00007f6cbdff8000,0x00007f6cbe0f9000)]
  0x00007f6d105a2000 JavaThread "RMI TCP Accept-0" daemon [_thread_in_native, id=3650, stack(0x00007f6cfc298000,0x00007f6cfc399000)]
  0x00007f6d10595000 JavaThread "RMI TCP Accept-38713" daemon [_thread_in_native, id=3649, stack(0x00007f6cfc399000,0x00007f6cfc49a000)]
  0x00007f6d1057c000 JavaThread "RMI TCP Accept-0" daemon [_thread_in_native, id=3648, stack(0x00007f6cfc49a000,0x00007f6cfc59b000)]
  0x00007f6d100c7000 JavaThread "Service Thread" daemon [_thread_blocked, id=3647, stack(0x00007f6cfc8a4000,0x00007f6cfc9a5000)]
  0x00007f6d100c4000 JavaThread "C1 CompilerThread2" daemon [_thread_blocked, id=3646, stack(0x00007f6cfc9a6000,0x00007f6cfcaa6000)]
  0x00007f6d100c2000 JavaThread "C2 CompilerThread1" daemon [_thread_blocked, id=3645, stack(0x00007f6cfcaa7000,0x00007f6cfcba7000)]
  0x00007f6d100bf800 JavaThread "C2 CompilerThread0" daemon [_thread_blocked, id=3644, stack(0x00007f6cfcba8000,0x00007f6cfcca8000)]
  0x00007f6d100bd800 JavaThread "Signal Dispatcher" daemon [_thread_blocked, id=3643, stack(0x00007f6cfcca8000,0x00007f6cfcda9000)]
  0x00007f6d1008a800 JavaThread "Finalizer" daemon [_thread_blocked, id=3642, stack(0x00007f6cfd08e000,0x00007f6cfd18f000)]
  0x00007f6d10086000 JavaThread "Reference Handler" daemon [_thread_blocked, id=3641, stack(0x00007f6cfd18f000,0x00007f6cfd290000)]

Other Threads:
=>0x00007f6d1007e800 VMThread [stack: 0x00007f6d140ca000,0x00007f6d141ca000] [id=3636]
  0x00007f6d105a4000 WatcherThread [stack: 0x00007f6cfc198000,0x00007f6cfc298000] [id=3651]

VM state:at safepoint (normal execution)

VM Mutex/Monitor currently owned by a thread:  ([mutex/lock_event])
[0x00007f6d1000e090] ExpandHeap_lock - owner thread: 0x00007f6d1007e800
[0x00007f6d1000e710] Threads_lock - owner thread: 0x00007f6d1007e800
[0x00007f6d1000ec10] Heap_lock - owner thread: 0x00007f6ca004c800

Heap:
 PSYoungGen      total 378880K, used 10560K [0x00000000d7100000, 0x00000000ffd80000, 0x0000000100000000)
  eden space 232448K, 0% used [0x00000000d7100000,0x00000000d7100000,0x00000000e5400000)
  from space 146432K, 7% used [0x00000000e5400000,0x00000000e5e50188,0x00000000ee300000)
  to   space 217088K, 0% used [0x00000000f2980000,0x00000000f2980000,0x00000000ffd80000)
 ParOldGen       total 689152K, used 688978K [0x0000000085200000, 0x00000000af300000, 0x00000000d7100000)
  object space 689152K, 99% used [0x0000000085200000,0x00000000af2d4840,0x00000000af300000)
 Metaspace       used 49764K, capacity 53290K, committed 53424K, reserved 1095680K
  class space    used 6449K, capacity 7084K, committed 7088K, reserved 1048576K

Card table byte_map: [0x00007f6d16727000,0x00007f6d16aff000] byte_map_base: 0x00007f6d162fe000

Marking Bits: (ParMarkBitMap*) 0x00007f6d17e57ae0
 Begin Bits: [0x00007f6cfd290000, 0x00007f6cff148000)
 End Bits:   [0x00007f6cff148000, 0x00007f6d01000000)

Polling page: 0x00007f6d1829a000

CodeCache: size=245760Kb used=17629Kb max_used=17629Kb free=228130Kb
 bounds [0x00007f6d01000000, 0x00007f6d02140000, 0x00007f6d10000000]
 total_blobs=9673 nmethods=9140 adapters=445
 compilation: enabled

Compilation events (10 events):
Event: 985.022 Thread 0x00007f6d100c4000 9295       1       org.neo4j.driver.internal.shaded.io.netty.buffer.PoolThreadCache$MemoryRegionCache::trim (26 bytes)
Event: 985.022 Thread 0x00007f6d100c4000 nmethod 9295 0x00007f6d021399d0 code [0x00007f6d02139b40, 0x00007f6d02139c88]
Event: 990.292 Thread 0x00007f6d100c4000 9296       1       java.lang.ThreadGroup::checkAccess (14 bytes)
Event: 990.292 Thread 0x00007f6d100c4000 nmethod 9296 0x00007f6d02139d10 code [0x00007f6d02139ea0, 0x00007f6d0213a0b8]
Event: 997.163 Thread 0x00007f6d100c4000 9297       1       org.neo4j.driver.internal.shaded.io.netty.buffer.SimpleLeakAwareByteBuf::<init> (32 bytes)
Event: 997.163 Thread 0x00007f6d100c4000 nmethod 9297 0x00007f6d0213a210 code [0x00007f6d0213a3a0, 0x00007f6d0213a688]
Event: 997.164 Thread 0x00007f6d100c4000 9298   !   1       org.neo4j.driver.internal.shaded.io.netty.util.ResourceLeakDetector$DefaultResourceLeak::close (69 bytes)
Event: 997.164 Thread 0x00007f6d100c4000 nmethod 9298 0x00007f6d0213a8d0 code [0x00007f6d0213aa40, 0x00007f6d0213ade8]
Event: 997.164 Thread 0x00007f6d100c4000 9299       1       java.util.concurrent.ConcurrentHashMap::remove (32 bytes)
Event: 997.164 Thread 0x00007f6d100c4000 nmethod 9299 0x00007f6d0213afd0 code [0x00007f6d0213b140, 0x00007f6d0213b338]

GC Heap History (10 events):
Event: 999.552 GC heap after
Heap after GC invocations=195 (full 18):
 PSYoungGen      total 440320K, used 0K [0x00000000d7100000, 0x0000000100000000, 0x0000000100000000)
  eden space 224256K, 0% used [0x00000000d7100000,0x00000000d7100000,0x00000000e4c00000)
  from space 216064K, 0% used [0x00000000e4c00000,0x00000000e4c00000,0x00000000f1f00000)
  to   space 216576K, 0% used [0x00000000f2c80000,0x00000000f2c80000,0x0000000100000000)
 ParOldGen       total 689152K, used 107808K [0x0000000085200000, 0x00000000af300000, 0x00000000d7100000)
  object space 689152K, 15% used [0x0000000085200000,0x000000008bb483a8,0x00000000af300000)
 Metaspace       used 49764K, capacity 53290K, committed 53424K, reserved 1095680K
  class space    used 6449K, capacity 7084K, committed 7088K, reserved 1048576K
}
Event: 999.840 GC heap before
{Heap before GC invocations=196 (full 18):
 PSYoungGen      total 440320K, used 224256K [0x00000000d7100000, 0x0000000100000000, 0x0000000100000000)
  eden space 224256K, 100% used [0x00000000d7100000,0x00000000e4c00000,0x00000000e4c00000)
  from space 216064K, 0% used [0x00000000e4c00000,0x00000000e4c00000,0x00000000f1f00000)
  to   space 216576K, 0% used [0x00000000f2c80000,0x00000000f2c80000,0x0000000100000000)
 ParOldGen       total 689152K, used 107808K [0x0000000085200000, 0x00000000af300000, 0x00000000d7100000)
  object space 689152K, 15% used [0x0000000085200000,0x000000008bb483a8,0x00000000af300000)
 Metaspace       used 49764K, capacity 53290K, committed 53424K, reserved 1095680K
  class space    used 6449K, capacity 7084K, committed 7088K, reserved 1048576K
Event: 999.938 GC heap after
Heap after GC invocations=196 (full 18):
 PSYoungGen      total 454144K, used 144512K [0x00000000d7100000, 0x0000000100000000, 0x0000000100000000)
  eden space 237568K, 0% used [0x00000000d7100000,0x00000000d7100000,0x00000000e5900000)
  from space 216576K, 66% used [0x00000000f2c80000,0x00000000fb9a0000,0x0000000100000000)
  to   space 216576K, 0% used [0x00000000e5900000,0x00000000e5900000,0x00000000f2c80000)
 ParOldGen       total 689152K, used 107808K [0x0000000085200000, 0x00000000af300000, 0x00000000d7100000)
  object space 689152K, 15% used [0x0000000085200000,0x000000008bb483a8,0x00000000af300000)
 Metaspace       used 49764K, capacity 53290K, committed 53424K, reserved 1095680K
  class space    used 6449K, capacity 7084K, committed 7088K, reserved 1048576K
}
Event: 1000.221 GC heap before
{Heap before GC invocations=197 (full 18):
 PSYoungGen      total 454144K, used 382080K [0x00000000d7100000, 0x0000000100000000, 0x0000000100000000)
  eden space 237568K, 100% used [0x00000000d7100000,0x00000000e5900000,0x00000000e5900000)
  from space 216576K, 66% used [0x00000000f2c80000,0x00000000fb9a0000,0x0000000100000000)
  to   space 216576K, 0% used [0x00000000e5900000,0x00000000e5900000,0x00000000f2c80000)
 ParOldGen       total 689152K, used 107808K [0x0000000085200000, 0x00000000af300000, 0x00000000d7100000)
  object space 689152K, 15% used [0x0000000085200000,0x000000008bb483a8,0x00000000af300000)
 Metaspace       used 49764K, capacity 53290K, committed 53424K, reserved 1095680K
  class space    used 6449K, capacity 7084K, committed 7088K, reserved 1048576K
Event: 1000.417 GC heap after
Heap after GC invocations=197 (full 18):
 PSYoungGen      total 387584K, used 149664K [0x00000000d7100000, 0x0000000100000000, 0x0000000100000000)
  eden space 237568K, 0% used [0x00000000d7100000,0x00000000d7100000,0x00000000e5900000)
  from space 150016K, 99% used [0x00000000e5900000,0x00000000eeb28000,0x00000000eeb80000)
  to   space 217600K, 0% used [0x00000000f2b80000,0x00000000f2b80000,0x0000000100000000)
 ParOldGen       total 689152K, used 252656K [0x0000000085200000, 0x00000000af300000, 0x00000000d7100000)
  object space 689152K, 36% used [0x0000000085200000,0x00000000948bc3a8,0x00000000af300000)
 Metaspace       used 49764K, capacity 53290K, committed 53424K, reserved 1095680K
  class space    used 6449K, capacity 7084K, committed 7088K, reserved 1048576K
}
Event: 1000.728 GC heap before
{Heap before GC invocations=198 (full 18):
 PSYoungGen      total 387584K, used 387232K [0x00000000d7100000, 0x0000000100000000, 0x0000000100000000)
  eden space 237568K, 100% used [0x00000000d7100000,0x00000000e5900000,0x00000000e5900000)
  from space 150016K, 99% used [0x00000000e5900000,0x00000000eeb28000,0x00000000eeb80000)
  to   space 217600K, 0% used [0x00000000f2b80000,0x00000000f2b80000,0x0000000100000000)
 ParOldGen       total 689152K, used 252656K [0x0000000085200000, 0x00000000af300000, 0x00000000d7100000)
  object space 689152K, 36% used [0x0000000085200000,0x00000000948bc3a8,0x00000000af300000)
 Metaspace       used 49764K, capacity 53290K, committed 53424K, reserved 1095680K
  class space    used 6449K, capacity 7084K, committed 7088K, reserved 1048576K
Event: 1000.946 GC heap after
Heap after GC invocations=198 (full 18):
 PSYoungGen      total 450048K, used 153248K [0x00000000d7100000, 0x0000000100000000, 0x0000000100000000)
  eden space 232448K, 0% used [0x00000000d7100000,0x00000000d7100000,0x00000000e5400000)
  from space 217600K, 70% used [0x00000000f2b80000,0x00000000fc128000,0x0000000100000000)
  to   space 219136K, 0% used [0x00000000e5400000,0x00000000e5400000,0x00000000f2a00000)
 ParOldGen       total 689152K, used 402064K [0x0000000085200000, 0x00000000af300000, 0x00000000d7100000)
  object space 689152K, 58% used [0x0000000085200000,0x000000009daa43a8,0x00000000af300000)
 Metaspace       used 49764K, capacity 53290K, committed 53424K, reserved 1095680K
  class space    used 6449K, capacity 7084K, committed 7088K, reserved 1048576K
}
Event: 1001.248 GC heap before
{Heap before GC invocations=199 (full 18):
 PSYoungGen      total 450048K, used 385696K [0x00000000d7100000, 0x0000000100000000, 0x0000000100000000)
  eden space 232448K, 100% used [0x00000000d7100000,0x00000000e5400000,0x00000000e5400000)
  from space 217600K, 70% used [0x00000000f2b80000,0x00000000fc128000,0x0000000100000000)
  to   space 219136K, 0% used [0x00000000e5400000,0x00000000e5400000,0x00000000f2a00000)
 ParOldGen       total 689152K, used 402064K [0x0000000085200000, 0x00000000af300000, 0x00000000d7100000)
  object space 689152K, 58% used [0x0000000085200000,0x000000009daa43a8,0x00000000af300000)
 Metaspace       used 49764K, capacity 53290K, committed 53424K, reserved 1095680K
  class space    used 6449K, capacity 7084K, committed 7088K, reserved 1048576K
Event: 1001.456 GC heap after
Heap after GC invocations=199 (full 18):
 PSYoungGen      total 378880K, used 146304K [0x00000000d7100000, 0x00000000ffd80000, 0x0000000100000000)
  eden space 232448K, 0% used [0x00000000d7100000,0x00000000d7100000,0x00000000e5400000)
  from space 146432K, 99% used [0x00000000e5400000,0x00000000ee2e0000,0x00000000ee300000)
  to   space 217088K, 0% used [0x00000000f2980000,0x00000000f2980000,0x00000000ffd80000)
 ParOldGen       total 689152K, used 555680K [0x0000000085200000, 0x00000000af300000, 0x00000000d7100000)
  object space 689152K, 80% used [0x0000000085200000,0x00000000a70a83a8,0x00000000af300000)
 Metaspace       used 49764K, capacity 53290K, committed 53424K, reserved 1095680K
  class space    used 6449K, capacity 7084K, committed 7088K, reserved 1048576K
}
Event: 1001.457 GC heap before
{Heap before GC invocations=200 (full 19):
 PSYoungGen      total 378880K, used 146304K [0x00000000d7100000, 0x00000000ffd80000, 0x0000000100000000)
  eden space 232448K, 0% used [0x00000000d7100000,0x00000000d7100000,0x00000000e5400000)
  from space 146432K, 99% used [0x00000000e5400000,0x00000000ee2e0000,0x00000000ee300000)
  to   space 217088K, 0% used [0x00000000f2980000,0x00000000f2980000,0x00000000ffd80000)
 ParOldGen       total 689152K, used 555680K [0x0000000085200000, 0x00000000af300000, 0x00000000d7100000)
  object space 689152K, 80% used [0x0000000085200000,0x00000000a70a83a8,0x00000000af300000)
 Metaspace       used 49764K, capacity 53290K, committed 53424K, reserved 1095680K
  class space    used 6449K, capacity 7084K, committed 7088K, reserved 1048576K

Deoptimization events (0 events):
No events

Classes redefined (0 events):
No events

Internal exceptions (10 events):
Event: 822.324 Thread 0x00007f6c7c03d000 Exception <a 'java/lang/ArrayIndexOutOfBoundsException'> (0x00000000e0f06650) thrown at [/build/java8-openjdk/src/jdk8u-jdk8u181-b13/hotspot/src/share/vm/runtime/sharedRuntime.cpp, line 605]
Event: 822.324 Thread 0x00007f6c7c03d000 Exception <a 'java/lang/ArrayIndexOutOfBoundsException'> (0x00000000e0f0b040) thrown at [/build/java8-openjdk/src/jdk8u-jdk8u181-b13/hotspot/src/share/vm/runtime/sharedRuntime.cpp, line 605]
Event: 822.394 Thread 0x00007f6c7c03d000 Exception <a 'java/lang/ArrayIndexOutOfBoundsException'> (0x00000000e13da7b8) thrown at [/build/java8-openjdk/src/jdk8u-jdk8u181-b13/hotspot/src/share/vm/runtime/sharedRuntime.cpp, line 605]
Event: 834.078 Thread 0x00007f6c7c03e000 Exception <a 'java/lang/ArrayIndexOutOfBoundsException'> (0x00000000e66690c8) thrown at [/build/java8-openjdk/src/jdk8u-jdk8u181-b13/hotspot/src/share/vm/runtime/sharedRuntime.cpp, line 605]
Event: 867.816 Thread 0x00007f6c7c040800 Exception <a 'java/lang/ArrayIndexOutOfBoundsException'> (0x00000000f3a288f8) thrown at [/build/java8-openjdk/src/jdk8u-jdk8u181-b13/hotspot/src/share/vm/runtime/sharedRuntime.cpp, line 605]
Event: 867.817 Thread 0x00007f6c7c040800 Exception <a 'java/lang/ArrayIndexOutOfBoundsException'> (0x00000000f3a34778) thrown at [/build/java8-openjdk/src/jdk8u-jdk8u181-b13/hotspot/src/share/vm/runtime/sharedRuntime.cpp, line 605]
Event: 867.817 Thread 0x00007f6c7c040800 Exception <a 'java/lang/ArrayIndexOutOfBoundsException'> (0x00000000f3a38648) thrown at [/build/java8-openjdk/src/jdk8u-jdk8u181-b13/hotspot/src/share/vm/runtime/sharedRuntime.cpp, line 605]
Event: 875.716 Thread 0x00007f6c7c041800 Exception <a 'java/lang/ArrayIndexOutOfBoundsException'> (0x00000000d8db7d70) thrown at [/build/java8-openjdk/src/jdk8u-jdk8u181-b13/hotspot/src/share/vm/runtime/sharedRuntime.cpp, line 605]
Event: 875.717 Thread 0x00007f6c7c041800 Exception <a 'java/lang/ArrayIndexOutOfBoundsException'> (0x00000000d8dbc530) thrown at [/build/java8-openjdk/src/jdk8u-jdk8u181-b13/hotspot/src/share/vm/runtime/sharedRuntime.cpp, line 605]
Event: 908.208 Thread 0x00007f6c7c044800 Exception <a 'java/lang/ArrayIndexOutOfBoundsException'> (0x00000000e6d5fb08) thrown at [/build/java8-openjdk/src/jdk8u-jdk8u181-b13/hotspot/src/share/vm/runtime/sharedRuntime.cpp, line 605]

Events (10 events):
Event: 996.360 Thread 0x00007f6cf0021000 Thread exited: 0x00007f6cf0021000
Event: 999.194 Executing VM operation: ParallelGCFailedAllocation
Event: 999.552 Executing VM operation: ParallelGCFailedAllocation done
Event: 999.840 Executing VM operation: ParallelGCFailedAllocation
Event: 999.938 Executing VM operation: ParallelGCFailedAllocation done
Event: 1000.221 Executing VM operation: ParallelGCFailedAllocation
Event: 1000.417 Executing VM operation: ParallelGCFailedAllocation done
Event: 1000.728 Executing VM operation: ParallelGCFailedAllocation
Event: 1000.946 Executing VM operation: ParallelGCFailedAllocation done
Event: 1001.248 Executing VM operation: ParallelGCFailedAllocation


Dynamic libraries:
85200000-af300000 rw-p 00000000 00:00 0 
d5a00000-d7100000 ---p 00000000 00:00 0 
d7100000-ffd80000 rw-p 00000000 00:00 0 
ffd80000-100000000 ---p 00000000 00:00 0 
100000000-1006ec000 rw-p 00000000 00:00 0 
1006ec000-140000000 ---p 00000000 00:00 0 
55ea36c62000-55ea36c63000 r--p 00000000 08:05 6554015                    /usr/lib/jvm/java-8-openjdk/jre/bin/java
55ea36c63000-55ea36c64000 r-xp 00001000 08:05 6554015                    /usr/lib/jvm/java-8-openjdk/jre/bin/java
55ea36c64000-55ea36c65000 r--p 00002000 08:05 6554015                    /usr/lib/jvm/java-8-openjdk/jre/bin/java
55ea36c65000-55ea36c66000 r--p 00002000 08:05 6554015                    /usr/lib/jvm/java-8-openjdk/jre/bin/java
55ea36c66000-55ea36c67000 rw-p 00003000 08:05 6554015                    /usr/lib/jvm/java-8-openjdk/jre/bin/java
55ea374b2000-55ea374d3000 rw-p 00000000 00:00 0                          [heap]
7f6c71bfe000-7f6c76fff000 rw-p 00000000 00:00 0 
7f6c7c000000-7f6c7c0e2000 rw-p 00000000 00:00 0 
7f6c7c0e2000-7f6c80000000 ---p 00000000 00:00 0 
7f6c82afe000-7f6c82c3e000 rw-p 00000000 00:00 0 
7f6c82c3e000-7f6c82cfe000 ---p 00000000 00:00 0 
7f6c82cfe000-7f6c82d01000 ---p 00000000 00:00 0 
7f6c82d01000-7f6c82fff000 rw-p 00000000 00:00 0 
7f6c82fff000-7f6c84000000 rw-p 00000000 00:00 0 
7f6c84000000-7f6c84077000 rw-p 00000000 00:00 0 
7f6c84077000-7f6c88000000 ---p 00000000 00:00 0 
7f6c88000000-7f6c8807a000 rw-p 00000000 00:00 0 
7f6c8807a000-7f6c8c000000 ---p 00000000 00:00 0 
7f6c8c000000-7f6c8f582000 rw-p 00000000 00:00 0 
7f6c8f582000-7f6c90000000 ---p 00000000 00:00 0 
7f6c90000000-7f6c9022a000 rw-p 00000000 00:00 0 
7f6c9022a000-7f6c94000000 ---p 00000000 00:00 0 
7f6c94000000-7f6c940cd000 rw-p 00000000 00:00 0 
7f6c940cd000-7f6c98000000 ---p 00000000 00:00 0 
7f6c98000000-7f6c9808d000 rw-p 00000000 00:00 0 
7f6c9808d000-7f6c9c000000 ---p 00000000 00:00 0 
7f6c9c000000-7f6c9c0db000 rw-p 00000000 00:00 0 
7f6c9c0db000-7f6ca0000000 ---p 00000000 00:00 0 
7f6ca0000000-7f6ca006e000 rw-p 00000000 00:00 0 
7f6ca006e000-7f6ca4000000 ---p 00000000 00:00 0 
7f6ca4000000-7f6ca4156000 rw-p 00000000 00:00 0 
7f6ca4156000-7f6ca8000000 ---p 00000000 00:00 0 
7f6ca8000000-7f6ca808b000 rw-p 00000000 00:00 0 
7f6ca808b000-7f6cac000000 ---p 00000000 00:00 0 
7f6cac000000-7f6caca5a000 rw-p 00000000 00:00 0 
7f6caca5a000-7f6cb0000000 ---p 00000000 00:00 0 
7f6cb0000000-7f6cb03e8000 rw-p 00000000 00:00 0 
7f6cb03e8000-7f6cb4000000 ---p 00000000 00:00 0 
7f6cb4000000-7f6cb40bb000 rw-p 00000000 00:00 0 
7f6cb40bb000-7f6cb8000000 ---p 00000000 00:00 0 
7f6cb8000000-7f6cb8021000 rw-p 00000000 00:00 0 
7f6cb8021000-7f6cbc000000 ---p 00000000 00:00 0 
7f6cbc0c9000-7f6cbc0cc000 ---p 00000000 00:00 0 
7f6cbc0cc000-7f6cbc3ca000 rw-p 00000000 00:00 0 
7f6cbc3ca000-7f6cbc3cd000 ---p 00000000 00:00 0 
7f6cbc3cd000-7f6cbc4cb000 rw-p 00000000 00:00 0 
7f6cbc4cb000-7f6cbc4ce000 ---p 00000000 00:00 0 
7f6cbc4ce000-7f6cbc5cc000 rw-p 00000000 00:00 0 
7f6cbc5cc000-7f6cbc5cf000 ---p 00000000 00:00 0 
7f6cbc5cf000-7f6cbc6cd000 rw-p 00000000 00:00 0 
7f6cbc6cd000-7f6cbc6d0000 ---p 00000000 00:00 0 
7f6cbc6d0000-7f6cbc7ce000 rw-p 00000000 00:00 0 
7f6cbc7ce000-7f6cbc7d1000 ---p 00000000 00:00 0 
7f6cbc7d1000-7f6cbc8cf000 rw-p 00000000 00:00 0 
7f6cbc8cf000-7f6cbc8d2000 ---p 00000000 00:00 0 
7f6cbc8d2000-7f6cbcbd0000 rw-p 00000000 00:00 0 
7f6cbcbd0000-7f6cbcdd0000 rw-p 00000000 00:00 0 
7f6cbcdd0000-7f6cbcdd3000 r--p 00000000 08:05 6424309                    /usr/lib/libgcc_s.so.1
7f6cbcdd3000-7f6cbcde4000 r-xp 00003000 08:05 6424309                    /usr/lib/libgcc_s.so.1
7f6cbcde4000-7f6cbcde7000 r--p 00014000 08:05 6424309                    /usr/lib/libgcc_s.so.1
7f6cbcde7000-7f6cbcde8000 ---p 00017000 08:05 6424309                    /usr/lib/libgcc_s.so.1
7f6cbcde8000-7f6cbcde9000 r--p 00017000 08:05 6424309                    /usr/lib/libgcc_s.so.1
7f6cbcde9000-7f6cbcdea000 rw-p 00018000 08:05 6424309                    /usr/lib/libgcc_s.so.1
7f6cbcdea000-7f6cbcfea000 rw-p 00000000 00:00 0 
7f6cbcfea000-7f6cbd1ea000 rw-p 00000000 00:00 0 
7f6cbd1ea000-7f6cbd1ed000 ---p 00000000 00:00 0 
7f6cbd1ed000-7f6cbd2eb000 rw-p 00000000 00:00 0 
7f6cbd2eb000-7f6cbd2ee000 ---p 00000000 00:00 0 
7f6cbd2ee000-7f6cbd3ec000 rw-p 00000000 00:00 0 
7f6cbd3ec000-7f6cbd3ef000 ---p 00000000 00:00 0 
7f6cbd3ef000-7f6cbd4ed000 rw-p 00000000 00:00 0 
7f6cbd4ed000-7f6cbd4f0000 ---p 00000000 00:00 0 
7f6cbd4f0000-7f6cbd5ee000 rw-p 00000000 00:00 0 
7f6cbd5ee000-7f6cbd5f1000 ---p 00000000 00:00 0 
7f6cbd5f1000-7f6cbd6ef000 rw-p 00000000 00:00 0 
7f6cbd6ef000-7f6cbd6f2000 ---p 00000000 00:00 0 
7f6cbd6f2000-7f6cbd7f0000 rw-p 00000000 00:00 0 
7f6cbd7f0000-7f6cbd7f3000 ---p 00000000 00:00 0 
7f6cbd7f3000-7f6cbd8f1000 rw-p 00000000 00:00 0 
7f6cbd8f1000-7f6cbd8f4000 ---p 00000000 00:00 0 
7f6cbd8f4000-7f6cbd9f2000 rw-p 00000000 00:00 0 
7f6cbd9f2000-7f6cbd9f5000 ---p 00000000 00:00 0 
7f6cbd9f5000-7f6cbdaf3000 rw-p 00000000 00:00 0 
7f6cbdaf3000-7f6cbdaf6000 ---p 00000000 00:00 0 
7f6cbdaf6000-7f6cbdbf4000 rw-p 00000000 00:00 0 
7f6cbdbf4000-7f6cbdbf7000 ---p 00000000 00:00 0 
7f6cbdbf7000-7f6cbdcf5000 rw-p 00000000 00:00 0 
7f6cbdcf5000-7f6cbdcf8000 ---p 00000000 00:00 0 
7f6cbdcf8000-7f6cbddf6000 rw-p 00000000 00:00 0 
7f6cbddf6000-7f6cbddf9000 ---p 00000000 00:00 0 
7f6cbddf9000-7f6cbdef7000 rw-p 00000000 00:00 0 
7f6cbdef7000-7f6cbdefa000 ---p 00000000 00:00 0 
7f6cbdefa000-7f6cbdff8000 rw-p 00000000 00:00 0 
7f6cbdff8000-7f6cbdffb000 ---p 00000000 00:00 0 
7f6cbdffb000-7f6cbe2f9000 rw-p 00000000 00:00 0 
7f6cbe2f9000-7f6cbe4f9000 rw-p 00000000 00:00 0 
7f6cbe4f9000-7f6cbe6f9000 rw-p 00000000 00:00 0 
7f6cbe6f9000-7f6cbe8f9000 rw-p 00000000 00:00 0 
7f6cbe8f9000-7f6cbe8fc000 ---p 00000000 00:00 0 
7f6cbe8fc000-7f6cbe9fa000 rw-p 00000000 00:00 0 
7f6cbe9fa000-7f6cbe9fd000 ---p 00000000 00:00 0 
7f6cbe9fd000-7f6cbeafb000 rw-p 00000000 00:00 0 
7f6cbeafb000-7f6cbeafe000 ---p 00000000 00:00 0 
7f6cbeafe000-7f6cbebfc000 rw-p 00000000 00:00 0 
7f6cbebfc000-7f6cbebff000 ---p 00000000 00:00 0 
7f6cbebff000-7f6cbeefd000 rw-p 00000000 00:00 0 
7f6cbeefd000-7f6cbf0fd000 rw-p 00000000 00:00 0 
7f6cbf0fd000-7f6cbf100000 ---p 00000000 00:00 0 
7f6cbf100000-7f6cbf3fe000 rw-p 00000000 00:00 0 
7f6cbf3fe000-7f6cbf5fe000 rw-p 00000000 00:00 0 
7f6cbf5fe000-7f6cbf7fe000 rw-p 00000000 00:00 0 
7f6cbf7fe000-7f6cbf9fe000 rw-p 00000000 00:00 0 
7f6cbf9fe000-7f6cbfbfe000 rw-p 00000000 00:00 0 
7f6cbfbfe000-7f6cbfc01000 ---p 00000000 00:00 0 
7f6cbfc01000-7f6cbfcff000 rw-p 00000000 00:00 0 
7f6cbfcff000-7f6cbfd02000 ---p 00000000 00:00 0 
7f6cbfd02000-7f6cc0000000 rw-p 00000000 00:00 0 
7f6cc0000000-7f6cc0021000 rw-p 00000000 00:00 0 
7f6cc0021000-7f6cc4000000 ---p 00000000 00:00 0 
7f6cc4000000-7f6cc4021000 rw-p 00000000 00:00 0 
7f6cc4021000-7f6cc8000000 ---p 00000000 00:00 0 
7f6cc8000000-7f6cc8021000 rw-p 00000000 00:00 0 
7f6cc8021000-7f6ccc000000 ---p 00000000 00:00 0 
7f6ccc000000-7f6ccc021000 rw-p 00000000 00:00 0 
7f6ccc021000-7f6cd0000000 ---p 00000000 00:00 0 
7f6cd0000000-7f6cd0021000 rw-p 00000000 00:00 0 
7f6cd0021000-7f6cd4000000 ---p 00000000 00:00 0 
7f6cd4000000-7f6cd4867000 rw-p 00000000 00:00 0 
7f6cd4867000-7f6cd8000000 ---p 00000000 00:00 0 
7f6cd8000000-7f6cd8021000 rw-p 00000000 00:00 0 
7f6cd8021000-7f6cdc000000 ---p 00000000 00:00 0 
7f6cdc000000-7f6cdc04e000 rw-p 00000000 00:00 0 
7f6cdc04e000-7f6ce0000000 ---p 00000000 00:00 0 
7f6ce0000000-7f6ce0021000 rw-p 00000000 00:00 0 
7f6ce0021000-7f6ce4000000 ---p 00000000 00:00 0 
7f6ce4000000-7f6ce4021000 rw-p 00000000 00:00 0 
7f6ce4021000-7f6ce8000000 ---p 00000000 00:00 0 
7f6ce8000000-7f6ce831d000 rw-p 00000000 00:00 0 
7f6ce831d000-7f6cec000000 ---p 00000000 00:00 0 
7f6cec000000-7f6cec0d4000 rw-p 00000000 00:00 0 
7f6cec0d4000-7f6cf0000000 ---p 00000000 00:00 0 
7f6cf0000000-7f6cf0295000 rw-p 00000000 00:00 0 
7f6cf0295000-7f6cf4000000 ---p 00000000 00:00 0 
7f6cf4000000-7f6cf4284000 rw-p 00000000 00:00 0 
7f6cf4284000-7f6cf8000000 ---p 00000000 00:00 0 
7f6cf8000000-7f6cf8320000 rw-p 00000000 00:00 0 
7f6cf8320000-7f6cfc000000 ---p 00000000 00:00 0 
7f6cfc031000-7f6cfc037000 r--s 0003b000 08:05 6684926                    /usr/lib/jvm/java-8-openjdk/jre/lib/ext/sunjce_provider.jar
7f6cfc037000-7f6cfc040000 r--p 00000000 08:05 6684915                    /usr/lib/jvm/java-8-openjdk/jre/lib/amd64/libsunec.so
7f6cfc040000-7f6cfc064000 r-xp 00009000 08:05 6684915                    /usr/lib/jvm/java-8-openjdk/jre/lib/amd64/libsunec.so
7f6cfc064000-7f6cfc070000 r--p 0002d000 08:05 6684915                    /usr/lib/jvm/java-8-openjdk/jre/lib/amd64/libsunec.so
7f6cfc070000-7f6cfc071000 ---p 00039000 08:05 6684915                    /usr/lib/jvm/java-8-openjdk/jre/lib/amd64/libsunec.so
7f6cfc071000-7f6cfc076000 r--p 00039000 08:05 6684915                    /usr/lib/jvm/java-8-openjdk/jre/lib/amd64/libsunec.so
7f6cfc076000-7f6cfc077000 rw-p 0003e000 08:05 6684915                    /usr/lib/jvm/java-8-openjdk/jre/lib/amd64/libsunec.so
7f6cfc077000-7f6cfc079000 r--s 00008000 08:05 6684925                    /usr/lib/jvm/java-8-openjdk/jre/lib/ext/sunec.jar
7f6cfc079000-7f6cfc07c000 r--s 00038000 08:05 6684927                    /usr/lib/jvm/java-8-openjdk/jre/lib/ext/sunpkcs11.jar
7f6cfc07c000-7f6cfc07e000 r--s 00016000 08:05 6554037                    /usr/lib/jvm/java-8-openjdk/jre/lib/jce.jar
7f6cfc07e000-7f6cfc083000 r--s 002f9000 08:05 6554026                    /usr/lib/jvm/java-8-openjdk/jre/lib/charsets.jar
7f6cfc083000-7f6cfc096000 r--s 00346000 08:05 6554047                    /usr/lib/jvm/java-8-openjdk/jre/lib/resources.jar
7f6cfc096000-7f6cfc099000 ---p 00000000 00:00 0 
7f6cfc099000-7f6cfc197000 rw-p 00000000 00:00 0 
7f6cfc197000-7f6cfc198000 ---p 00000000 00:00 0 
7f6cfc198000-7f6cfc298000 rw-p 00000000 00:00 0 
7f6cfc298000-7f6cfc29b000 ---p 00000000 00:00 0 
7f6cfc29b000-7f6cfc399000 rw-p 00000000 00:00 0 
7f6cfc399000-7f6cfc39c000 ---p 00000000 00:00 0 
7f6cfc39c000-7f6cfc49a000 rw-p 00000000 00:00 0 
7f6cfc49a000-7f6cfc49d000 ---p 00000000 00:00 0 
7f6cfc49d000-7f6cfc59b000 rw-p 00000000 00:00 0 
7f6cfc59b000-7f6cfc5a0000 r--s 0009d000 08:05 6554039                    /usr/lib/jvm/java-8-openjdk/jre/lib/jsse.jar
7f6cfc5a0000-7f6cfc5a2000 r--s 0000c000 08:05 921397                     /home/a4l4e4x4/.gradle/caches/modules-2/files-2.1/org.ow2.asm/asm/5.0.4/da08b8cce7bbf903602a25a3a163ae252435795/asm-5.0.4.jar
7f6cfc5a2000-7f6cfc5a4000 r--s 00006000 08:05 921395                     /home/a4l4e4x4/.gradle/caches/modules-2/files-2.1/net.minidev/accessors-smart/1.2/c592b500269bfde36096641b01238a8350f8aa31/accessors-smart-1.2.jar
7f6cfc5a4000-7f6cfc5a5000 r--s 00004000 08:05 921393                     /home/a4l4e4x4/.gradle/caches/modules-2/files-2.1/com.vaadin.external.google/android-json/0.0.20131108.vaadin1/fa26d351fe62a6a17f5cda1287c1c6110dec413f/android-json-0.0.20131108.vaadin1.jar
7f6cfc5a5000-7f6cfc5a7000 r--s 0000c000 08:05 8132730                    /home/a4l4e4x4/.gradle/caches/modules-2/files-2.1/org.objenesis/objenesis/2.6/639033469776fd37c08358c6b92a4761feb2af4b/objenesis-2.6.jar
7f6cfc5a7000-7f6cfc5a9000 r--s 00009000 08:05 3015233                    /home/a4l4e4x4/.gradle/caches/modules-2/files-2.1/net.bytebuddy/byte-buddy-agent/1.7.11/b425a8933ca07edd03c6dbc8bc3b595fba9780de/byte-buddy-agent-1.7.11.jar
7f6cfc5a9000-7f6cfc5e5000 r--s 00290000 08:05 3015239                    /home/a4l4e4x4/.gradle/caches/modules-2/files-2.1/net.bytebuddy/byte-buddy/1.7.11/f02857a4e2c66ccbe7aaad6100a0a6c461bce9b3/byte-buddy-1.7.11.jar
7f6cfc5e5000-7f6cfc5e8000 r--s 0001b000 08:05 921387                     /home/a4l4e4x4/.gradle/caches/modules-2/files-2.1/net.minidev/json-smart/2.3/7396407491352ce4fa30de92efb158adb76b5b/json-smart-2.3.jar
7f6cfc5e8000-7f6cfc5ed000 r--s 00022000 08:05 921385                     /home/a4l4e4x4/.gradle/caches/modules-2/files-2.1/org.xmlunit/xmlunit-core/2.5.1/4ffdb346572a7356f7521cd3119ce5287d2e339d/xmlunit-core-2.5.1.jar
7f6cfc5ed000-7f6cfc5fa000 r--s 00087000 08:05 7749294                    /home/a4l4e4x4/.gradle/caches/modules-2/files-2.1/org.springframework/spring-test/5.0.7.RELEASE/bcb7505a316ea34b7e9a7ae5d4921be5b475c02d/spring-test-5.0.7.RELEASE.jar
7f6cfc5fa000-7f6cfc5fc000 r--s 00006000 08:05 921383                     /home/a4l4e4x4/.gradle/caches/modules-2/files-2.1/org.skyscreamer/jsonassert/1.5.0/6c9d5fe2f59da598d9aefc1cfc6528ff3cf32df3/jsonassert-1.5.0.jar
7f6cfc5fc000-7f6cfc60c000 r--s 00075000 08:05 921389                     /home/a4l4e4x4/.gradle/caches/modules-2/files-2.1/org.mockito/mockito-core/2.15.0/b84bfbbc29cd22c9529409627af6ea2897f4fa85/mockito-core-2.15.0.jar
7f6cfc60c000-7f6cfc661000 r--s 00367000 08:05 921403                     /home/a4l4e4x4/.gradle/caches/modules-2/files-2.1/org.assertj/assertj-core/3.9.1/c5ce126b15f28d56cd8f960c1a6a058b9c9aea87/assertj-core-3.9.1.jar
7f6cfc661000-7f6cfc667000 r--s 00031000 08:05 921399                     /home/a4l4e4x4/.gradle/caches/modules-2/files-2.1/com.jayway.jsonpath/json-path/2.4.0/765a4401ceb2dc8d40553c2075eb80a8fa35c2ae/json-path-2.4.0.jar
7f6cfc667000-7f6cfc669000 r--s 00009000 08:05 8002357                    /home/a4l4e4x4/.gradle/caches/modules-2/files-2.1/org.hamcrest/hamcrest-core/1.3/42a25dc3219429f0e5d060061f71acb49bf010a0/hamcrest-core-1.3.jar
7f6cfc669000-7f6cfc66a000 r--s 0000c000 08:05 8002571                    /home/a4l4e4x4/.gradle/caches/modules-2/files-2.1/org.hamcrest/hamcrest-library/1.3/4785a3c21320980282f9f33d0d1264a69040538f/hamcrest-library-1.3.jar
7f6cfc66a000-7f6cfc66f000 r--s 0002b000 08:05 1966162                    /home/a4l4e4x4/.gradle/caches/modules-2/files-2.1/org.springframework.boot/spring-boot-test/2.0.3.RELEASE/5c9b4bb6cfce9ef6e53a0ff5fc4a7ff2867871d8/spring-boot-test-2.0.3.RELEASE.jar
7f6cfc66f000-7f6cfc676000 r--s 00020000 08:05 1966164                    /home/a4l4e4x4/.gradle/caches/modules-2/files-2.1/org.springframework.boot/spring-boot-test-autoconfigure/2.0.3.RELEASE/54e7d2167f2b926bf16a0ef8b91b6bfbd43826e7/spring-boot-test-autoconfigure-2.0.3.RELEASE.jar
7f6cfc676000-7f6cfc67e000 r--s 00045000 08:05 7874561                    /home/a4l4e4x4/.gradle/caches/modules-2/files-2.1/junit/junit/4.12/2973d150c0dc1fefe998f834810d68f278ea58ec/junit-4.12.jar
7f6cfc67e000-7f6cfc685000 r--s 0004b000 08:05 3015186                    /home/a4l4e4x4/.gradle/caches/modules-2/files-2.1/commons-codec/commons-codec/1.11/3acb4705652e16236558f0f4f2192cc33c3bd189/commons-codec-1.11.jar
7f6cfc685000-7f6cfc68b000 r--s 00039000 08:05 921162                     /home/a4l4e4x4/.gradle/caches/modules-2/files-2.1/org.apache.logging.log4j/log4j-api/2.10.0/fec5797a55b786184a537abd39c3fa1449d752d6/log4j-api-2.10.0.jar
7f6cfc68b000-7f6cfc696000 r--s 00069000 08:05 921164                     /home/a4l4e4x4/.gradle/caches/modules-2/files-2.1/ch.qos.logback/logback-core/1.2.3/864344400c3d4d92dfeb0a305dc87d953677c03c/logback-core-1.2.3.jar
7f6cfc696000-7f6cfc69b000 r--s 0004b000 08:05 1839256                    /home/a4l4e4x4/.gradle/caches/modules-2/files-2.1/com.fasterxml.jackson.core/jackson-core/2.9.6/4e393793c37c77e042ccc7be5a914ae39251b365/jackson-core-2.9.6.jar
7f6cfc69b000-7f6cfc69e000 r--s 0000e000 08:05 921146                     /home/a4l4e4x4/.gradle/caches/modules-2/files-2.1/com.fasterxml.jackson.core/jackson-annotations/2.9.0/7c10d545325e3a6e72e06381afe469fd40eb701/jackson-annotations-2.9.0.jar
7f6cfc69e000-7f6cfc6a1000 r--s 00026000 08:05 3015180                    /home/a4l4e4x4/.gradle/caches/modules-2/files-2.1/org.unbescape/unbescape/1.1.5.RELEASE/46dc644ea9c234317d926ebac5bf5d8f114dc1ba/unbescape-1.1.5.RELEASE.jar
7f6cfc6a1000-7f6cfc6a5000 r--s 00035000 08:05 3015178                    /home/a4l4e4x4/.gradle/caches/modules-2/files-2.1/org.attoparser/attoparser/2.0.4.RELEASE/5cf02c4d8303a81f0c80971bb1dcd40d3ba96009/attoparser-2.0.4.RELEASE.jar
7f6cfc6a5000-7f6cfc6a9000 r--s 0002a000 08:05 3015176                    /home/a4l4e4x4/.gradle/caches/modules-2/files-2.1/commons-io/commons-io/2.4/b1b6ea3b7e4aa4f492509a4952029cd8e48019ad/commons-io-2.4.jar
7f6cfc6a9000-7f6cfc6df000 r--s 0022c000 08:05 3015190                    /home/a4l4e4x4/.gradle/caches/modules-2/files-2.1/org.neo4j.driver/neo4j-java-driver/1.5.0/25d4467127d99340c9a7f02ab30ea19b15e52c88/neo4j-java-driver-1.5.0.jar
7f6cfc6df000-7f6cfc6e4000 r--s 00031000 08:05 3015174                    /home/a4l4e4x4/.gradle/caches/modules-2/files-2.1/io.github.lukehutch/fast-classpath-scanner/2.7.4/f22492a913078ea2007adfb986da0a38753bd7d9/fast-classpath-scanner-2.7.4.jar
7f6cfc6e4000-7f6cfc6ec000 r--s 00072000 08:05 8131840                    /home/a4l4e4x4/.gradle/caches/modules-2/files-2.1/org.apache.commons/commons-lang3/3.7/557edd918fd41f9260963583ebf5a61a43a6b423/commons-lang3-3.7.jar
7f6cfc6ec000-7f6cfc6ee000 r--s 00004000 08:05 7220435                    /home/a4l4e4x4/.gradle/caches/modules-2/files-2.1/org.springframework/spring-jcl/5.0.7.RELEASE/699016ddf454c2c167d9f84ae5777eccadf54728/spring-jcl-5.0.7.RELEASE.jar
7f6cfc6ee000-7f6cfc6f0000 r--s 0000e000 08:05 8402502                    /home/a4l4e4x4/.gradle/caches/modules-2/files-2.1/com.fasterxml/classmate/1.3.4/3d5f48f10bbe4eb7bd862f10c0583be2e0053c6/classmate-1.3.4.jar
7f6cfc6f0000-7f6cfc6f2000 r--s 0000f000 08:05 8002565                    /home/a4l4e4x4/.gradle/caches/modules-2/files-2.1/org.jboss.logging/jboss-logging/3.3.2.Final/3789d00e859632e6c6206adc0c71625559e6e3b0/jboss-logging-3.3.2.Final.jar
7f6cfc6f2000-7f6cfc6f7000 r--s 00012000 08:05 8264187                    /home/a4l4e4x4/.gradle/caches/modules-2/files-2.1/javax.validation/validation-api/2.0.1.Final/cb855558e6271b1b32e716d24cb85c7f583ce09e/validation-api-2.0.1.Final.jar
7f6cfc6f7000-7f6cfc6fb000 r--s 00037000 08:05 3015156                    /home/a4l4e4x4/.gradle/caches/modules-2/files-2.1/org.apache.tomcat.embed/tomcat-embed-el/8.5.31/3a536e1ac71b82627c3a7408eb38fa0704cb9034/tomcat-embed-el-8.5.31.jar
7f6cfc6fb000-7f6cfc724000 r--s 002d0000 08:05 3015184                    /home/a4l4e4x4/.gradle/caches/modules-2/files-2.1/org.apache.tomcat.embed/tomcat-embed-core/8.5.31/f5adf7ed8c34aa005b22b6a2dc7b6796e10e9c79/tomcat-embed-core-8.5.31.jar
7f6cfc724000-7f6cfc729000 r--s 0003a000 08:05 3015150                    /home/a4l4e4x4/.gradle/caches/modules-2/files-2.1/org.apache.tomcat.embed/tomcat-embed-websocket/8.5.31/6564e716b89de5eaa0dd234ae7989576503ddf3/tomcat-embed-websocket-8.5.31.jar
7f6cfc729000-7f6cfc73c000 r--s 00137000 08:05 1839258                    /home/a4l4e4x4/.gradle/caches/modules-2/files-2.1/com.fasterxml.jackson.core/jackson-databind/2.9.6/cfa4f316351a91bfd95cb0644c6a2c95f52db1fc/jackson-databind-2.9.6.jar
7f6cfc73c000-7f6cfc73e000 r--s 00001000 08:05 1839248                    /home/a4l4e4x4/.gradle/caches/modules-2/files-2.1/com.fasterxml.jackson.module/jackson-module-parameter-names/2.9.6/129acd77a4b6ee30d62d3a0899b1344c8ec2bff8/jackson-module-parameter-names-2.9.6.jar
7f6cfc73e000-7f6cfc741000 r--s 00016000 08:05 1839252                    /home/a4l4e4x4/.gradle/caches/modules-2/files-2.1/com.fasterxml.jackson.datatype/jackson-datatype-jsr310/2.9.6/ea54f6193d224e5e5732bbd4262327eb465397c2/jackson-datatype-jsr310-2.9.6.jar
7f6cfc741000-7f6cfc743000 r--s 00007000 08:05 1839250                    /home/a4l4e4x4/.gradle/caches/modules-2/files-2.1/com.fasterxml.jackson.datatype/jackson-datatype-jdk8/2.9.6/456895fc91bf7180b216fead220373e6278230c9/jackson-datatype-jdk8-2.9.6.jar
7f6cfc743000-7f6cfc745000 r--s 00009000 08:05 7874533                    /home/a4l4e4x4/.gradle/caches/modules-2/files-2.1/org.slf4j/slf4j-api/1.7.25/da76ca59f6a57ee3102f8f9bd9cee742973efa8a/slf4j-api-1.7.25.jar
7f6cfc745000-7f6cfc748000 r--s 0000c000 08:05 3015162                    /home/a4l4e4x4/.gradle/caches/modules-2/files-2.1/org.neo4j/neo4j-ogm-api/3.1.0/23ab38571b555a7ec55bcac74e6d123c02d1f44e/neo4j-ogm-api-3.1.0.jar
7f6cfc748000-7f6cfc74a000 r--s 00000000 08:05 7874662                    /home/a4l4e4x4/.gradle/caches/modules-2/files-2.1/org.slf4j/jul-to-slf4j/1.7.25/af5364cd6679bfffb114f0dec8a157aaa283b76/jul-to-slf4j-1.7.25.jar
7f6cfc74a000-7f6cfc74c000 r--s 00003000 08:05 8132726                    /home/a4l4e4x4/.gradle/caches/modules-2/files-2.1/org.apache.logging.log4j/log4j-to-slf4j/2.10.0/f7e631ccf49cfc0aefa4a2a728da7d374c05bd3c/log4j-to-slf4j-2.10.0.jar
7f6cfc74c000-7f6cfc752000 r--s 00041000 08:05 921142                     /home/a4l4e4x4/.gradle/caches/modules-2/files-2.1/ch.qos.logback/logback-classic/1.2.3/7c4f3c474fb2c041d8028740440937705ebb473a/logback-classic-1.2.3.jar
7f6cfc752000-7f6cfc762000 r--s 000c5000 08:05 3015172                    /home/a4l4e4x4/.gradle/caches/modules-2/files-2.1/org.thymeleaf/thymeleaf/3.0.9.RELEASE/64185cca50ac808ad034841c84b4013f955465d2/thymeleaf-3.0.9.RELEASE.jar
7f6cfc762000-7f6cfc764000 r--s 00005000 08:05 3015158                    /home/a4l4e4x4/.gradle/caches/modules-2/files-2.1/org.neo4j/neo4j-ogm-bolt-driver/3.1.0/d480c89f3037edbe6d5208f7a7cb44fb7468caba/neo4j-ogm-bolt-driver-3.1.0.jar
7f6cfc764000-7f6cfc76b000 r--s 0004e000 08:05 3015160                    /home/a4l4e4x4/.gradle/caches/modules-2/files-2.1/org.neo4j/neo4j-ogm-core/3.1.0/c6d7d86a3530f83df9e37c2843c86fbc66646437/neo4j-ogm-core-3.1.0.jar
7f6cfc76b000-7f6cfc772000 r--s 00042000 08:05 921132                     /home/a4l4e4x4/.gradle/caches/modules-2/files-2.1/org.yaml/snakeyaml/1.19/2d998d3d674b172a588e54ab619854d073f555b5/snakeyaml-1.19.jar
7f6cfc772000-7f6cfc774000 r--s 00005000 08:05 921116                     /home/a4l4e4x4/.gradle/caches/modules-2/files-2.1/javax.annotation/javax.annotation-api/1.3.2/934c04d3cfef185a8008e7bf34331b79730a9d43/javax.annotation-api-1.3.2.jar
7f6cfc774000-7f6cfc78c000 r--s 00114000 08:05 7348253                    /home/a4l4e4x4/.gradle/caches/modules-2/files-2.1/org.springframework/spring-core/5.0.7.RELEASE/54b731178d81e66eca9623df772ff32718208137/spring-core-5.0.7.RELEASE.jar
7f6cfc78c000-7f6cfc791000 r--s 00040000 08:05 6987857                    /home/a4l4e4x4/.gradle/caches/modules-2/files-2.1/org.springframework/spring-expression/5.0.7.RELEASE/ca01fb473f53dd0ee3c85663b26d5dc325602057/spring-expression-5.0.7.RELEASE.jar
7f6cfc791000-7f6cfc79d000 r--s 00096000 08:05 6296575                    /home/a4l4e4x4/.gradle/caches/modules-2/files-2.1/org.springframework/spring-beans/5.0.7.RELEASE/c1196cb3e56da83e3c3a02ef323699f4b05feedc/spring-beans-5.0.7.RELEASE.jar
7f6cfc79d000-7f6cfc7a6000 r--s 00051000 08:05 7220440                    /home/a4l4e4x4/.gradle/caches/modules-2/files-2.1/org.springframework/spring-aop/5.0.7.RELEASE/fdd0b6aa3c9c7a188c3bfbf6dfd8d40e843be9ef/spring-aop-5.0.7.RELEASE.jar
7f6cfc7a6000-7f6cfc7bd000 r--s 000f1000 08:05 7875838                    /home/a4l4e4x4/.gradle/caches/modules-2/files-2.1/org.springframework.data/spring-data-commons/2.0.8.RELEASE/5c19af63b5acb0eab39066684e813d5ecd9d03b7/spring-data-commons-2.0.8.RELEASE.jar
7f6cfc7bd000-7f6cfc7d7000 r--s 000f1000 08:05 6445148                    /home/a4l4e4x4/.gradle/caches/modules-2/files-2.1/org.springframework/spring-context/5.0.7.RELEASE/243a23f8968de8754d8199d669780d683ab177bd/spring-context-5.0.7.RELEASE.jar
7f6cfc7d7000-7f6cfc7f1000 r--s 00119000 08:05 7644204                    /home/a4l4e4x4/.gradle/caches/modules-2/files-2.1/org.springframework/spring-web/5.0.7.RELEASE/2e04c6c2922fbfa06b5948be14a5782db168b6ec/spring-web-5.0.7.RELEASE.jar
7f6cfc7f1000-7f6cfc80d000 r--s 000f9000 08:05 1839238                    /home/a4l4e4x4/.gradle/caches/modules-2/files-2.1/org.hibernate.validator/hibernate-validator/6.0.10.Final/4236051a8d209c00f85e70918d5e26d9f3e5201e/hibernate-validator-6.0.10.Final.jar
7f6cfc80d000-7f6cfc8a4000 r--s 008dd000 08:05 6694393                    /usr/lib/jvm/java-8-openjdk/jre/lib/ext/jfxrt.jar
7f6cfc8a4000-7f6cfc8a7000 ---p 00000000 00:00 0 
7f6cfc8a7000-7f6cfc9a5000 rw-p 00000000 00:00 0 
7f6cfc9a5000-7f6cfc9a6000 ---p 00000000 00:00 0 
7f6cfc9a6000-7f6cfc9a9000 ---p 00000000 00:00 0 
7f6cfc9a9000-7f6cfcaa6000 rw-p 00000000 00:00 0 
7f6cfcaa6000-7f6cfcaa7000 ---p 00000000 00:00 0 
7f6cfcaa7000-7f6cfcaaa000 ---p 00000000 00:00 0 
7f6cfcaaa000-7f6cfcba7000 rw-p 00000000 00:00 0 
7f6cfcba7000-7f6cfcba8000 ---p 00000000 00:00 0 
7f6cfcba8000-7f6cfcbab000 ---p 00000000 00:00 0 
7f6cfcbab000-7f6cfcca8000 rw-p 00000000 00:00 0 
7f6cfcca8000-7f6cfccab000 ---p 00000000 00:00 0 
7f6cfccab000-7f6cfcda9000 rw-p 00000000 00:00 0 
7f6cfcda9000-7f6cfd08e000 r--p 00000000 08:05 6445505                    /usr/lib/locale/locale-archive
7f6cfd08e000-7f6cfd091000 ---p 00000000 00:00 0 
7f6cfd091000-7f6cfd18f000 rw-p 00000000 00:00 0 
7f6cfd18f000-7f6cfd192000 ---p 00000000 00:00 0 
7f6cfd192000-7f6d01000000 rw-p 00000000 00:00 0 
7f6d01000000-7f6d02140000 rwxp 00000000 00:00 0 
7f6d02140000-7f6d10000000 ---p 00000000 00:00 0 
7f6d10000000-7f6d109f5000 rw-p 00000000 00:00 0 
7f6d109f5000-7f6d14000000 ---p 00000000 00:00 0 
7f6d14000000-7f6d14001000 r--s 00000000 08:05 1839312                    /home/a4l4e4x4/.gradle/caches/modules-2/files-2.1/org.springframework.boot/spring-boot-starter-test/2.0.3.RELEASE/1c624b1cc217bac010abce7a28df8169af4a7fa0/spring-boot-starter-test-2.0.3.RELEASE.jar
7f6d14001000-7f6d14002000 r--s 00000000 08:05 1839242                    /home/a4l4e4x4/.gradle/caches/modules-2/files-2.1/org.springframework.boot/spring-boot-starter-logging/2.0.3.RELEASE/7caad34f01d2688919e15e09a90467963e3d5190/spring-boot-starter-logging-2.0.3.RELEASE.jar
7f6d14002000-7f6d1400a000 r--s 00037000 08:05 7875836                    /home/a4l4e4x4/.gradle/caches/modules-2/files-2.1/org.springframework/spring-tx/5.0.7.RELEASE/4ca59b21c61162adb146ad1b40c30b60d8dc42b8/spring-tx-5.0.7.RELEASE.jar
7f6d1400a000-7f6d14019000 r--s 000b2000 08:05 1839240                    /home/a4l4e4x4/.gradle/caches/modules-2/files-2.1/org.springframework/spring-webmvc/5.0.7.RELEASE/751c871527ec7ff335ffc76f2e737e297c0a8d30/spring-webmvc-5.0.7.RELEASE.jar
7f6d14019000-7f6d1401a000 r--s 00000000 08:05 1839232                    /home/a4l4e4x4/.gradle/caches/modules-2/files-2.1/org.springframework.boot/spring-boot-starter-tomcat/2.0.3.RELEASE/25a51a75bfb997b7b95d6760178ee3303863ec4b/spring-boot-starter-tomcat-2.0.3.RELEASE.jar
7f6d1401a000-7f6d1401b000 r--s 00009000 08:05 3015142                    /home/a4l4e4x4/.gradle/caches/modules-2/files-2.1/org.thymeleaf.extras/thymeleaf-extras-java8time/3.0.1.RELEASE/d23760d1e53cd70c489ef40dc94ee6bd2371cceb/thymeleaf-extras-java8time-3.0.1.RELEASE.jar
7f6d1401b000-7f6d1401f000 r--s 00027000 08:05 3015140                    /home/a4l4e4x4/.gradle/caches/modules-2/files-2.1/org.thymeleaf/thymeleaf-spring5/3.0.9.RELEASE/abf84efd83808a70d982d2790f7f3a7bd3a39cf4/thymeleaf-spring5-3.0.9.RELEASE.jar
7f6d1401f000-7f6d14023000 r--s 0001d000 08:05 6296138                    /home/a4l4e4x4/.gradle/caches/modules-2/files-2.1/org.springframework.data/spring-data-neo4j/5.0.8.RELEASE/e67e51cc318c0e1293891c8bd2fd91458abee70c/spring-data-neo4j-5.0.8.RELEASE.jar
7f6d14023000-7f6d14038000 r--s 000cf000 08:05 1839244                    /home/a4l4e4x4/.gradle/caches/modules-2/files-2.1/org.springframework.boot/spring-boot/2.0.3.RELEASE/b874870d915adbc3dd932e19077d3d45c8e54aa0/spring-boot-2.0.3.RELEASE.jar
7f6d14038000-7f6d14058000 r--s 000fc000 08:05 1839246                    /home/a4l4e4x4/.gradle/caches/modules-2/files-2.1/org.springframework.boot/spring-boot-autoconfigure/2.0.3.RELEASE/11bc4cc96b08fabad2b3186755818fa0b32d83f/spring-boot-autoconfigure-2.0.3.RELEASE.jar
7f6d14058000-7f6d1405e000 r--s 0002d000 08:05 7220506                    /home/a4l4e4x4/.gradle/caches/modules-2/files-2.1/org.springframework.boot/spring-boot-devtools/2.0.3.RELEASE/478e12e423b45d182a409f12a28fb9f0cddf84bf/spring-boot-devtools-2.0.3.RELEASE.jar
7f6d1405e000-7f6d14065000 r--p 00000000 08:05 6684911                    /usr/lib/jvm/java-8-openjdk/jre/lib/amd64/libnio.so
7f6d14065000-7f6d1406d000 r-xp 00007000 08:05 6684911                    /usr/lib/jvm/java-8-openjdk/jre/lib/amd64/libnio.so
7f6d1406d000-7f6d14070000 r--p 0000f000 08:05 6684911                    /usr/lib/jvm/java-8-openjdk/jre/lib/amd64/libnio.so
7f6d14070000-7f6d14071000 ---p 00012000 08:05 6684911                    /usr/lib/jvm/java-8-openjdk/jre/lib/amd64/libnio.so
7f6d14071000-7f6d14072000 r--p 00012000 08:05 6684911                    /usr/lib/jvm/java-8-openjdk/jre/lib/amd64/libnio.so
7f6d14072000-7f6d14073000 rw-p 00013000 08:05 6684911                    /usr/lib/jvm/java-8-openjdk/jre/lib/amd64/libnio.so
7f6d14073000-7f6d140a4000 rw-p 00000000 00:00 0 
7f6d140a4000-7f6d140a9000 r--p 00000000 08:05 6684910                    /usr/lib/jvm/java-8-openjdk/jre/lib/amd64/libnet.so
7f6d140a9000-7f6d140b8000 r-xp 00005000 08:05 6684910                    /usr/lib/jvm/java-8-openjdk/jre/lib/amd64/libnet.so
7f6d140b8000-7f6d140bc000 r--p 00014000 08:05 6684910                    /usr/lib/jvm/java-8-openjdk/jre/lib/amd64/libnet.so
7f6d140bc000-7f6d140bd000 r--p 00017000 08:05 6684910                    /usr/lib/jvm/java-8-openjdk/jre/lib/amd64/libnet.so
7f6d140bd000-7f6d140be000 rw-p 00018000 08:05 6684910                    /usr/lib/jvm/java-8-openjdk/jre/lib/amd64/libnet.so
7f6d140be000-7f6d140c2000 r--p 00000000 08:05 6684908                    /usr/lib/jvm/java-8-openjdk/jre/lib/amd64/libmanagement.so
7f6d140c2000-7f6d140c5000 r-xp 00004000 08:05 6684908                    /usr/lib/jvm/java-8-openjdk/jre/lib/amd64/libmanagement.so
7f6d140c5000-7f6d140c7000 r--p 00007000 08:05 6684908                    /usr/lib/jvm/java-8-openjdk/jre/lib/amd64/libmanagement.so
7f6d140c7000-7f6d140c8000 r--p 00008000 08:05 6684908                    /usr/lib/jvm/java-8-openjdk/jre/lib/amd64/libmanagement.so
7f6d140c8000-7f6d140c9000 rw-p 00009000 08:05 6684908                    /usr/lib/jvm/java-8-openjdk/jre/lib/amd64/libmanagement.so
7f6d140c9000-7f6d140ca000 ---p 00000000 00:00 0 
7f6d140ca000-7f6d151cc000 rw-p 00000000 00:00 0 
7f6d151cc000-7f6d1539c000 r--s 03c31000 08:05 6554048                    /usr/lib/jvm/java-8-openjdk/jre/lib/rt.jar
7f6d1539c000-7f6d16093000 rw-p 00000000 00:00 0 
7f6d16093000-7f6d16094000 ---p 00000000 00:00 0 
7f6d16094000-7f6d16194000 rw-p 00000000 00:00 0 
7f6d16194000-7f6d16195000 ---p 00000000 00:00 0 
7f6d16195000-7f6d16295000 rw-p 00000000 00:00 0 
7f6d16295000-7f6d16296000 ---p 00000000 00:00 0 
7f6d16296000-7f6d16396000 rw-p 00000000 00:00 0 
7f6d16396000-7f6d16397000 ---p 00000000 00:00 0 
7f6d16397000-7f6d165e8000 rw-p 00000000 00:00 0 
7f6d165e8000-7f6d16727000 ---p 00000000 00:00 0 
7f6d16727000-7f6d16878000 rw-p 00000000 00:00 0 
7f6d16878000-7f6d169b6000 ---p 00000000 00:00 0 
7f6d169b6000-7f6d16afd000 rw-p 00000000 00:00 0 
7f6d16afd000-7f6d16afe000 ---p 00000000 00:00 0 
7f6d16afe000-7f6d16b44000 rw-p 00000000 00:00 0 
7f6d16b44000-7f6d16ebf000 ---p 00000000 00:00 0 
7f6d16ebf000-7f6d16ec2000 r--p 00000000 08:05 6684918                    /usr/lib/jvm/java-8-openjdk/jre/lib/amd64/libzip.so
7f6d16ec2000-7f6d16ec6000 r-xp 00003000 08:05 6684918                    /usr/lib/jvm/java-8-openjdk/jre/lib/amd64/libzip.so
7f6d16ec6000-7f6d16ec8000 r--p 00007000 08:05 6684918                    /usr/lib/jvm/java-8-openjdk/jre/lib/amd64/libzip.so
7f6d16ec8000-7f6d16ec9000 r--p 00008000 08:05 6684918                    /usr/lib/jvm/java-8-openjdk/jre/lib/amd64/libzip.so
7f6d16ec9000-7f6d16eca000 rw-p 00009000 08:05 6684918                    /usr/lib/jvm/java-8-openjdk/jre/lib/amd64/libzip.so
7f6d16eca000-7f6d16ed7000 r--p 00000000 08:05 6684900                    /usr/lib/jvm/java-8-openjdk/jre/lib/amd64/libjava.so
7f6d16ed7000-7f6d16ef0000 r-xp 0000d000 08:05 6684900                    /usr/lib/jvm/java-8-openjdk/jre/lib/amd64/libjava.so
7f6d16ef0000-7f6d16ef7000 r--p 00026000 08:05 6684900                    /usr/lib/jvm/java-8-openjdk/jre/lib/amd64/libjava.so
7f6d16ef7000-7f6d16ef8000 ---p 0002d000 08:05 6684900                    /usr/lib/jvm/java-8-openjdk/jre/lib/amd64/libjava.so
7f6d16ef8000-7f6d16ef9000 r--p 0002d000 08:05 6684900                    /usr/lib/jvm/java-8-openjdk/jre/lib/amd64/libjava.so
7f6d16ef9000-7f6d16efa000 rw-p 0002e000 08:05 6684900                    /usr/lib/jvm/java-8-openjdk/jre/lib/amd64/libjava.so
7f6d16efa000-7f6d16efb000 rw-p 00000000 00:00 0 
7f6d16efb000-7f6d16efd000 r--p 00000000 08:05 6431018                    /usr/lib/librt-2.28.so
7f6d16efd000-7f6d16f01000 r-xp 00002000 08:05 6431018                    /usr/lib/librt-2.28.so
7f6d16f01000-7f6d16f03000 r--p 00006000 08:05 6431018                    /usr/lib/librt-2.28.so
7f6d16f03000-7f6d16f04000 r--p 00007000 08:05 6431018                    /usr/lib/librt-2.28.so
7f6d16f04000-7f6d16f05000 rw-p 00008000 08:05 6431018                    /usr/lib/librt-2.28.so
7f6d16f05000-7f6d16f06000 ---p 00000000 00:00 0 
7f6d16f06000-7f6d16f09000 ---p 00000000 00:00 0 
7f6d16f09000-7f6d17006000 rw-p 00000000 00:00 0 
7f6d17006000-7f6d17013000 r--p 00000000 08:05 6430979                    /usr/lib/libm-2.28.so
7f6d17013000-7f6d170b4000 r-xp 0000d000 08:05 6430979                    /usr/lib/libm-2.28.so
7f6d170b4000-7f6d17189000 r--p 000ae000 08:05 6430979                    /usr/lib/libm-2.28.so
7f6d17189000-7f6d1718a000 r--p 00182000 08:05 6430979                    /usr/lib/libm-2.28.so
7f6d1718a000-7f6d1718b000 rw-p 00183000 08:05 6430979                    /usr/lib/libm-2.28.so
7f6d1718b000-7f6d1737b000 r--p 00000000 08:05 6817052                    /usr/lib/jvm/java-8-openjdk/jre/lib/amd64/server/libjvm.so
7f6d1737b000-7f6d17be8000 r-xp 001f0000 08:05 6817052                    /usr/lib/jvm/java-8-openjdk/jre/lib/amd64/server/libjvm.so
7f6d17be8000-7f6d17d86000 r--p 00a5d000 08:05 6817052                    /usr/lib/jvm/java-8-openjdk/jre/lib/amd64/server/libjvm.so
7f6d17d86000-7f6d17d87000 ---p 00bfb000 08:05 6817052                    /usr/lib/jvm/java-8-openjdk/jre/lib/amd64/server/libjvm.so
7f6d17d87000-7f6d17e1c000 r--p 00bfb000 08:05 6817052                    /usr/lib/jvm/java-8-openjdk/jre/lib/amd64/server/libjvm.so
7f6d17e1c000-7f6d17e44000 rw-p 00c90000 08:05 6817052                    /usr/lib/jvm/java-8-openjdk/jre/lib/amd64/server/libjvm.so
7f6d17e44000-7f6d17e76000 rw-p 00000000 00:00 0 
7f6d17e76000-7f6d17e7c000 r--p 00000000 08:05 6431010                    /usr/lib/libpthread-2.28.so
7f6d17e7c000-7f6d17e8b000 r-xp 00006000 08:05 6431010                    /usr/lib/libpthread-2.28.so
7f6d17e8b000-7f6d17e91000 r--p 00015000 08:05 6431010                    /usr/lib/libpthread-2.28.so
7f6d17e91000-7f6d17e92000 r--p 0001a000 08:05 6431010                    /usr/lib/libpthread-2.28.so
7f6d17e92000-7f6d17e93000 rw-p 0001b000 08:05 6431010                    /usr/lib/libpthread-2.28.so
7f6d17e93000-7f6d17e97000 rw-p 00000000 00:00 0 
7f6d17e97000-7f6d17e98000 r--p 00000000 08:05 6430973                    /usr/lib/libdl-2.28.so
7f6d17e98000-7f6d17e99000 r-xp 00001000 08:05 6430973                    /usr/lib/libdl-2.28.so
7f6d17e99000-7f6d17e9a000 r--p 00002000 08:05 6430973                    /usr/lib/libdl-2.28.so
7f6d17e9a000-7f6d17e9b000 r--p 00002000 08:05 6430973                    /usr/lib/libdl-2.28.so
7f6d17e9b000-7f6d17e9c000 rw-p 00003000 08:05 6430973                    /usr/lib/libdl-2.28.so
7f6d17e9c000-7f6d17eb2000 r-xp 00000000 08:05 6432454                    /usr/lib/libz.so.1.2.11
7f6d17eb2000-7f6d180b1000 ---p 00016000 08:05 6432454                    /usr/lib/libz.so.1.2.11
7f6d180b1000-7f6d180b2000 r--p 00015000 08:05 6432454                    /usr/lib/libz.so.1.2.11
7f6d180b2000-7f6d180b3000 rw-p 00016000 08:05 6432454                    /usr/lib/libz.so.1.2.11
7f6d180b3000-7f6d180d5000 r--p 00000000 08:05 6430964                    /usr/lib/libc-2.28.so
7f6d180d5000-7f6d18220000 r-xp 00022000 08:05 6430964                    /usr/lib/libc-2.28.so
7f6d18220000-7f6d1826c000 r--p 0016d000 08:05 6430964                    /usr/lib/libc-2.28.so
7f6d1826c000-7f6d1826d000 ---p 001b9000 08:05 6430964                    /usr/lib/libc-2.28.so
7f6d1826d000-7f6d18271000 r--p 001b9000 08:05 6430964                    /usr/lib/libc-2.28.so
7f6d18271000-7f6d18273000 rw-p 001bd000 08:05 6430964                    /usr/lib/libc-2.28.so
7f6d18273000-7f6d18277000 rw-p 00000000 00:00 0 
7f6d18277000-7f6d18278000 r--s 00000000 08:05 1839254                    /home/a4l4e4x4/.gradle/caches/modules-2/files-2.1/org.springframework.boot/spring-boot-starter/2.0.3.RELEASE/ffaa050dbd36b0441645598f1a7ddaf67fd5e678/spring-boot-starter-2.0.3.RELEASE.jar
7f6d18278000-7f6d18279000 r--s 00000000 08:05 1839236                    /home/a4l4e4x4/.gradle/caches/modules-2/files-2.1/org.springframework.boot/spring-boot-starter-json/2.0.3.RELEASE/2e389a8727588c549c28bb277f0f573f65554850/spring-boot-starter-json-2.0.3.RELEASE.jar
7f6d18279000-7f6d1827a000 r--s 00000000 08:05 1839234                    /home/a4l4e4x4/.gradle/caches/modules-2/files-2.1/org.springframework.boot/spring-boot-starter-web/2.0.3.RELEASE/41fd4180bea3813de8f3c602b5a126218360315b/spring-boot-starter-web-2.0.3.RELEASE.jar
7f6d1827a000-7f6d1827b000 r--s 00000000 08:05 3014664                    /home/a4l4e4x4/.gradle/caches/modules-2/files-2.1/org.springframework.boot/spring-boot-starter-thymeleaf/2.0.3.RELEASE/7a8cf11f5b7faa244e1979df491811bc0c858743/spring-boot-starter-thymeleaf-2.0.3.RELEASE.jar
7f6d1827b000-7f6d1827c000 r--s 00000000 08:05 3015330                    /home/a4l4e4x4/.gradle/caches/modules-2/files-2.1/org.springframework.boot/spring-boot-starter-data-neo4j/2.0.3.RELEASE/a2addb9d753e3fad46669390d8194b24b382bd71/spring-boot-starter-data-neo4j-2.0.3.RELEASE.jar
7f6d1827c000-7f6d18284000 rw-s 00000000 00:2a 48                         /tmp/hsperfdata_a4l4e4x4/3629
7f6d18284000-7f6d18287000 r--p 00000000 08:05 6431001                    /usr/lib/libnss_files-2.28.so
7f6d18287000-7f6d1828e000 r-xp 00003000 08:05 6431001                    /usr/lib/libnss_files-2.28.so
7f6d1828e000-7f6d18291000 r--p 0000a000 08:05 6431001                    /usr/lib/libnss_files-2.28.so
7f6d18291000-7f6d18292000 r--p 0000c000 08:05 6431001                    /usr/lib/libnss_files-2.28.so
7f6d18292000-7f6d18293000 rw-p 0000d000 08:05 6431001                    /usr/lib/libnss_files-2.28.so
7f6d18293000-7f6d1829a000 rw-p 00000000 00:00 0 
7f6d1829a000-7f6d1829b000 ---p 00000000 00:00 0 
7f6d1829b000-7f6d182a0000 r--p 00000000 08:05 6684917                    /usr/lib/jvm/java-8-openjdk/jre/lib/amd64/libverify.so
7f6d182a0000-7f6d182a7000 r-xp 00005000 08:05 6684917                    /usr/lib/jvm/java-8-openjdk/jre/lib/amd64/libverify.so
7f6d182a7000-7f6d182a9000 r--p 0000c000 08:05 6684917                    /usr/lib/jvm/java-8-openjdk/jre/lib/amd64/libverify.so
7f6d182a9000-7f6d182ab000 r--p 0000d000 08:05 6684917                    /usr/lib/jvm/java-8-openjdk/jre/lib/amd64/libverify.so
7f6d182ab000-7f6d182ac000 rw-p 0000f000 08:05 6684917                    /usr/lib/jvm/java-8-openjdk/jre/lib/amd64/libverify.so
7f6d182ac000-7f6d182ae000 r--p 00000000 08:05 6817049                    /usr/lib/jvm/java-8-openjdk/jre/lib/amd64/jli/libjli.so
7f6d182ae000-7f6d182b7000 r-xp 00002000 08:05 6817049                    /usr/lib/jvm/java-8-openjdk/jre/lib/amd64/jli/libjli.so
7f6d182b7000-7f6d182ba000 r--p 0000b000 08:05 6817049                    /usr/lib/jvm/java-8-openjdk/jre/lib/amd64/jli/libjli.so
7f6d182ba000-7f6d182bb000 r--p 0000d000 08:05 6817049                    /usr/lib/jvm/java-8-openjdk/jre/lib/amd64/jli/libjli.so
7f6d182bb000-7f6d182bc000 rw-p 0000e000 08:05 6817049                    /usr/lib/jvm/java-8-openjdk/jre/lib/amd64/jli/libjli.so
7f6d182bc000-7f6d182be000 rw-p 00000000 00:00 0 
7f6d182be000-7f6d182c0000 r--p 00000000 08:05 6430953                    /usr/lib/ld-2.28.so
7f6d182c0000-7f6d182df000 r-xp 00002000 08:05 6430953                    /usr/lib/ld-2.28.so
7f6d182df000-7f6d182e7000 r--p 00021000 08:05 6430953                    /usr/lib/ld-2.28.so
7f6d182e7000-7f6d182e8000 r--p 00028000 08:05 6430953                    /usr/lib/ld-2.28.so
7f6d182e8000-7f6d182e9000 rw-p 00029000 08:05 6430953                    /usr/lib/ld-2.28.so
7f6d182e9000-7f6d182ea000 rw-p 00000000 00:00 0 
7ffd592fb000-7ffd5931f000 rw-p 00000000 00:00 0                          [stack]
7ffd593a8000-7ffd593ab000 r--p 00000000 00:00 0                          [vvar]
7ffd593ab000-7ffd593ad000 r-xp 00000000 00:00 0                          [vdso]
ffffffffff600000-ffffffffff601000 r-xp 00000000 00:00 0                  [vsyscall]

VM Arguments:
jvm_args: -Dcom.sun.management.jmxremote -Dcom.sun.management.jmxremote.port=38713 -Dcom.sun.management.jmxremote.authenticate=false -Dcom.sun.management.jmxremote.ssl=false -Djava.rmi.server.hostname=localhost -Dspring.liveBeansView.mbeanDomain -Dspring.application.admin.enabled=true -Djava.security.egd=file:/dev/./urandom -Xverify:none -XX:TieredStopAtLevel=1 -Dfile.encoding=UTF-8 
java_command: com.tfe.soundstudio.SoundStudioApplication --spring.output.ansi.enabled=always
java_class_path (initial): /usr/lib/jvm/java-8-openjdk/jre/lib/resources.jar:/usr/lib/jvm/java-8-openjdk/jre/lib/rt.jar:/usr/lib/jvm/java-8-openjdk/jre/lib/jsse.jar:/usr/lib/jvm/java-8-openjdk/jre/lib/jce.jar:/usr/lib/jvm/java-8-openjdk/jre/lib/charsets.jar:/usr/lib/jvm/java-8-openjdk/jre/lib/ext/localedata.jar:/usr/lib/jvm/java-8-openjdk/jre/lib/ext/cldrdata.jar:/usr/lib/jvm/java-8-openjdk/jre/lib/ext/sunpkcs11.jar:/usr/lib/jvm/java-8-openjdk/jre/lib/ext/jfxrt.jar:/usr/lib/jvm/java-8-openjdk/jre/lib/ext/zipfs.jar:/usr/lib/jvm/java-8-openjdk/jre/lib/ext/jaccess.jar:/usr/lib/jvm/java-8-openjdk/jre/lib/ext/sunec.jar:/usr/lib/jvm/java-8-openjdk/jre/lib/ext/dnsns.jar:/usr/lib/jvm/java-8-openjdk/jre/lib/ext/nashorn.jar:/usr/lib/jvm/java-8-openjdk/jre/lib/ext/sunjce_provider.jar:/home/a4l4e4x4/TFE_ISFCE/git/SoundStudio/bin/main:/home/a4l4e4x4/TFE_ISFCE/git/SoundStudio/bin/test:/home/a4l4e4x4/TFE_ISFCE/git/SoundStudio/bin/default:/home/a4l4e4x4/.gradle/caches/modules-2/files-2.1/org.springframework.boot/spring-boot-devtools/2.0.3.RELEASE/478e12e423b45d182a409f12a28fb9f0cddf84bf/spring-boot-devtools-2.0.3.RELEASE.jar:/home/a4l4e4x4/.gradle/caches/modules-2/files-2.1/org.springframework.boot/spring-boot-starter-data-neo4j/2.0.3.RELEASE/a2addb9d753e3fad46669390d8194b24b382bd71/spring-boot-starter-data-neo4j-2.0.3.RELEASE.jar:/home/a4l4e4x4/.gradle/caches/modules-2/files-2.1/org.springframework.boot/spring-boot-starter-thymeleaf/2.0.3.RELEASE/7a8cf11f5b7faa244e1979df491811bc0c858743/spring-boot-starter-thymeleaf-2.0.3.RELEASE.jar:/home/a4l4e4x4/.gradle/caches/modules-2/files-2.1/org.springframework.boot/spring-boot-starter-web/2.0.3.RELEASE/41fd4180bea3813de8f3c602b5a126218360315b/spring-boot-starter-web-2.0.3.RELEASE.jar:/home/a4l4e4x4/.gradle/caches/modules-2/files-2.1/org.springframework.boot/spring-boot-starter-json/2.0.3.RELEASE/2e389a8727588c549c28bb277f0f573f65554850/spring-boot-starter-json-2.0.3.RELEASE.jar:/home/a4l4e4x4/.gradle/caches/modules-2/files-2.1/org.sprin
Launcher Type: SUN_STANDARD

Environment Variables:
PATH=/usr/local/bin:/usr/bin:/bin:/usr/local/sbin:/usr/lib/jvm/default/bin:/usr/bin/site_perl:/usr/bin/vendor_perl:/usr/bin/core_perl
SHELL=/bin/bash
DISPLAY=:0

Signal Handlers:
SIGSEGV: [libjvm.so+0xa2bc40], sa_mask[0]=11111111011111111101111111111110, sa_flags=SA_RESTART|SA_SIGINFO
SIGBUS: [libjvm.so+0xa2bc40], sa_mask[0]=11111111011111111101111111111110, sa_flags=SA_RESTART|SA_SIGINFO
SIGFPE: [libjvm.so+0x8882f0], sa_mask[0]=11111111011111111101111111111110, sa_flags=SA_RESTART|SA_SIGINFO
SIGPIPE: [libjvm.so+0x8882f0], sa_mask[0]=11111111011111111101111111111110, sa_flags=SA_RESTART|SA_SIGINFO
SIGXFSZ: [libjvm.so+0x8882f0], sa_mask[0]=11111111011111111101111111111110, sa_flags=SA_RESTART|SA_SIGINFO
SIGILL: [libjvm.so+0x8882f0], sa_mask[0]=11111111011111111101111111111110, sa_flags=SA_RESTART|SA_SIGINFO
SIGUSR1: SIG_DFL, sa_mask[0]=00000000000000000000000000000000, sa_flags=none
SIGUSR2: [libjvm.so+0x888180], sa_mask[0]=00100000000000000000000000000000, sa_flags=SA_RESTART|SA_SIGINFO
SIGHUP: [libjvm.so+0x8883b0], sa_mask[0]=11111111011111111101111111111110, sa_flags=SA_RESTART|SA_SIGINFO
SIGINT: [libjvm.so+0x8883b0], sa_mask[0]=11111111011111111101111111111110, sa_flags=SA_RESTART|SA_SIGINFO
SIGTERM: [libjvm.so+0x8883b0], sa_mask[0]=11111111011111111101111111111110, sa_flags=SA_RESTART|SA_SIGINFO
SIGQUIT: [libjvm.so+0x8883b0], sa_mask[0]=11111111011111111101111111111110, sa_flags=SA_RESTART|SA_SIGINFO


---------------  S Y S T E M  ---------------

OS:DISTRIB_ID=ManjaroLinux
DISTRIB_RELEASE=17.1.12
DISTRIB_CODENAME=Hakoila
DISTRIB_DESCRIPTION="Manjaro Linux"

uname:Linux 4.14.71-1-MANJARO #1 SMP PREEMPT Thu Sep 20 05:29:20 UTC 2018 x86_64
libc:glibc 2.28 NPTL 2.28 
rlimit: STACK 8192k, CORE infinity, NPROC 31114, NOFILE 4096, AS infinity
load average:1.85 1.31 1.34

/proc/meminfo:
MemTotal:        8050100 kB
MemFree:          406304 kB
MemAvailable:     371844 kB
Buffers:            4140 kB
Cached:           390044 kB
SwapCached:            0 kB
Active:          7127192 kB
Inactive:         299584 kB
Active(anon):    7042752 kB
Inactive(anon):   218652 kB
Active(file):      84440 kB
Inactive(file):    80932 kB
Unevictable:          64 kB
Mlocked:              64 kB
SwapTotal:             0 kB
SwapFree:              0 kB
Dirty:               416 kB
Writeback:             0 kB
AnonPages:       7032776 kB
Mapped:           237588 kB
Shmem:            228764 kB
Slab:              89120 kB
SReclaimable:      43528 kB
SUnreclaim:        45592 kB
KernelStack:       11376 kB
PageTables:        33168 kB
NFS_Unstable:          0 kB
Bounce:                0 kB
WritebackTmp:          0 kB
CommitLimit:     4025048 kB
Committed_AS:   11012696 kB
VmallocTotal:   34359738367 kB
VmallocUsed:           0 kB
VmallocChunk:          0 kB
HardwareCorrupted:     0 kB
AnonHugePages:   3002368 kB
ShmemHugePages:        0 kB
ShmemPmdMapped:        0 kB
HugePages_Total:       0
HugePages_Free:        0
HugePages_Rsvd:        0
HugePages_Surp:        0
Hugepagesize:       2048 kB
DirectMap4k:      132104 kB
DirectMap2M:     6037504 kB
DirectMap1G:     3145728 kB


CPU:total 4 (initial active 4) (2 cores per cpu, 2 threads per core) family 6 model 142 stepping 9, cmov, cx8, fxsr, mmx, sse, sse2, sse3, ssse3, sse4.1, sse4.2, popcnt, avx, avx2, aes, clmul, erms, 3dnowpref, lzcnt, ht, tsc, tscinvbit, bmi1, bmi2, adx

/proc/cpuinfo:
processor	: 0
vendor_id	: GenuineIntel
cpu family	: 6
model		: 142
model name	: Intel(R) Core(TM) i5-7200U CPU @ 2.50GHz
stepping	: 9
microcode	: 0x8e
cpu MHz		: 3099.995
cache size	: 3072 KB
physical id	: 0
siblings	: 4
core id		: 0
cpu cores	: 2
apicid		: 0
initial apicid	: 0
fpu		: yes
fpu_exception	: yes
cpuid level	: 22
wp		: yes
flags		: fpu vme de pse tsc msr pae mce cx8 apic sep mtrr pge mca cmov pat pse36 clflush dts acpi mmx fxsr sse sse2 ss ht tm pbe syscall nx pdpe1gb rdtscp lm constant_tsc art arch_perfmon pebs bts rep_good nopl xtopology nonstop_tsc cpuid aperfmperf tsc_known_freq pni pclmulqdq dtes64 monitor ds_cpl vmx est tm2 ssse3 sdbg fma cx16 xtpr pdcm pcid sse4_1 sse4_2 x2apic movbe popcnt tsc_deadline_timer aes xsave avx f16c rdrand lahf_lm abm 3dnowprefetch cpuid_fault epb invpcid_single pti ssbd ibrs ibpb stibp tpr_shadow vnmi flexpriority ept vpid fsgsbase tsc_adjust bmi1 avx2 smep bmi2 erms invpcid mpx rdseed adx smap clflushopt intel_pt xsaveopt xsavec xgetbv1 xsaves dtherm ida arat pln pts hwp hwp_notify hwp_act_window hwp_epp flush_l1d
bugs		: cpu_meltdown spectre_v1 spectre_v2 spec_store_bypass l1tf
bogomips	: 5426.00
clflush size	: 64
cache_alignment	: 64
address sizes	: 39 bits physical, 48 bits virtual
power management:

processor	: 1
vendor_id	: GenuineIntel
cpu family	: 6
model		: 142
model name	: Intel(R) Core(TM) i5-7200U CPU @ 2.50GHz
stepping	: 9
microcode	: 0x8e
cpu MHz		: 3100.001
cache size	: 3072 KB
physical id	: 0
siblings	: 4
core id		: 1
cpu cores	: 2
apicid		: 2
initial apicid	: 2
fpu		: yes
fpu_exception	: yes
cpuid level	: 22
wp		: yes
flags		: fpu vme de pse tsc msr pae mce cx8 apic sep mtrr pge mca cmov pat pse36 clflush dts acpi mmx fxsr sse sse2 ss ht tm pbe syscall nx pdpe1gb rdtscp lm constant_tsc art arch_perfmon pebs bts rep_good nopl xtopology nonstop_tsc cpuid aperfmperf tsc_known_freq pni pclmulqdq dtes64 monitor ds_cpl vmx est tm2 ssse3 sdbg fma cx16 xtpr pdcm pcid sse4_1 sse4_2 x2apic movbe popcnt tsc_deadline_timer aes xsave avx f16c rdrand lahf_lm abm 3dnowprefetch cpuid_fault epb invpcid_single pti ssbd ibrs ibpb stibp tpr_shadow vnmi flexpriority ept vpid fsgsbase tsc_adjust bmi1 avx2 smep bmi2 erms invpcid mpx rdseed adx smap clflushopt intel_pt xsaveopt xsavec xgetbv1 xsaves dtherm ida arat pln pts hwp hwp_notify hwp_act_window hwp_epp flush_l1d
bugs		: cpu_meltdown spectre_v1 spectre_v2 spec_store_bypass l1tf
bogomips	: 5426.00
clflush size	: 64
cache_alignment	: 64
address sizes	: 39 bits physical, 48 bits virtual
power management:

processor	: 2
vendor_id	: GenuineIntel
cpu family	: 6
model		: 142
model name	: Intel(R) Core(TM) i5-7200U CPU @ 2.50GHz
stepping	: 9
microcode	: 0x8e
cpu MHz		: 3100.000
cache size	: 3072 KB
physical id	: 0
siblings	: 4
core id		: 0
cpu cores	: 2
apicid		: 1
initial apicid	: 1
fpu		: yes
fpu_exception	: yes
cpuid level	: 22
wp		: yes
flags		: fpu vme de pse tsc msr pae mce cx8 apic sep mtrr pge mca cmov pat pse36 clflush dts acpi mmx fxsr sse sse2 ss ht tm pbe syscall nx pdpe1gb rdtscp lm constant_tsc art arch_perfmon pebs bts rep_good nopl xtopology nonstop_tsc cpuid aperfmperf tsc_known_freq pni pclmulqdq dtes64 monitor ds_cpl vmx est tm2 ssse3 sdbg fma cx16 xtpr pdcm pcid sse4_1 sse4_2 x2apic movbe popcnt tsc_deadline_timer aes xsave avx f16c rdrand lahf_lm abm 3dnowprefetch cpuid_fault epb invpcid_single pti ssbd ibrs ibpb stibp tpr_shadow vnmi flexpriority ept vpid fsgsbase tsc_adjust bmi1 avx2 smep bmi2 erms invpcid mpx rdseed adx smap clflushopt intel_pt xsaveopt xsavec xgetbv1 xsaves dtherm ida arat pln pts hwp hwp_notify hwp_act_window hwp_epp flush_l1d
bugs		: cpu_meltdown spectre_v1 spectre_v2 spec_store_bypass l1tf
bogomips	: 5426.00
clflush size	: 64
cache_alignment	: 64
address sizes	: 39 bits physical, 48 bits virtual
power management:

processor	: 3
vendor_id	: GenuineIntel
cpu family	: 6
model		: 142
model name	: Intel(R) Core(TM) i5-7200U CPU @ 2.50GHz
stepping	: 9
microcode	: 0x8e
cpu MHz		: 3099.987
cache size	: 3072 KB
physical id	: 0
siblings	: 4
core id		: 1
cpu cores	: 2
apicid		: 3
initial apicid	: 3
fpu		: yes
fpu_exception	: yes
cpuid level	: 22
wp		: yes
flags		: fpu vme de pse tsc msr pae mce cx8 apic sep mtrr pge mca cmov pat pse36 clflush dts acpi mmx fxsr sse sse2 ss ht tm pbe syscall nx pdpe1gb rdtscp lm constant_tsc art arch_perfmon pebs bts rep_good nopl xtopology nonstop_tsc cpuid aperfmperf tsc_known_freq pni pclmulqdq dtes64 monitor ds_cpl vmx est tm2 ssse3 sdbg fma cx16 xtpr pdcm pcid sse4_1 sse4_2 x2apic movbe popcnt tsc_deadline_timer aes xsave avx f16c rdrand lahf_lm abm 3dnowprefetch cpuid_fault epb invpcid_single pti ssbd ibrs ibpb stibp tpr_shadow vnmi flexpriority ept vpid fsgsbase tsc_adjust bmi1 avx2 smep bmi2 erms invpcid mpx rdseed adx smap clflushopt intel_pt xsaveopt xsavec xgetbv1 xsaves dtherm ida arat pln pts hwp hwp_notify hwp_act_window hwp_epp flush_l1d
bugs		: cpu_meltdown spectre_v1 spectre_v2 spec_store_bypass l1tf
bogomips	: 5426.00
clflush size	: 64
cache_alignment	: 64
address sizes	: 39 bits physical, 48 bits virtual
power management:



Memory: 4k page, physical 8050100k(401824k free), swap 0k(0k free)

vm_info: OpenJDK 64-Bit Server VM (25.181-b13) for linux-amd64 JRE (1.8.0_181-b13), built on Aug 10 2018 18:36:50 by "builduser" with gcc 8.2.0

time: Tue Oct 23 20:26:16 2018
elapsed time: 1003 seconds (0d 0h 16m 43s)

